Downloading from central: https://repo.maven.apache.org/maven2/com/thoughtworks/qdox/qdox/2.0-M8/qdox-2.0-M8.jar
Downloaded from central: https://repo.maven.apache.org/maven2/classworlds/classworlds/1.1/classworlds-1.1.jar (38 kB at 278 kB/s)
Downloaded from central: https://repo.maven.apache.org/maven2/org/slf4j/jcl-over-slf4j/1.5.6/jcl-over-slf4j-1.5.6.jar (17 kB at 122 kB/s)
Downloaded from central: https://repo.maven.apache.org/maven2/org/apache/maven/maven-toolchain/2.2.1/maven-toolchain-2.2.1.jar (38 kB at 275 kB/s)
Progress (1): 4.1/316 kB
Progress (1): 8.2/316 kB
Progress (1): 12/316 kB 
Progress (1): 16/316 kB
Progress (1): 20/316 kB
Progress (1): 25/316 kB
Progress (1): 29/316 kB
Progress (1): 33/316 kB
Progress (1): 37/316 kB
Progress (1): 41/316 kB
Progress (1): 45/316 kB
Progress (1): 49/316 kB
Progress (1): 53/316 kB
Progress (1): 57/316 kB
Progress (1): 61/316 kB
Progress (1): 66/316 kB
Progress (1): 70/316 kB
Progress (1): 74/316 kB
Progress (1): 78/316 kB
Progress (1): 82/316 kB
Progress (1): 86/316 kB
Progress (1): 90/316 kB
Progress (1): 94/316 kB
Progress (1): 98/316 kB
Progress (1): 102/316 kB
Progress (1): 106/316 kB
Progress (1): 111/316 kB
Progress (1): 115/316 kB
Progress (1): 119/316 kB
Progress (1): 123/316 kB
Progress (1): 127/316 kB
Progress (1): 131/316 kB
Progress (1): 135/316 kB
Progress (1): 139/316 kB
Progress (1): 143/316 kB
Progress (1): 147/316 kB
Progress (1): 152/316 kB
Progress (1): 156/316 kB
Progress (1): 160/316 kB
Progress (1): 164/316 kB
Progress (1): 168/316 kB
Progress (1): 172/316 kB
Progress (1): 176/316 kB
Progress (1): 180/316 kB
Progress (1): 184/316 kB
Progress (1): 188/316 kB
Progress (1): 193/316 kB
Progress (1): 197/316 kB
Progress (1): 201/316 kB
Progress (1): 205/316 kB
Progress (1): 209/316 kB
Progress (1): 213/316 kB
Progress (1): 217/316 kB
Progress (1): 221/316 kB
Progress (1): 225/316 kB
Progress (1): 229/316 kB
Progress (1): 233/316 kB
Progress (1): 238/316 kB
Progress (1): 242/316 kB
Progress (1): 246/316 kB
Progress (1): 250/316 kB
Progress (1): 254/316 kB
Progress (1): 258/316 kB
Progress (1): 262/316 kB
Progress (1): 266/316 kB
Progress (1): 270/316 kB
Progress (1): 274/316 kB
Progress (1): 279/316 kB
Progress (1): 283/316 kB
Progress (1): 287/316 kB
Progress (1): 291/316 kB
Progress (1): 295/316 kB
Progress (1): 299/316 kB
Progress (1): 303/316 kB
Progress (1): 307/316 kB
Progress (1): 311/316 kB
Progress (1): 315/316 kB
Progress (1): 316 kB    
                    
Downloaded from central: https://repo.maven.apache.org/maven2/com/thoughtworks/qdox/qdox/2.0-M8/qdox-2.0-M8.jar (316 kB at 2.1 MB/s)
Downloading from central: https://repo.maven.apache.org/maven2/org/apache/maven/surefire/surefire-junit-platform/2.22.2/surefire-junit-platform-2.22.2.pom
Progress (1): 4.1/7.0 kB
Progress (1): 7.0 kB    
                    
Downloaded from central: https://repo.maven.apache.org/maven2/org/apache/maven/surefire/surefire-junit-platform/2.22.2/surefire-junit-platform-2.22.2.pom (7.0 kB at 1.4 MB/s)
Downloading from central: https://repo.maven.apache.org/maven2/org/apache/maven/surefire/surefire-providers/2.22.2/surefire-providers-2.22.2.pom
Progress (1): 2.5 kB
                    
Downloaded from central: https://repo.maven.apache.org/maven2/org/apache/maven/surefire/surefire-providers/2.22.2/surefire-providers-2.22.2.pom (2.5 kB at 622 kB/s)
Downloading from central: https://repo.maven.apache.org/maven2/org/junit/platform/junit-platform-launcher/1.3.1/junit-platform-launcher-1.3.1.pom
Progress (1): 2.2 kB
                    
Downloaded from central: https://repo.maven.apache.org/maven2/org/junit/platform/junit-platform-launcher/1.3.1/junit-platform-launcher-1.3.1.pom (2.2 kB at 370 kB/s)
Downloading from central: https://repo.maven.apache.org/maven2/org/apiguardian/apiguardian-api/1.0.0/apiguardian-api-1.0.0.pom
Progress (1): 1.2 kB
                    
Downloaded from central: https://repo.maven.apache.org/maven2/org/apiguardian/apiguardian-api/1.0.0/apiguardian-api-1.0.0.pom (1.2 kB at 234 kB/s)
Downloading from central: https://repo.maven.apache.org/maven2/org/junit/platform/junit-platform-engine/1.3.1/junit-platform-engine-1.3.1.pom
Progress (1): 2.4 kB
                    
Downloaded from central: https://repo.maven.apache.org/maven2/org/junit/platform/junit-platform-engine/1.3.1/junit-platform-engine-1.3.1.pom (2.4 kB at 598 kB/s)
Downloading from central: https://repo.maven.apache.org/maven2/org/junit/platform/junit-platform-commons/1.3.1/junit-platform-commons-1.3.1.pom
Progress (1): 2.0 kB
                    
Downloaded from central: https://repo.maven.apache.org/maven2/org/junit/platform/junit-platform-commons/1.3.1/junit-platform-commons-1.3.1.pom (2.0 kB at 404 kB/s)
Downloading from central: https://repo.maven.apache.org/maven2/org/opentest4j/opentest4j/1.1.1/opentest4j-1.1.1.pom
Progress (1): 1.7 kB
                    
Downloaded from central: https://repo.maven.apache.org/maven2/org/opentest4j/opentest4j/1.1.1/opentest4j-1.1.1.pom (1.7 kB at 337 kB/s)
Downloading from central: https://repo.maven.apache.org/maven2/org/apache/maven/surefire/surefire-junit-platform/2.22.2/surefire-junit-platform-2.22.2.jar
Downloading from central: https://repo.maven.apache.org/maven2/org/apiguardian/apiguardian-api/1.0.0/apiguardian-api-1.0.0.jar
Downloading from central: https://repo.maven.apache.org/maven2/org/junit/platform/junit-platform-engine/1.3.1/junit-platform-engine-1.3.1.jar
Downloading from central: https://repo.maven.apache.org/maven2/org/junit/platform/junit-platform-commons/1.3.1/junit-platform-commons-1.3.1.jar
Progress (1): 2.2 kB
Progress (2): 2.2 kB | 4.1/78 kB
                                
Downloading from central: https://repo.maven.apache.org/maven2/org/junit/platform/junit-platform-launcher/1.3.1/junit-platform-launcher-1.3.1.jar
Progress (2): 2.2 kB | 8.2/78 kB
Progress (2): 2.2 kB | 12/78 kB 
Progress (2): 2.2 kB | 16/78 kB
Progress (2): 2.2 kB | 20/78 kB
Progress (2): 2.2 kB | 25/78 kB
Progress (2): 2.2 kB | 29/78 kB
Progress (2): 2.2 kB | 33/78 kB
Progress (2): 2.2 kB | 37/78 kB
Progress (2): 2.2 kB | 41/78 kB
Progress (2): 2.2 kB | 45/78 kB
Progress (2): 2.2 kB | 49/78 kB
Progress (2): 2.2 kB | 53/78 kB
Progress (2): 2.2 kB | 57/78 kB
Progress (2): 2.2 kB | 61/78 kB
Progress (2): 2.2 kB | 66/78 kB
Progress (2): 2.2 kB | 70/78 kB
Progress (2): 2.2 kB | 74/78 kB
Progress (2): 2.2 kB | 78/78 kB
Progress (2): 2.2 kB | 78 kB   
Progress (3): 2.2 kB | 78 kB | 4.1/135 kB
Progress (3): 2.2 kB | 78 kB | 8.2/135 kB
Progress (3): 2.2 kB | 78 kB | 12/135 kB 
Progress (3): 2.2 kB | 78 kB | 16/135 kB
Progress (3): 2.2 kB | 78 kB | 20/135 kB
Progress (3): 2.2 kB | 78 kB | 25/135 kB
Progress (3): 2.2 kB | 78 kB | 29/135 kB
Progress (3): 2.2 kB | 78 kB | 33/135 kB
Progress (3): 2.2 kB | 78 kB | 37/135 kB
Progress (3): 2.2 kB | 78 kB | 41/135 kB
Progress (3): 2.2 kB | 78 kB | 45/135 kB
Progress (3): 2.2 kB | 78 kB | 49/135 kB
Progress (3): 2.2 kB | 78 kB | 53/135 kB
Progress (3): 2.2 kB | 78 kB | 57/135 kB
Progress (3): 2.2 kB | 78 kB | 61/135 kB
Progress (3): 2.2 kB | 78 kB | 66/135 kB
Progress (4): 2.2 kB | 78 kB | 66/135 kB | 4.1/95 kB
Progress (4): 2.2 kB | 78 kB | 66/135 kB | 8.2/95 kB
Progress (4): 2.2 kB | 78 kB | 70/135 kB | 8.2/95 kB
Progress (4): 2.2 kB | 78 kB | 70/135 kB | 12/95 kB 
Progress (4): 2.2 kB | 78 kB | 74/135 kB | 12/95 kB
Progress (4): 2.2 kB | 78 kB | 74/135 kB | 16/95 kB
Progress (4): 2.2 kB | 78 kB | 78/135 kB | 16/95 kB
Progress (4): 2.2 kB | 78 kB | 82/135 kB | 16/95 kB
Progress (4): 2.2 kB | 78 kB | 82/135 kB | 20/95 kB
Progress (4): 2.2 kB | 78 kB | 82/135 kB | 25/95 kB
Progress (4): 2.2 kB | 78 kB | 86/135 kB | 25/95 kB
Progress (4): 2.2 kB | 78 kB | 86/135 kB | 29/95 kB
Progress (4): 2.2 kB | 78 kB | 90/135 kB | 29/95 kB
Progress (4): 2.2 kB | 78 kB | 90/135 kB | 33/95 kB
Progress (4): 2.2 kB | 78 kB | 94/135 kB | 33/95 kB
Progress (4): 2.2 kB | 78 kB | 98/135 kB | 33/95 kB
Progress (4): 2.2 kB | 78 kB | 98/135 kB | 37/95 kB
Progress (4): 2.2 kB | 78 kB | 98/135 kB | 41/95 kB
Progress (4): 2.2 kB | 78 kB | 102/135 kB | 41/95 kB
Progress (4): 2.2 kB | 78 kB | 102/135 kB | 45/95 kB
Progress (4): 2.2 kB | 78 kB | 106/135 kB | 45/95 kB
Progress (4): 2.2 kB | 78 kB | 106/135 kB | 49/95 kB
Progress (4): 2.2 kB | 78 kB | 111/135 kB | 49/95 kB
Progress (4): 2.2 kB | 78 kB | 115/135 kB | 49/95 kB
Progress (4): 2.2 kB | 78 kB | 115/135 kB | 53/95 kB
Progress (4): 2.2 kB | 78 kB | 115/135 kB | 57/95 kB
Progress (4): 2.2 kB | 78 kB | 119/135 kB | 57/95 kB
Progress (4): 2.2 kB | 78 kB | 119/135 kB | 61/95 kB
Progress (4): 2.2 kB | 78 kB | 123/135 kB | 61/95 kB
Progress (4): 2.2 kB | 78 kB | 123/135 kB | 66/95 kB
Progress (4): 2.2 kB | 78 kB | 127/135 kB | 66/95 kB
Progress (4): 2.2 kB | 78 kB | 131/135 kB | 66/95 kB
Progress (4): 2.2 kB | 78 kB | 131/135 kB | 70/95 kB
Progress (4): 2.2 kB | 78 kB | 135 kB | 70/95 kB    
Progress (4): 2.2 kB | 78 kB | 135 kB | 74/95 kB
Progress (4): 2.2 kB | 78 kB | 135 kB | 78/95 kB
Progress (4): 2.2 kB | 78 kB | 135 kB | 82/95 kB
Progress (4): 2.2 kB | 78 kB | 135 kB | 86/95 kB
Progress (4): 2.2 kB | 78 kB | 135 kB | 90/95 kB
Progress (4): 2.2 kB | 78 kB | 135 kB | 94/95 kB
Progress (4): 2.2 kB | 78 kB | 135 kB | 95 kB   
                                             
Downloaded from central: https://repo.maven.apache.org/maven2/org/apiguardian/apiguardian-api/1.0.0/apiguardian-api-1.0.0.jar (2.2 kB at 216 kB/s)
Downloaded from central: https://repo.maven.apache.org/maven2/org/junit/platform/junit-platform-commons/1.3.1/junit-platform-commons-1.3.1.jar (78 kB at 7.8 MB/s)
Progress (3): 135 kB | 95 kB | 4.1/66 kB
Progress (3): 135 kB | 95 kB | 8.2/66 kB
Progress (3): 135 kB | 95 kB | 12/66 kB 
Progress (3): 135 kB | 95 kB | 16/66 kB
Progress (3): 135 kB | 95 kB | 20/66 kB
                                       
Downloaded from central: https://repo.maven.apache.org/maven2/org/junit/platform/junit-platform-launcher/1.3.1/junit-platform-launcher-1.3.1.jar (95 kB at 8.6 MB/s)
Progress (2): 135 kB | 25/66 kB
Progress (2): 135 kB | 29/66 kB
Progress (2): 135 kB | 33/66 kB
Progress (2): 135 kB | 37/66 kB
Progress (2): 135 kB | 41/66 kB
Progress (2): 135 kB | 45/66 kB
Progress (2): 135 kB | 49/66 kB
Progress (2): 135 kB | 53/66 kB
Progress (2): 135 kB | 57/66 kB
Progress (2): 135 kB | 61/66 kB
Progress (2): 135 kB | 66/66 kB
Progress (2): 135 kB | 66 kB   
                            
Downloading from central: https://repo.maven.apache.org/maven2/org/opentest4j/opentest4j/1.1.1/opentest4j-1.1.1.jar
Downloaded from central: https://repo.maven.apache.org/maven2/org/junit/platform/junit-platform-engine/1.3.1/junit-platform-engine-1.3.1.jar (135 kB at 8.4 MB/s)
Progress (2): 66 kB | 4.1/7.1 kB
Progress (2): 66 kB | 7.1 kB    
                            
Downloaded from central: https://repo.maven.apache.org/maven2/org/apache/maven/surefire/surefire-junit-platform/2.22.2/surefire-junit-platform-2.22.2.jar (66 kB at 3.0 MB/s)
Downloaded from central: https://repo.maven.apache.org/maven2/org/opentest4j/opentest4j/1.1.1/opentest4j-1.1.1.jar (7.1 kB at 1.0 MB/s)
[INFO] 
[INFO] -------------------------------------------------------
[INFO]  T E S T S
[INFO] -------------------------------------------------------
08:25:49.626 [main] DEBUG org.springframework.test.context.junit4.SpringJUnit4ClassRunner - SpringJUnit4ClassRunner constructor called with [class com.example.demo.SareetaApplicationTests]
08:25:49.635 [main] DEBUG org.springframework.test.context.BootstrapUtils - Instantiating CacheAwareContextLoaderDelegate from class [org.springframework.test.context.cache.DefaultCacheAwareContextLoaderDelegate]
08:25:49.646 [main] DEBUG org.springframework.test.context.BootstrapUtils - Instantiating BootstrapContext using constructor [public org.springframework.test.context.support.DefaultBootstrapContext(java.lang.Class,org.springframework.test.context.CacheAwareContextLoaderDelegate)]
08:25:49.734 [main] DEBUG org.springframework.test.context.BootstrapUtils - Instantiating TestContextBootstrapper for test class [com.example.demo.SareetaApplicationTests] from class [org.springframework.boot.test.context.SpringBootTestContextBootstrapper]
08:25:49.780 [main] INFO org.springframework.boot.test.context.SpringBootTestContextBootstrapper - Neither @ContextConfiguration nor @ContextHierarchy found for test class [com.example.demo.SareetaApplicationTests], using SpringBootContextLoader
08:25:49.785 [main] DEBUG org.springframework.test.context.support.AbstractContextLoader - Did not detect default resource location for test class [com.example.demo.SareetaApplicationTests]: class path resource [com/example/demo/SareetaApplicationTests-context.xml] does not exist
08:25:49.787 [main] DEBUG org.springframework.test.context.support.AbstractContextLoader - Did not detect default resource location for test class [com.example.demo.SareetaApplicationTests]: class path resource [com/example/demo/SareetaApplicationTestsContext.groovy] does not exist
08:25:49.787 [main] INFO org.springframework.test.context.support.AbstractContextLoader - Could not detect default resource locations for test class [com.example.demo.SareetaApplicationTests]: no resource found for suffixes {-context.xml, Context.groovy}.
08:25:49.788 [main] INFO org.springframework.test.context.support.AnnotationConfigContextLoaderUtils - Could not detect default configuration classes for test class [com.example.demo.SareetaApplicationTests]: SareetaApplicationTests does not declare any static, non-private, non-final, nested classes annotated with @Configuration.
08:25:49.879 [main] DEBUG org.springframework.test.context.support.ActiveProfilesUtils - Could not find an 'annotation declaring class' for annotation type [org.springframework.test.context.ActiveProfiles] and class [com.example.demo.SareetaApplicationTests]
08:25:49.982 [main] DEBUG org.springframework.context.annotation.ClassPathScanningCandidateComponentProvider - Identified candidate component class: file [/var/jenkins_home/workspace/jenkins-pt4/starter_code/target/classes/com/example/demo/SareetaApplication.class]
08:25:49.983 [main] INFO org.springframework.boot.test.context.SpringBootTestContextBootstrapper - Found @SpringBootConfiguration com.example.demo.SareetaApplication for test class com.example.demo.SareetaApplicationTests
08:25:50.127 [main] DEBUG org.springframework.boot.test.context.SpringBootTestContextBootstrapper - @TestExecutionListeners is not present for class [com.example.demo.SareetaApplicationTests]: using defaults.
08:25:50.127 [main] INFO org.springframework.boot.test.context.SpringBootTestContextBootstrapper - Loaded default TestExecutionListener class names from location [META-INF/spring.factories]: [org.springframework.boot.test.mock.mockito.MockitoTestExecutionListener, org.springframework.boot.test.mock.mockito.ResetMocksTestExecutionListener, org.springframework.boot.test.autoconfigure.restdocs.RestDocsTestExecutionListener, org.springframework.boot.test.autoconfigure.web.client.MockRestServiceServerResetTestExecutionListener, org.springframework.boot.test.autoconfigure.web.servlet.MockMvcPrintOnlyOnFailureTestExecutionListener, org.springframework.boot.test.autoconfigure.web.servlet.WebDriverTestExecutionListener, org.springframework.boot.test.autoconfigure.webservices.client.MockWebServiceServerTestExecutionListener, org.springframework.test.context.web.ServletTestExecutionListener, org.springframework.test.context.support.DirtiesContextBeforeModesTestExecutionListener, org.springframework.test.context.support.DependencyInjectionTestExecutionListener, org.springframework.test.context.support.DirtiesContextTestExecutionListener, org.springframework.test.context.transaction.TransactionalTestExecutionListener, org.springframework.test.context.jdbc.SqlScriptsTestExecutionListener, org.springframework.test.context.event.EventPublishingTestExecutionListener, org.springframework.security.test.context.support.WithSecurityContextTestExecutionListener, org.springframework.security.test.context.support.ReactorContextTestExecutionListener]
08:25:50.148 [main] INFO org.springframework.boot.test.context.SpringBootTestContextBootstrapper - Using TestExecutionListeners: [org.springframework.test.context.web.ServletTestExecutionListener@6187d1f5, org.springframework.test.context.support.DirtiesContextBeforeModesTestExecutionListener@2445445a, org.springframework.boot.test.mock.mockito.MockitoTestExecutionListener@7502291e, org.springframework.boot.test.autoconfigure.SpringBootDependencyInjectionTestExecutionListener@17aad511, org.springframework.test.context.support.DirtiesContextTestExecutionListener@487db668, org.springframework.test.context.transaction.TransactionalTestExecutionListener@46944ca9, org.springframework.test.context.jdbc.SqlScriptsTestExecutionListener@22bac7bc, org.springframework.test.context.event.EventPublishingTestExecutionListener@63798ca7, org.springframework.security.test.context.support.WithSecurityContextTestExecutionListener@4612b856, org.springframework.security.test.context.support.ReactorContextTestExecutionListener@22875539, org.springframework.boot.test.mock.mockito.ResetMocksTestExecutionListener@5674e1f2, org.springframework.boot.test.autoconfigure.restdocs.RestDocsTestExecutionListener@79c7532f, org.springframework.boot.test.autoconfigure.web.client.MockRestServiceServerResetTestExecutionListener@2a448449, org.springframework.boot.test.autoconfigure.web.servlet.MockMvcPrintOnlyOnFailureTestExecutionListener@32f232a5, org.springframework.boot.test.autoconfigure.web.servlet.WebDriverTestExecutionListener@43f82e78, org.springframework.boot.test.autoconfigure.webservices.client.MockWebServiceServerTestExecutionListener@e54303]
08:25:50.150 [main] DEBUG org.springframework.test.annotation.ProfileValueUtils - Retrieved @ProfileValueSourceConfiguration [null] for test class [com.example.demo.SareetaApplicationTests]
08:25:50.151 [main] DEBUG org.springframework.test.annotation.ProfileValueUtils - Retrieved ProfileValueSource type [class org.springframework.test.annotation.SystemProfileValueSource] for class [com.example.demo.SareetaApplicationTests]
08:25:50.154 [main] DEBUG org.springframework.test.annotation.ProfileValueUtils - Retrieved @ProfileValueSourceConfiguration [null] for test class [com.example.demo.SareetaApplicationTests]
08:25:50.154 [main] DEBUG org.springframework.test.annotation.ProfileValueUtils - Retrieved ProfileValueSource type [class org.springframework.test.annotation.SystemProfileValueSource] for class [com.example.demo.SareetaApplicationTests]
08:25:50.157 [main] DEBUG org.springframework.test.annotation.ProfileValueUtils - Retrieved @ProfileValueSourceConfiguration [null] for test class [com.example.demo.SareetaApplicationTests]
08:25:50.158 [main] DEBUG org.springframework.test.annotation.ProfileValueUtils - Retrieved ProfileValueSource type [class org.springframework.test.annotation.SystemProfileValueSource] for class [com.example.demo.SareetaApplicationTests]
08:25:50.239 [main] DEBUG org.springframework.test.context.junit4.SpringJUnit4ClassRunner - SpringJUnit4ClassRunner constructor called with [class com.example.demo.SareetaApplicationTests]
08:25:50.240 [main] DEBUG org.springframework.test.context.BootstrapUtils - Instantiating CacheAwareContextLoaderDelegate from class [org.springframework.test.context.cache.DefaultCacheAwareContextLoaderDelegate]
08:25:50.240 [main] DEBUG org.springframework.test.context.BootstrapUtils - Instantiating BootstrapContext using constructor [public org.springframework.test.context.support.DefaultBootstrapContext(java.lang.Class,org.springframework.test.context.CacheAwareContextLoaderDelegate)]
08:25:50.240 [main] DEBUG org.springframework.test.context.BootstrapUtils - Instantiating TestContextBootstrapper for test class [com.example.demo.SareetaApplicationTests] from class [org.springframework.boot.test.context.SpringBootTestContextBootstrapper]
08:25:50.241 [main] INFO org.springframework.boot.test.context.SpringBootTestContextBootstrapper - Neither @ContextConfiguration nor @ContextHierarchy found for test class [com.example.demo.SareetaApplicationTests], using SpringBootContextLoader
08:25:50.242 [main] DEBUG org.springframework.test.context.support.AbstractContextLoader - Did not detect default resource location for test class [com.example.demo.SareetaApplicationTests]: class path resource [com/example/demo/SareetaApplicationTests-context.xml] does not exist
08:25:50.243 [main] DEBUG org.springframework.test.context.support.AbstractContextLoader - Did not detect default resource location for test class [com.example.demo.SareetaApplicationTests]: class path resource [com/example/demo/SareetaApplicationTestsContext.groovy] does not exist
08:25:50.243 [main] INFO org.springframework.test.context.support.AbstractContextLoader - Could not detect default resource locations for test class [com.example.demo.SareetaApplicationTests]: no resource found for suffixes {-context.xml, Context.groovy}.
08:25:50.243 [main] INFO org.springframework.test.context.support.AnnotationConfigContextLoaderUtils - Could not detect default configuration classes for test class [com.example.demo.SareetaApplicationTests]: SareetaApplicationTests does not declare any static, non-private, non-final, nested classes annotated with @Configuration.
08:25:50.245 [main] DEBUG org.springframework.test.context.support.ActiveProfilesUtils - Could not find an 'annotation declaring class' for annotation type [org.springframework.test.context.ActiveProfiles] and class [com.example.demo.SareetaApplicationTests]
08:25:50.245 [main] INFO org.springframework.boot.test.context.SpringBootTestContextBootstrapper - Found @SpringBootConfiguration com.example.demo.SareetaApplication for test class com.example.demo.SareetaApplicationTests
08:25:50.251 [main] DEBUG org.springframework.boot.test.context.SpringBootTestContextBootstrapper - @TestExecutionListeners is not present for class [com.example.demo.SareetaApplicationTests]: using defaults.
08:25:50.251 [main] INFO org.springframework.boot.test.context.SpringBootTestContextBootstrapper - Loaded default TestExecutionListener class names from location [META-INF/spring.factories]: [org.springframework.boot.test.mock.mockito.MockitoTestExecutionListener, org.springframework.boot.test.mock.mockito.ResetMocksTestExecutionListener, org.springframework.boot.test.autoconfigure.restdocs.RestDocsTestExecutionListener, org.springframework.boot.test.autoconfigure.web.client.MockRestServiceServerResetTestExecutionListener, org.springframework.boot.test.autoconfigure.web.servlet.MockMvcPrintOnlyOnFailureTestExecutionListener, org.springframework.boot.test.autoconfigure.web.servlet.WebDriverTestExecutionListener, org.springframework.boot.test.autoconfigure.webservices.client.MockWebServiceServerTestExecutionListener, org.springframework.test.context.web.ServletTestExecutionListener, org.springframework.test.context.support.DirtiesContextBeforeModesTestExecutionListener, org.springframework.test.context.support.DependencyInjectionTestExecutionListener, org.springframework.test.context.support.DirtiesContextTestExecutionListener, org.springframework.test.context.transaction.TransactionalTestExecutionListener, org.springframework.test.context.jdbc.SqlScriptsTestExecutionListener, org.springframework.test.context.event.EventPublishingTestExecutionListener, org.springframework.security.test.context.support.WithSecurityContextTestExecutionListener, org.springframework.security.test.context.support.ReactorContextTestExecutionListener]
08:25:50.252 [main] INFO org.springframework.boot.test.context.SpringBootTestContextBootstrapper - Using TestExecutionListeners: [org.springframework.test.context.web.ServletTestExecutionListener@6c45ee6e, org.springframework.test.context.support.DirtiesContextBeforeModesTestExecutionListener@6b3e12b5, org.springframework.boot.test.mock.mockito.MockitoTestExecutionListener@5aac4250, org.springframework.boot.test.autoconfigure.SpringBootDependencyInjectionTestExecutionListener@1338fb5, org.springframework.test.context.support.DirtiesContextTestExecutionListener@42463763, org.springframework.test.context.transaction.TransactionalTestExecutionListener@59f63e24, org.springframework.test.context.jdbc.SqlScriptsTestExecutionListener@61f05988, org.springframework.test.context.event.EventPublishingTestExecutionListener@7ca33c24, org.springframework.security.test.context.support.WithSecurityContextTestExecutionListener@fade1fc, org.springframework.security.test.context.support.ReactorContextTestExecutionListener@67c2e933, org.springframework.boot.test.mock.mockito.ResetMocksTestExecutionListener@41dd05a, org.springframework.boot.test.autoconfigure.restdocs.RestDocsTestExecutionListener@613a8ee1, org.springframework.boot.test.autoconfigure.web.client.MockRestServiceServerResetTestExecutionListener@178213b, org.springframework.boot.test.autoconfigure.web.servlet.MockMvcPrintOnlyOnFailureTestExecutionListener@7103cb56, org.springframework.boot.test.autoconfigure.web.servlet.WebDriverTestExecutionListener@1b765a2c, org.springframework.boot.test.autoconfigure.webservices.client.MockWebServiceServerTestExecutionListener@2e8e8225]
08:25:50.252 [main] DEBUG org.springframework.test.annotation.ProfileValueUtils - Retrieved @ProfileValueSourceConfiguration [null] for test class [com.example.demo.SareetaApplicationTests]
08:25:50.252 [main] DEBUG org.springframework.test.annotation.ProfileValueUtils - Retrieved ProfileValueSource type [class org.springframework.test.annotation.SystemProfileValueSource] for class [com.example.demo.SareetaApplicationTests]
08:25:50.252 [main] DEBUG org.springframework.test.annotation.ProfileValueUtils - Retrieved @ProfileValueSourceConfiguration [null] for test class [com.example.demo.SareetaApplicationTests]
08:25:50.252 [main] DEBUG org.springframework.test.annotation.ProfileValueUtils - Retrieved ProfileValueSource type [class org.springframework.test.annotation.SystemProfileValueSource] for class [com.example.demo.SareetaApplicationTests]
08:25:50.252 [main] DEBUG org.springframework.test.annotation.ProfileValueUtils - Retrieved @ProfileValueSourceConfiguration [null] for test class [com.example.demo.SareetaApplicationTests]
08:25:50.253 [main] DEBUG org.springframework.test.annotation.ProfileValueUtils - Retrieved ProfileValueSource type [class org.springframework.test.annotation.SystemProfileValueSource] for class [com.example.demo.SareetaApplicationTests]
08:25:50.317 [main] DEBUG org.springframework.test.annotation.ProfileValueUtils - Retrieved @ProfileValueSourceConfiguration [null] for test class [com.example.demo.SareetaApplicationTests]
08:25:50.317 [main] DEBUG org.springframework.test.annotation.ProfileValueUtils - Retrieved ProfileValueSource type [class org.springframework.test.annotation.SystemProfileValueSource] for class [com.example.demo.SareetaApplicationTests]
[INFO] Running com.example.demo.SareetaApplicationTests
08:25:50.320 [main] DEBUG org.springframework.test.annotation.ProfileValueUtils - Retrieved @ProfileValueSourceConfiguration [null] for test class [com.example.demo.SareetaApplicationTests]
08:25:50.320 [main] DEBUG org.springframework.test.annotation.ProfileValueUtils - Retrieved ProfileValueSource type [class org.springframework.test.annotation.SystemProfileValueSource] for class [com.example.demo.SareetaApplicationTests]
08:25:50.321 [main] DEBUG org.springframework.test.annotation.ProfileValueUtils - Retrieved @ProfileValueSourceConfiguration [null] for test class [com.example.demo.SareetaApplicationTests]
08:25:50.321 [main] DEBUG org.springframework.test.annotation.ProfileValueUtils - Retrieved ProfileValueSource type [class org.springframework.test.annotation.SystemProfileValueSource] for class [com.example.demo.SareetaApplicationTests]
08:25:50.327 [main] DEBUG org.springframework.test.context.support.AbstractDirtiesContextTestExecutionListener - Before test class: context [DefaultTestContext@6da00fb9 testClass = SareetaApplicationTests, testInstance = [null], testMethod = [null], testException = [null], mergedContextConfiguration = [WebMergedContextConfiguration@a202ccb testClass = SareetaApplicationTests, locations = '{}', classes = '{class com.example.demo.SareetaApplication}', contextInitializerClasses = '[]', activeProfiles = '{}', propertySourceLocations = '{}', propertySourceProperties = '{org.springframework.boot.test.context.SpringBootTestContextBootstrapper=true}', contextCustomizers = set[org.springframework.boot.test.context.filter.ExcludeFilterContextCustomizer@1cf6d1be, org.springframework.boot.test.json.DuplicateJsonObjectContextCustomizerFactory$DuplicateJsonObjectContextCustomizer@795509d9, org.springframework.boot.test.mock.mockito.MockitoContextCustomizer@0, org.springframework.boot.test.web.client.TestRestTemplateContextCustomizer@72cc7e6f, org.springframework.boot.test.autoconfigure.properties.PropertyMappingContextCustomizer@0, org.springframework.boot.test.autoconfigure.web.servlet.WebDriverContextCustomizerFactory$Customizer@231f98ef, org.springframework.boot.test.context.SpringBootTestArgs@1], resourceBasePath = 'src/main/webapp', contextLoader = 'org.springframework.boot.test.context.SpringBootContextLoader', parent = [null]], attributes = map['org.springframework.test.context.web.ServletTestExecutionListener.activateListener' -> true]], class annotated with @DirtiesContext [false] with mode [null].
08:25:50.329 [main] DEBUG org.springframework.test.annotation.ProfileValueUtils - Retrieved @ProfileValueSourceConfiguration [null] for test class [com.example.demo.SareetaApplicationTests]
08:25:50.329 [main] DEBUG org.springframework.test.annotation.ProfileValueUtils - Retrieved ProfileValueSource type [class org.springframework.test.annotation.SystemProfileValueSource] for class [com.example.demo.SareetaApplicationTests]
08:25:50.352 [main] DEBUG org.springframework.test.context.support.TestPropertySourceUtils - Adding inlined properties to environment: {spring.jmx.enabled=false, org.springframework.boot.test.context.SpringBootTestContextBootstrapper=true}

  .   ____          _            __ _ _
 /\\ / ___'_ __ _ _(_)_ __  __ _ \ \ \ \
( ( )\___ | '_ | '_| | '_ \/ _` | \ \ \ \
 \\/  ___)| |_)| | | | | || (_| |  ) ) ) )
  '  |____| .__|_| |_|_| |_\__, | / / / /
 =========|_|==============|___/=/_/_/_/
 :: Spring Boot ::        (v2.3.2.RELEASE)

2023-10-11 08:25:50.914  INFO 4181 --- [           main] c.example.demo.SareetaApplicationTests   : Starting SareetaApplicationTests on eb21c595bad3 with PID 4181 (started by root in /var/jenkins_home/workspace/jenkins-pt4/starter_code)
2023-10-11 08:25:50.925  INFO 4181 --- [           main] c.example.demo.SareetaApplicationTests   : No active profile set, falling back to default profiles: default
2023-10-11 08:25:51.672  INFO 4181 --- [           main] .s.d.r.c.RepositoryConfigurationDelegate : Bootstrapping Spring Data JPA repositories in DEFAULT mode.
2023-10-11 08:25:51.770  INFO 4181 --- [           main] .s.d.r.c.RepositoryConfigurationDelegate : Finished Spring Data repository scanning in 86ms. Found 4 JPA repository interfaces.
2023-10-11 08:25:52.819  INFO 4181 --- [           main] o.hibernate.jpa.internal.util.LogHelper  : HHH000204: Processing PersistenceUnitInfo [name: default]
2023-10-11 08:25:52.884  INFO 4181 --- [           main] org.hibernate.Version                    : HHH000412: Hibernate ORM core version 5.4.18.Final
2023-10-11 08:25:53.062  INFO 4181 --- [           main] o.hibernate.annotations.common.Version   : HCANN000001: Hibernate Commons Annotations {5.1.0.Final}
2023-10-11 08:25:53.182  INFO 4181 --- [           main] com.zaxxer.hikari.HikariDataSource       : HikariPool-1 - Starting...
2023-10-11 08:25:53.415  INFO 4181 --- [           main] com.zaxxer.hikari.HikariDataSource       : HikariPool-1 - Start completed.
2023-10-11 08:25:53.437  INFO 4181 --- [           main] org.hibernate.dialect.Dialect            : HHH000400: Using dialect: org.hibernate.dialect.H2Dialect
2023-10-11 08:25:54.519  INFO 4181 --- [           main] o.h.e.t.j.p.i.JtaPlatformInitiator       : HHH000490: Using JtaPlatform implementation: [org.hibernate.engine.transaction.jta.platform.internal.NoJtaPlatform]
2023-10-11 08:25:54.530  INFO 4181 --- [           main] j.LocalContainerEntityManagerFactoryBean : Initialized JPA EntityManagerFactory for persistence unit 'default'
2023-10-11 08:25:55.149  WARN 4181 --- [           main] JpaBaseConfiguration$JpaWebConfiguration : spring.jpa.open-in-view is enabled by default. Therefore, database queries may be performed during view rendering. Explicitly configure spring.jpa.open-in-view to disable this warning
2023-10-11 08:25:55.848  INFO 4181 --- [           main] o.s.s.web.DefaultSecurityFilterChain     : Creating filter chain: any request, [org.springframework.security.web.context.request.async.WebAsyncManagerIntegrationFilter@2f64f99f, org.springframework.security.web.context.SecurityContextPersistenceFilter@dbcf7c3, org.springframework.security.web.header.HeaderWriterFilter@66d44581, org.springframework.web.filter.CorsFilter@16c1d11, org.springframework.security.web.authentication.logout.LogoutFilter@76b019c4, com.example.demo.security.JWTAuthenticationFilter@123d0816, com.example.demo.security.JWTAuthenticationVerficationFilter@4601a148, org.springframework.security.web.savedrequest.RequestCacheAwareFilter@2ea4e762, org.springframework.security.web.servletapi.SecurityContextHolderAwareRequestFilter@4d90d91f, org.springframework.security.web.authentication.AnonymousAuthenticationFilter@4e210016, org.springframework.security.web.session.SessionManagementFilter@70eb94d7, org.springframework.security.web.access.ExceptionTranslationFilter@65a66a75, org.springframework.security.web.access.intercept.FilterSecurityInterceptor@288b8663]
2023-10-11 08:25:56.098  INFO 4181 --- [           main] o.s.s.concurrent.ThreadPoolTaskExecutor  : Initializing ExecutorService 'applicationTaskExecutor'
2023-10-11 08:25:56.387  INFO 4181 --- [           main] c.example.demo.SareetaApplicationTests   : Started SareetaApplicationTests in 6.026 seconds (JVM running for 7.689)
[INFO] Tests run: 1, Failures: 0, Errors: 0, Skipped: 0, Time elapsed: 6.21 s - in com.example.demo.SareetaApplicationTests
[INFO] Running com.example.demo.controllerTest.CartControllerTest
[INFO] Tests run: 4, Failures: 0, Errors: 0, Skipped: 0, Time elapsed: 0.262 s - in com.example.demo.controllerTest.CartControllerTest
[INFO] Running com.example.demo.controllerTest.ItemControllerTest
[INFO] Tests run: 5, Failures: 0, Errors: 0, Skipped: 0, Time elapsed: 0.018 s - in com.example.demo.controllerTest.ItemControllerTest
[INFO] Running com.example.demo.controllerTest.UserControllerTest
[INFO] Tests run: 4, Failures: 0, Errors: 0, Skipped: 0, Time elapsed: 0.037 s - in com.example.demo.controllerTest.UserControllerTest
[INFO] Running com.example.demo.controllerTest.OrderControllerTest
[INFO] Tests run: 2, Failures: 0, Errors: 0, Skipped: 0, Time elapsed: 0.064 s - in com.example.demo.controllerTest.OrderControllerTest
2023-10-11 08:25:57.028  INFO 4181 --- [extShutdownHook] o.s.s.concurrent.ThreadPoolTaskExecutor  : Shutting down ExecutorService 'applicationTaskExecutor'
2023-10-11 08:25:57.031  INFO 4181 --- [extShutdownHook] j.LocalContainerEntityManagerFactoryBean : Closing JPA EntityManagerFactory for persistence unit 'default'
2023-10-11 08:25:57.034  INFO 4181 --- [extShutdownHook] com.zaxxer.hikari.HikariDataSource       : HikariPool-1 - Shutdown initiated...
2023-10-11 08:25:57.040  INFO 4181 --- [extShutdownHook] com.zaxxer.hikari.HikariDataSource       : HikariPool-1 - Shutdown completed.
[INFO] 
[INFO] Results:
[INFO] 
[INFO] Tests run: 16, Failures: 0, Errors: 0, Skipped: 0
[INFO] 
[INFO] 
[INFO] --- maven-jar-plugin:3.1.1:jar (default-jar) @ auth-course ---
Downloading from central: https://repo.maven.apache.org/maven2/org/apache/maven/maven-archiver/3.3.0/maven-archiver-3.3.0.pom
Progress (1): 4.1/4.4 kB
Progress (1): 4.4 kB    
                    
Downloaded from central: https://repo.maven.apache.org/maven2/org/apache/maven/maven-archiver/3.3.0/maven-archiver-3.3.0.pom (4.4 kB at 633 kB/s)
Downloading from central: https://repo.maven.apache.org/maven2/org/apache/maven/shared/maven-shared-components/33/maven-shared-components-33.pom
Progress (1): 4.1/5.1 kB
Progress (1): 5.1 kB    
                    
Downloaded from central: https://repo.maven.apache.org/maven2/org/apache/maven/shared/maven-shared-components/33/maven-shared-components-33.pom (5.1 kB at 849 kB/s)
Downloading from central: https://repo.maven.apache.org/maven2/org/codehaus/plexus/plexus-archiver/3.6.0/plexus-archiver-3.6.0.pom
Progress (1): 4.1/4.8 kB
Progress (1): 4.8 kB    
                    
Downloaded from central: https://repo.maven.apache.org/maven2/org/codehaus/plexus/plexus-archiver/3.6.0/plexus-archiver-3.6.0.pom (4.8 kB at 963 kB/s)
Downloading from central: https://repo.maven.apache.org/maven2/org/codehaus/plexus/plexus/5.0/plexus-5.0.pom
Progress (1): 4.1/21 kB
Progress (1): 8.2/21 kB
Progress (1): 12/21 kB 
Progress (1): 16/21 kB
Progress (1): 20/21 kB
Progress (1): 21 kB   
                   
Downloaded from central: https://repo.maven.apache.org/maven2/org/codehaus/plexus/plexus/5.0/plexus-5.0.pom (21 kB at 3.6 MB/s)
Downloading from central: https://repo.maven.apache.org/maven2/org/codehaus/plexus/plexus-io/3.0.1/plexus-io-3.0.1.pom
Progress (1): 4.1/4.5 kB
Progress (1): 4.5 kB    
                    
Downloaded from central: https://repo.maven.apache.org/maven2/org/codehaus/plexus/plexus-io/3.0.1/plexus-io-3.0.1.pom (4.5 kB at 909 kB/s)
Downloading from central: https://repo.maven.apache.org/maven2/commons-io/commons-io/2.6/commons-io-2.6.pom
Progress (1): 4.1/14 kB
Progress (1): 8.2/14 kB
Progress (1): 12/14 kB 
Progress (1): 14 kB   
                   
Downloaded from central: https://repo.maven.apache.org/maven2/commons-io/commons-io/2.6/commons-io-2.6.pom (14 kB at 2.0 MB/s)
Downloading from central: https://repo.maven.apache.org/maven2/org/apache/commons/commons-parent/42/commons-parent-42.pom
Progress (1): 4.1/68 kB
Progress (1): 8.2/68 kB
Progress (1): 12/68 kB 
Progress (1): 16/68 kB
Progress (1): 20/68 kB
Progress (1): 25/68 kB
Progress (1): 29/68 kB
Progress (1): 33/68 kB
Progress (1): 37/68 kB
Progress (1): 41/68 kB
Progress (1): 45/68 kB
Progress (1): 49/68 kB
Progress (1): 53/68 kB
Progress (1): 57/68 kB
Progress (1): 61/68 kB
Progress (1): 66/68 kB
Progress (1): 68 kB   
                   
Downloaded from central: https://repo.maven.apache.org/maven2/org/apache/commons/commons-parent/42/commons-parent-42.pom (68 kB at 11 MB/s)
Downloading from central: https://repo.maven.apache.org/maven2/org/apache/commons/commons-compress/1.16.1/commons-compress-1.16.1.pom
Progress (1): 4.1/16 kB
Progress (1): 8.2/16 kB
Progress (1): 12/16 kB 
Progress (1): 16 kB   
                   
Downloaded from central: https://repo.maven.apache.org/maven2/org/apache/commons/commons-compress/1.16.1/commons-compress-1.16.1.pom (16 kB at 1.6 MB/s)
Downloading from central: https://repo.maven.apache.org/maven2/org/apache/commons/commons-parent/43/commons-parent-43.pom
Progress (1): 4.1/70 kB
Progress (1): 8.2/70 kB
Progress (1): 12/70 kB 
Progress (1): 16/70 kB
Progress (1): 20/70 kB
Progress (1): 25/70 kB
Progress (1): 29/70 kB
Progress (1): 33/70 kB
Progress (1): 37/70 kB
Progress (1): 41/70 kB
Progress (1): 45/70 kB
Progress (1): 49/70 kB
Progress (1): 53/70 kB
Progress (1): 57/70 kB
Progress (1): 61/70 kB
Progress (1): 66/70 kB
Progress (1): 70/70 kB
Progress (1): 70 kB   
                   
Downloaded from central: https://repo.maven.apache.org/maven2/org/apache/commons/commons-parent/43/commons-parent-43.pom (70 kB at 7.8 MB/s)
Downloading from central: https://repo.maven.apache.org/maven2/org/iq80/snappy/snappy/0.4/snappy-0.4.pom
Progress (1): 4.1/15 kB
Progress (1): 8.2/15 kB
Progress (1): 12/15 kB 
Progress (1): 15 kB   
                   
Downloaded from central: https://repo.maven.apache.org/maven2/org/iq80/snappy/snappy/0.4/snappy-0.4.pom (15 kB at 1.1 MB/s)
Downloading from central: https://repo.maven.apache.org/maven2/org/tukaani/xz/1.8/xz-1.8.pom
Progress (1): 1.9 kB
                    
Downloaded from central: https://repo.maven.apache.org/maven2/org/tukaani/xz/1.8/xz-1.8.pom (1.9 kB at 272 kB/s)
Downloading from central: https://repo.maven.apache.org/maven2/org/codehaus/plexus/plexus-interpolation/1.25/plexus-interpolation-1.25.pom
Progress (1): 2.6 kB
                    
Downloaded from central: https://repo.maven.apache.org/maven2/org/codehaus/plexus/plexus-interpolation/1.25/plexus-interpolation-1.25.pom (2.6 kB at 529 kB/s)
Downloading from central: https://repo.maven.apache.org/maven2/org/codehaus/plexus/plexus/5.1/plexus-5.1.pom
Progress (1): 4.1/23 kB
Progress (1): 8.2/23 kB
Progress (1): 12/23 kB 
Progress (1): 16/23 kB
Progress (1): 20/23 kB
Progress (1): 23 kB   
                   
Downloaded from central: https://repo.maven.apache.org/maven2/org/codehaus/plexus/plexus/5.1/plexus-5.1.pom (23 kB at 3.8 MB/s)
Downloading from central: https://repo.maven.apache.org/maven2/org/codehaus/plexus/plexus-archiver/3.7.0/plexus-archiver-3.7.0.pom
Progress (1): 4.1/4.8 kB
Progress (1): 4.8 kB    
                    
Downloaded from central: https://repo.maven.apache.org/maven2/org/codehaus/plexus/plexus-archiver/3.7.0/plexus-archiver-3.7.0.pom (4.8 kB at 691 kB/s)
Downloading from central: https://repo.maven.apache.org/maven2/org/codehaus/plexus/plexus-io/3.1.0/plexus-io-3.1.0.pom
Progress (1): 4.1/4.5 kB
Progress (1): 4.5 kB    
                    
Downloaded from central: https://repo.maven.apache.org/maven2/org/codehaus/plexus/plexus-io/3.1.0/plexus-io-3.1.0.pom (4.5 kB at 649 kB/s)
Downloading from central: https://repo.maven.apache.org/maven2/org/apache/commons/commons-compress/1.18/commons-compress-1.18.pom
Progress (1): 4.1/18 kB
Progress (1): 8.2/18 kB
Progress (1): 12/18 kB 
Progress (1): 16/18 kB
Progress (1): 18 kB   
                   
Downloaded from central: https://repo.maven.apache.org/maven2/org/apache/commons/commons-compress/1.18/commons-compress-1.18.pom (18 kB at 3.6 MB/s)
Downloading from central: https://repo.maven.apache.org/maven2/org/apache/commons/commons-parent/47/commons-parent-47.pom
Progress (1): 4.1/78 kB
Progress (1): 8.2/78 kB
Progress (1): 12/78 kB 
Progress (1): 16/78 kB
Progress (1): 20/78 kB
Progress (1): 25/78 kB
Progress (1): 29/78 kB
Progress (1): 33/78 kB
Progress (1): 37/78 kB
Progress (1): 41/78 kB
Progress (1): 45/78 kB
Progress (1): 49/78 kB
Progress (1): 53/78 kB
Progress (1): 57/78 kB
Progress (1): 61/78 kB
Progress (1): 66/78 kB
Progress (1): 70/78 kB
Progress (1): 74/78 kB
Progress (1): 78 kB   
                   
Downloaded from central: https://repo.maven.apache.org/maven2/org/apache/commons/commons-parent/47/commons-parent-47.pom (78 kB at 11 MB/s)
Downloading from central: https://repo.maven.apache.org/maven2/org/apache/maven/maven-archiver/3.3.0/maven-archiver-3.3.0.jar
Downloading from central: https://repo.maven.apache.org/maven2/org/codehaus/plexus/plexus-archiver/3.7.0/plexus-archiver-3.7.0.jar
Downloading from central: https://repo.maven.apache.org/maven2/org/codehaus/plexus/plexus-io/3.1.0/plexus-io-3.1.0.jar
Progress (1): 4.1/24 kB
Progress (1): 8.2/24 kB
Progress (1): 12/24 kB 
Progress (1): 16/24 kB
Progress (1): 20/24 kB
Progress (1): 24 kB   
                   
Downloaded from central: https://repo.maven.apache.org/maven2/org/apache/maven/maven-archiver/3.3.0/maven-archiver-3.3.0.jar (24 kB at 3.4 MB/s)
Downloading from central: https://repo.maven.apache.org/maven2/org/tukaani/xz/1.8/xz-1.8.jar
Downloading from central: https://repo.maven.apache.org/maven2/org/apache/commons/commons-compress/1.18/commons-compress-1.18.jar
Downloading from central: https://repo.maven.apache.org/maven2/org/iq80/snappy/snappy/0.4/snappy-0.4.jar
Progress (1): 4.1/75 kB
Progress (1): 8.2/75 kB
Progress (1): 12/75 kB 
Progress (1): 16/75 kB
Progress (1): 20/75 kB
Progress (1): 25/75 kB
Progress (1): 29/75 kB
Progress (1): 33/75 kB
Progress (1): 37/75 kB
Progress (1): 41/75 kB
Progress (1): 45/75 kB
Progress (1): 49/75 kB
Progress (2): 49/75 kB | 4.1/109 kB
Progress (3): 49/75 kB | 4.1/109 kB | 4.1/192 kB
Progress (3): 49/75 kB | 4.1/109 kB | 8.2/192 kB
Progress (3): 49/75 kB | 4.1/109 kB | 12/192 kB 
Progress (3): 49/75 kB | 4.1/109 kB | 16/192 kB
Progress (3): 49/75 kB | 8.2/109 kB | 16/192 kB
Progress (3): 49/75 kB | 12/109 kB | 16/192 kB 
Progress (3): 49/75 kB | 12/109 kB | 20/192 kB
Progress (3): 49/75 kB | 16/109 kB | 20/192 kB
Progress (3): 49/75 kB | 16/109 kB | 25/192 kB
Progress (3): 49/75 kB | 16/109 kB | 29/192 kB
Progress (3): 49/75 kB | 16/109 kB | 33/192 kB
Progress (3): 49/75 kB | 16/109 kB | 37/192 kB
Progress (3): 49/75 kB | 16/109 kB | 41/192 kB
Progress (3): 49/75 kB | 20/109 kB | 41/192 kB
Progress (3): 49/75 kB | 20/109 kB | 45/192 kB
Progress (3): 49/75 kB | 25/109 kB | 45/192 kB
Progress (3): 49/75 kB | 25/109 kB | 49/192 kB
Progress (3): 49/75 kB | 29/109 kB | 49/192 kB
Progress (3): 49/75 kB | 33/109 kB | 49/192 kB
Progress (3): 49/75 kB | 33/109 kB | 53/192 kB
Progress (3): 49/75 kB | 33/109 kB | 57/192 kB
Progress (3): 49/75 kB | 33/109 kB | 61/192 kB
Progress (3): 49/75 kB | 37/109 kB | 61/192 kB
Progress (3): 49/75 kB | 37/109 kB | 66/192 kB
Progress (3): 49/75 kB | 41/109 kB | 66/192 kB
Progress (3): 49/75 kB | 45/109 kB | 66/192 kB
Progress (3): 49/75 kB | 45/109 kB | 70/192 kB
Progress (3): 49/75 kB | 45/109 kB | 74/192 kB
Progress (3): 49/75 kB | 45/109 kB | 78/192 kB
Progress (3): 53/75 kB | 45/109 kB | 78/192 kB
Progress (3): 53/75 kB | 49/109 kB | 78/192 kB
Progress (3): 57/75 kB | 49/109 kB | 78/192 kB
Progress (3): 61/75 kB | 49/109 kB | 78/192 kB
Progress (3): 66/75 kB | 49/109 kB | 78/192 kB
Progress (3): 66/75 kB | 49/109 kB | 82/192 kB
Progress (3): 70/75 kB | 49/109 kB | 82/192 kB
Progress (3): 74/75 kB | 49/109 kB | 82/192 kB
Progress (3): 74/75 kB | 53/109 kB | 82/192 kB
Progress (3): 74/75 kB | 57/109 kB | 82/192 kB
Progress (3): 75 kB | 57/109 kB | 82/192 kB   
Progress (3): 75 kB | 57/109 kB | 86/192 kB
Progress (3): 75 kB | 57/109 kB | 90/192 kB
Progress (3): 75 kB | 57/109 kB | 94/192 kB
Progress (3): 75 kB | 57/109 kB | 98/192 kB
Progress (3): 75 kB | 57/109 kB | 102/192 kB
Progress (3): 75 kB | 57/109 kB | 106/192 kB
Progress (3): 75 kB | 57/109 kB | 111/192 kB
Progress (3): 75 kB | 57/109 kB | 115/192 kB
Progress (3): 75 kB | 57/109 kB | 119/192 kB
Progress (3): 75 kB | 57/109 kB | 123/192 kB
Progress (3): 75 kB | 57/109 kB | 127/192 kB
Progress (3): 75 kB | 57/109 kB | 131/192 kB
Progress (3): 75 kB | 57/109 kB | 135/192 kB
Progress (3): 75 kB | 57/109 kB | 139/192 kB
Progress (3): 75 kB | 57/109 kB | 143/192 kB
Progress (3): 75 kB | 57/109 kB | 147/192 kB
Progress (3): 75 kB | 57/109 kB | 152/192 kB
Progress (3): 75 kB | 57/109 kB | 156/192 kB
Progress (3): 75 kB | 57/109 kB | 160/192 kB
Progress (3): 75 kB | 57/109 kB | 164/192 kB
Progress (3): 75 kB | 57/109 kB | 168/192 kB
Progress (3): 75 kB | 57/109 kB | 172/192 kB
Progress (3): 75 kB | 57/109 kB | 176/192 kB
Progress (3): 75 kB | 57/109 kB | 180/192 kB
Progress (3): 75 kB | 57/109 kB | 184/192 kB
Progress (3): 75 kB | 57/109 kB | 188/192 kB
Progress (3): 75 kB | 57/109 kB | 192 kB    
                                        
Downloaded from central: https://repo.maven.apache.org/maven2/org/codehaus/plexus/plexus-io/3.1.0/plexus-io-3.1.0.jar (75 kB at 5.4 MB/s)
Progress (2): 61/109 kB | 192 kB
Progress (2): 66/109 kB | 192 kB
Progress (2): 70/109 kB | 192 kB
Progress (2): 74/109 kB | 192 kB
Progress (2): 78/109 kB | 192 kB
Progress (2): 82/109 kB | 192 kB
Progress (2): 86/109 kB | 192 kB
Progress (2): 90/109 kB | 192 kB
Progress (2): 94/109 kB | 192 kB
Progress (2): 98/109 kB | 192 kB
Progress (2): 102/109 kB | 192 kB
Progress (2): 106/109 kB | 192 kB
Progress (2): 109 kB | 192 kB    
                             
Downloaded from central: https://repo.maven.apache.org/maven2/org/codehaus/plexus/plexus-archiver/3.7.0/plexus-archiver-3.7.0.jar (192 kB at 10 MB/s)
Progress (2): 109 kB | 4.1/58 kB
Progress (2): 109 kB | 8.2/58 kB
Progress (2): 109 kB | 12/58 kB 
Progress (2): 109 kB | 16/58 kB
Progress (3): 109 kB | 16/58 kB | 4.1/592 kB
Progress (3): 109 kB | 20/58 kB | 4.1/592 kB
Progress (3): 109 kB | 24/58 kB | 4.1/592 kB
Progress (3): 109 kB | 28/58 kB | 4.1/592 kB
Progress (3): 109 kB | 32/58 kB | 4.1/592 kB
Progress (3): 109 kB | 32/58 kB | 8.2/592 kB
Progress (3): 109 kB | 32/58 kB | 12/592 kB 
Progress (3): 109 kB | 36/58 kB | 12/592 kB
Progress (3): 109 kB | 36/58 kB | 16/592 kB
Progress (3): 109 kB | 40/58 kB | 16/592 kB
Progress (3): 109 kB | 45/58 kB | 16/592 kB
Progress (3): 109 kB | 49/58 kB | 16/592 kB
Progress (3): 109 kB | 53/58 kB | 16/592 kB
Progress (3): 109 kB | 57/58 kB | 16/592 kB
Progress (3): 109 kB | 58 kB | 16/592 kB   
Progress (3): 109 kB | 58 kB | 20/592 kB
Progress (3): 109 kB | 58 kB | 25/592 kB
Progress (3): 109 kB | 58 kB | 29/592 kB
Progress (3): 109 kB | 58 kB | 33/592 kB
Progress (3): 109 kB | 58 kB | 37/592 kB
Progress (3): 109 kB | 58 kB | 41/592 kB
Progress (3): 109 kB | 58 kB | 45/592 kB
Progress (3): 109 kB | 58 kB | 49/592 kB
Progress (3): 109 kB | 58 kB | 53/592 kB
Progress (3): 109 kB | 58 kB | 57/592 kB
Progress (3): 109 kB | 58 kB | 61/592 kB
Progress (3): 109 kB | 58 kB | 66/592 kB
Progress (3): 109 kB | 58 kB | 70/592 kB
Progress (3): 109 kB | 58 kB | 74/592 kB
Progress (3): 109 kB | 58 kB | 78/592 kB
Progress (3): 109 kB | 58 kB | 82/592 kB
Progress (3): 109 kB | 58 kB | 86/592 kB
Progress (3): 109 kB | 58 kB | 90/592 kB
Progress (3): 109 kB | 58 kB | 94/592 kB
Progress (3): 109 kB | 58 kB | 98/592 kB
Progress (3): 109 kB | 58 kB | 102/592 kB
Progress (3): 109 kB | 58 kB | 106/592 kB
Progress (3): 109 kB | 58 kB | 111/592 kB
Progress (3): 109 kB | 58 kB | 115/592 kB
Progress (3): 109 kB | 58 kB | 119/592 kB
Progress (3): 109 kB | 58 kB | 123/592 kB
Progress (3): 109 kB | 58 kB | 127/592 kB
Progress (3): 109 kB | 58 kB | 131/592 kB
Progress (3): 109 kB | 58 kB | 135/592 kB
Progress (3): 109 kB | 58 kB | 139/592 kB
Progress (3): 109 kB | 58 kB | 143/592 kB
Progress (3): 109 kB | 58 kB | 147/592 kB
Progress (3): 109 kB | 58 kB | 152/592 kB
Progress (3): 109 kB | 58 kB | 156/592 kB
Progress (3): 109 kB | 58 kB | 160/592 kB
Progress (3): 109 kB | 58 kB | 164/592 kB
Progress (3): 109 kB | 58 kB | 168/592 kB
Progress (3): 109 kB | 58 kB | 172/592 kB
Progress (3): 109 kB | 58 kB | 176/592 kB
Progress (3): 109 kB | 58 kB | 180/592 kB
Progress (3): 109 kB | 58 kB | 184/592 kB
Progress (3): 109 kB | 58 kB | 188/592 kB
Progress (3): 109 kB | 58 kB | 193/592 kB
Progress (3): 109 kB | 58 kB | 197/592 kB
Progress (3): 109 kB | 58 kB | 201/592 kB
Progress (3): 109 kB | 58 kB | 205/592 kB
Progress (3): 109 kB | 58 kB | 209/592 kB
Progress (3): 109 kB | 58 kB | 213/592 kB
Progress (3): 109 kB | 58 kB | 217/592 kB
Progress (3): 109 kB | 58 kB | 221/592 kB
Progress (3): 109 kB | 58 kB | 225/592 kB
Progress (3): 109 kB | 58 kB | 229/592 kB
Progress (3): 109 kB | 58 kB | 233/592 kB
Progress (3): 109 kB | 58 kB | 238/592 kB
Progress (3): 109 kB | 58 kB | 242/592 kB
Progress (3): 109 kB | 58 kB | 246/592 kB
Progress (3): 109 kB | 58 kB | 250/592 kB
Progress (3): 109 kB | 58 kB | 254/592 kB
Progress (3): 109 kB | 58 kB | 258/592 kB
Progress (3): 109 kB | 58 kB | 262/592 kB
Progress (3): 109 kB | 58 kB | 266/592 kB
Progress (3): 109 kB | 58 kB | 270/592 kB
Progress (3): 109 kB | 58 kB | 274/592 kB
Progress (3): 109 kB | 58 kB | 279/592 kB
Progress (3): 109 kB | 58 kB | 283/592 kB
Progress (3): 109 kB | 58 kB | 287/592 kB
Progress (3): 109 kB | 58 kB | 291/592 kB
Progress (3): 109 kB | 58 kB | 295/592 kB
Progress (3): 109 kB | 58 kB | 299/592 kB
Progress (3): 109 kB | 58 kB | 303/592 kB
Progress (3): 109 kB | 58 kB | 307/592 kB
Progress (3): 109 kB | 58 kB | 311/592 kB
Progress (3): 109 kB | 58 kB | 315/592 kB
Progress (3): 109 kB | 58 kB | 319/592 kB
Progress (3): 109 kB | 58 kB | 324/592 kB
Progress (3): 109 kB | 58 kB | 328/592 kB
Progress (3): 109 kB | 58 kB | 332/592 kB
Progress (3): 109 kB | 58 kB | 336/592 kB
Progress (3): 109 kB | 58 kB | 340/592 kB
Progress (3): 109 kB | 58 kB | 344/592 kB
Progress (3): 109 kB | 58 kB | 348/592 kB
Progress (3): 109 kB | 58 kB | 352/592 kB
Progress (3): 109 kB | 58 kB | 356/592 kB
Progress (3): 109 kB | 58 kB | 360/592 kB
                                         
Downloaded from central: https://repo.maven.apache.org/maven2/org/tukaani/xz/1.8/xz-1.8.jar (109 kB at 4.2 MB/s)
Downloaded from central: https://repo.maven.apache.org/maven2/org/iq80/snappy/snappy/0.4/snappy-0.4.jar (58 kB at 2.1 MB/s)
Progress (1): 365/592 kB
Progress (1): 369/592 kB
Progress (1): 373/592 kB
Progress (1): 377/592 kB
Progress (1): 381/592 kB
Progress (1): 385/592 kB
Progress (1): 389/592 kB
Progress (1): 393/592 kB
Progress (1): 397/592 kB
Progress (1): 401/592 kB
Progress (1): 406/592 kB
Progress (1): 410/592 kB
Progress (1): 414/592 kB
Progress (1): 418/592 kB
Progress (1): 422/592 kB
Progress (1): 426/592 kB
Progress (1): 430/592 kB
Progress (1): 434/592 kB
Progress (1): 438/592 kB
Progress (1): 442/592 kB
Progress (1): 446/592 kB
Progress (1): 451/592 kB
Progress (1): 455/592 kB
Progress (1): 459/592 kB
Progress (1): 463/592 kB
Progress (1): 467/592 kB
Progress (1): 471/592 kB
Progress (1): 475/592 kB
Progress (1): 479/592 kB
Progress (1): 483/592 kB
Progress (1): 487/592 kB
Progress (1): 492/592 kB
Progress (1): 496/592 kB
Progress (1): 500/592 kB
Progress (1): 504/592 kB
Progress (1): 508/592 kB
Progress (1): 512/592 kB
Progress (1): 516/592 kB
Progress (1): 520/592 kB
Progress (1): 524/592 kB
Progress (1): 528/592 kB
Progress (1): 532/592 kB
Progress (1): 537/592 kB
Progress (1): 541/592 kB
Progress (1): 545/592 kB
Progress (1): 549/592 kB
Progress (1): 553/592 kB
Progress (1): 557/592 kB
Progress (1): 561/592 kB
Progress (1): 565/592 kB
Progress (1): 569/592 kB
Progress (1): 573/592 kB
Progress (1): 578/592 kB
Progress (1): 582/592 kB
Progress (1): 585/592 kB
Progress (1): 589/592 kB
Progress (1): 592 kB    
                    
Downloaded from central: https://repo.maven.apache.org/maven2/org/apache/commons/commons-compress/1.18/commons-compress-1.18.jar (592 kB at 16 MB/s)
[INFO] Building jar: /var/jenkins_home/workspace/jenkins-pt4/starter_code/target/auth-course-0.0.1-SNAPSHOT.jar
[INFO] 
[INFO] --- spring-boot-maven-plugin:2.3.2.RELEASE:repackage (repackage) @ auth-course ---
Downloading from central: https://repo.maven.apache.org/maven2/org/springframework/boot/spring-boot-buildpack-platform/2.3.2.RELEASE/spring-boot-buildpack-platform-2.3.2.RELEASE.pom
Progress (1): 3.1 kB
                    
Downloaded from central: https://repo.maven.apache.org/maven2/org/springframework/boot/spring-boot-buildpack-platform/2.3.2.RELEASE/spring-boot-buildpack-platform-2.3.2.RELEASE.pom (3.1 kB at 512 kB/s)
Downloading from central: https://repo.maven.apache.org/maven2/net/java/dev/jna/jna-platform/5.5.0/jna-platform-5.5.0.pom
Progress (1): 1.8 kB
                    
Downloaded from central: https://repo.maven.apache.org/maven2/net/java/dev/jna/jna-platform/5.5.0/jna-platform-5.5.0.pom (1.8 kB at 360 kB/s)
Downloading from central: https://repo.maven.apache.org/maven2/net/java/dev/jna/jna/5.5.0/jna-5.5.0.pom
Progress (1): 1.6 kB
                    
Downloaded from central: https://repo.maven.apache.org/maven2/net/java/dev/jna/jna/5.5.0/jna-5.5.0.pom (1.6 kB at 316 kB/s)
Downloading from central: https://repo.maven.apache.org/maven2/org/apache/commons/commons-compress/1.19/commons-compress-1.19.pom
Progress (1): 4.1/18 kB
Progress (1): 8.2/18 kB
Progress (1): 12/18 kB 
Progress (1): 16/18 kB
Progress (1): 18 kB   
                   
Downloaded from central: https://repo.maven.apache.org/maven2/org/apache/commons/commons-compress/1.19/commons-compress-1.19.pom (18 kB at 3.6 MB/s)
Downloading from central: https://repo.maven.apache.org/maven2/org/apache/commons/commons-parent/48/commons-parent-48.pom
Progress (1): 4.1/72 kB
Progress (1): 8.2/72 kB
Progress (1): 12/72 kB 
Progress (1): 16/72 kB
Progress (1): 20/72 kB
Progress (1): 25/72 kB
Progress (1): 29/72 kB
Progress (1): 33/72 kB
Progress (1): 37/72 kB
Progress (1): 41/72 kB
Progress (1): 45/72 kB
Progress (1): 49/72 kB
Progress (1): 53/72 kB
Progress (1): 57/72 kB
Progress (1): 61/72 kB
Progress (1): 66/72 kB
Progress (1): 70/72 kB
Progress (1): 72 kB   
                   
Downloaded from central: https://repo.maven.apache.org/maven2/org/apache/commons/commons-parent/48/commons-parent-48.pom (72 kB at 9.0 MB/s)
Downloading from central: https://repo.maven.apache.org/maven2/org/apache/httpcomponents/httpclient/4.5.12/httpclient-4.5.12.pom
Progress (1): 4.1/6.6 kB
Progress (1): 6.6 kB    
                    
Downloaded from central: https://repo.maven.apache.org/maven2/org/apache/httpcomponents/httpclient/4.5.12/httpclient-4.5.12.pom (6.6 kB at 734 kB/s)
Downloading from central: https://repo.maven.apache.org/maven2/org/apache/httpcomponents/httpcomponents-client/4.5.12/httpcomponents-client-4.5.12.pom
Progress (1): 4.1/16 kB
Progress (1): 8.2/16 kB
Progress (1): 12/16 kB 
Progress (1): 16 kB   
                   
Downloaded from central: https://repo.maven.apache.org/maven2/org/apache/httpcomponents/httpcomponents-client/4.5.12/httpcomponents-client-4.5.12.pom (16 kB at 1.8 MB/s)
Downloading from central: https://repo.maven.apache.org/maven2/org/apache/httpcomponents/httpcomponents-parent/11/httpcomponents-parent-11.pom
Progress (1): 4.1/35 kB
Progress (1): 8.2/35 kB
Progress (1): 12/35 kB 
Progress (1): 16/35 kB
Progress (1): 20/35 kB
Progress (1): 25/35 kB
Progress (1): 29/35 kB
Progress (1): 33/35 kB
Progress (1): 35 kB   
                   
Downloaded from central: https://repo.maven.apache.org/maven2/org/apache/httpcomponents/httpcomponents-parent/11/httpcomponents-parent-11.pom (35 kB at 5.0 MB/s)
Downloading from central: https://repo.maven.apache.org/maven2/org/apache/httpcomponents/httpcore/4.4.13/httpcore-4.4.13.pom
Progress (1): 4.1/5.0 kB
Progress (1): 5.0 kB    
                    
Downloaded from central: https://repo.maven.apache.org/maven2/org/apache/httpcomponents/httpcore/4.4.13/httpcore-4.4.13.pom (5.0 kB at 452 kB/s)
Downloading from central: https://repo.maven.apache.org/maven2/org/apache/httpcomponents/httpcomponents-core/4.4.13/httpcomponents-core-4.4.13.pom
Progress (1): 4.1/13 kB
Progress (1): 8.2/13 kB
Progress (1): 12/13 kB 
Progress (1): 13 kB   
                   
Downloaded from central: https://repo.maven.apache.org/maven2/org/apache/httpcomponents/httpcomponents-core/4.4.13/httpcomponents-core-4.4.13.pom (13 kB at 2.2 MB/s)
Downloading from central: https://repo.maven.apache.org/maven2/commons-logging/commons-logging/1.2/commons-logging-1.2.pom
Progress (1): 4.1/19 kB
Progress (1): 8.2/19 kB
Progress (1): 12/19 kB 
Progress (1): 16/19 kB
Progress (1): 19 kB   
                   
Downloaded from central: https://repo.maven.apache.org/maven2/commons-logging/commons-logging/1.2/commons-logging-1.2.pom (19 kB at 3.2 MB/s)
Downloading from central: https://repo.maven.apache.org/maven2/org/apache/commons/commons-parent/34/commons-parent-34.pom
Progress (1): 4.1/56 kB
Progress (1): 8.2/56 kB
Progress (1): 12/56 kB 
Progress (1): 16/56 kB
Progress (1): 20/56 kB
Progress (1): 25/56 kB
Progress (1): 29/56 kB
Progress (1): 33/56 kB
Progress (1): 37/56 kB
Progress (1): 41/56 kB
Progress (1): 45/56 kB
Progress (1): 49/56 kB
Progress (1): 53/56 kB
Progress (1): 56 kB   
                   
Downloaded from central: https://repo.maven.apache.org/maven2/org/apache/commons/commons-parent/34/commons-parent-34.pom (56 kB at 8.0 MB/s)
Downloading from central: https://repo.maven.apache.org/maven2/commons-codec/commons-codec/1.11/commons-codec-1.11.pom
Progress (1): 4.1/14 kB
Progress (1): 8.2/14 kB
Progress (1): 12/14 kB 
Progress (1): 14 kB   
                   
Downloaded from central: https://repo.maven.apache.org/maven2/commons-codec/commons-codec/1.11/commons-codec-1.11.pom (14 kB at 2.8 MB/s)
Downloading from central: https://repo.maven.apache.org/maven2/org/springframework/boot/spring-boot-loader-tools/2.3.2.RELEASE/spring-boot-loader-tools-2.3.2.RELEASE.pom
Progress (1): 2.3 kB
                    
Downloaded from central: https://repo.maven.apache.org/maven2/org/springframework/boot/spring-boot-loader-tools/2.3.2.RELEASE/spring-boot-loader-tools-2.3.2.RELEASE.pom (2.3 kB at 325 kB/s)
Downloading from central: https://repo.maven.apache.org/maven2/org/apache/maven/shared/maven-common-artifact-filters/3.1.0/maven-common-artifact-filters-3.1.0.pom
Progress (1): 4.1/5.3 kB
Progress (1): 5.3 kB    
                    
Downloaded from central: https://repo.maven.apache.org/maven2/org/apache/maven/shared/maven-common-artifact-filters/3.1.0/maven-common-artifact-filters-3.1.0.pom (5.3 kB at 1.1 MB/s)
Downloading from central: https://repo.maven.apache.org/maven2/org/codehaus/plexus/plexus-component-annotations/1.5.5/plexus-component-annotations-1.5.5.pom
Progress (1): 815 B
                   
Downloaded from central: https://repo.maven.apache.org/maven2/org/codehaus/plexus/plexus-component-annotations/1.5.5/plexus-component-annotations-1.5.5.pom (815 B at 204 kB/s)
Downloading from central: https://repo.maven.apache.org/maven2/org/codehaus/plexus/plexus-containers/1.5.5/plexus-containers-1.5.5.pom
Progress (1): 4.1/4.2 kB
Progress (1): 4.2 kB    
                    
Downloaded from central: https://repo.maven.apache.org/maven2/org/codehaus/plexus/plexus-containers/1.5.5/plexus-containers-1.5.5.pom (4.2 kB at 848 kB/s)
Downloading from central: https://repo.maven.apache.org/maven2/org/codehaus/plexus/plexus-component-annotations/1.5.4/plexus-component-annotations-1.5.4.pom
Progress (1): 815 B
                   
Downloaded from central: https://repo.maven.apache.org/maven2/org/codehaus/plexus/plexus-component-annotations/1.5.4/plexus-component-annotations-1.5.4.pom (815 B at 136 kB/s)
Downloading from central: https://repo.maven.apache.org/maven2/org/codehaus/plexus/plexus-containers/1.5.4/plexus-containers-1.5.4.pom
Progress (1): 4.1/4.2 kB
Progress (1): 4.2 kB    
                    
Downloaded from central: https://repo.maven.apache.org/maven2/org/codehaus/plexus/plexus-containers/1.5.4/plexus-containers-1.5.4.pom (4.2 kB at 848 kB/s)
Downloading from central: https://repo.maven.apache.org/maven2/org/codehaus/plexus/plexus/2.0.5/plexus-2.0.5.pom
Progress (1): 4.1/17 kB
Progress (1): 8.2/17 kB
Progress (1): 12/17 kB 
Progress (1): 16/17 kB
Progress (1): 17 kB   
                   
Downloaded from central: https://repo.maven.apache.org/maven2/org/codehaus/plexus/plexus/2.0.5/plexus-2.0.5.pom (17 kB at 3.5 MB/s)
Downloading from central: https://repo.maven.apache.org/maven2/org/apache/maven/shared/maven-shared-utils/3.1.0/maven-shared-utils-3.1.0.pom
Progress (1): 4.1/5.0 kB
Progress (1): 5.0 kB    
                    
Downloaded from central: https://repo.maven.apache.org/maven2/org/apache/maven/shared/maven-shared-utils/3.1.0/maven-shared-utils-3.1.0.pom (5.0 kB at 996 kB/s)
Downloading from central: https://repo.maven.apache.org/maven2/org/apache/maven/maven-plugin-api/3.6.3/maven-plugin-api-3.6.3.pom
Progress (1): 3.0 kB
                    
Downloaded from central: https://repo.maven.apache.org/maven2/org/apache/maven/maven-plugin-api/3.6.3/maven-plugin-api-3.6.3.pom (3.0 kB at 608 kB/s)
Downloading from central: https://repo.maven.apache.org/maven2/org/apache/maven/maven/3.6.3/maven-3.6.3.pom
Progress (1): 4.1/26 kB
Progress (1): 8.2/26 kB
Progress (1): 12/26 kB 
Progress (1): 16/26 kB
Progress (1): 20/26 kB
Progress (1): 25/26 kB
Progress (1): 26 kB   
                   
Downloaded from central: https://repo.maven.apache.org/maven2/org/apache/maven/maven/3.6.3/maven-3.6.3.pom (26 kB at 5.3 MB/s)
Downloading from central: https://repo.maven.apache.org/maven2/org/apache/maven/maven-model/3.6.3/maven-model-3.6.3.pom
Progress (1): 4.1 kB
                    
Downloaded from central: https://repo.maven.apache.org/maven2/org/apache/maven/maven-model/3.6.3/maven-model-3.6.3.pom (4.1 kB at 510 kB/s)
Downloading from central: https://repo.maven.apache.org/maven2/org/codehaus/plexus/plexus-utils/3.2.1/plexus-utils-3.2.1.pom
Progress (1): 4.1/5.3 kB
Progress (1): 5.3 kB    
                    
Downloaded from central: https://repo.maven.apache.org/maven2/org/codehaus/plexus/plexus-utils/3.2.1/plexus-utils-3.2.1.pom (5.3 kB at 890 kB/s)
Downloading from central: https://repo.maven.apache.org/maven2/org/apache/maven/maven-artifact/3.6.3/maven-artifact-3.6.3.pom
Progress (1): 2.4 kB
                    
Downloaded from central: https://repo.maven.apache.org/maven2/org/apache/maven/maven-artifact/3.6.3/maven-artifact-3.6.3.pom (2.4 kB at 479 kB/s)
Downloading from central: https://repo.maven.apache.org/maven2/org/apache/commons/commons-lang3/3.8.1/commons-lang3-3.8.1.pom
Progress (1): 4.1/28 kB
Progress (1): 8.2/28 kB
Progress (1): 12/28 kB 
Progress (1): 16/28 kB
Progress (1): 20/28 kB
Progress (1): 25/28 kB
Progress (1): 28 kB   
                   
Downloaded from central: https://repo.maven.apache.org/maven2/org/apache/commons/commons-lang3/3.8.1/commons-lang3-3.8.1.pom (28 kB at 2.3 MB/s)
Downloading from central: https://repo.maven.apache.org/maven2/org/eclipse/sisu/org.eclipse.sisu.plexus/0.3.4/org.eclipse.sisu.plexus-0.3.4.pom
Progress (1): 4.1/4.2 kB
Progress (1): 4.2 kB    
                    
Downloaded from central: https://repo.maven.apache.org/maven2/org/eclipse/sisu/org.eclipse.sisu.plexus/0.3.4/org.eclipse.sisu.plexus-0.3.4.pom (4.2 kB at 695 kB/s)
Downloading from central: https://repo.maven.apache.org/maven2/org/eclipse/sisu/sisu-plexus/0.3.4/sisu-plexus-0.3.4.pom
Progress (1): 4.1/14 kB
Progress (1): 8.2/14 kB
Progress (1): 12/14 kB 
Progress (1): 14 kB   
                   
Downloaded from central: https://repo.maven.apache.org/maven2/org/eclipse/sisu/sisu-plexus/0.3.4/sisu-plexus-0.3.4.pom (14 kB at 2.7 MB/s)
Downloading from central: https://repo.maven.apache.org/maven2/javax/enterprise/cdi-api/1.0/cdi-api-1.0.pom
Progress (1): 1.4 kB
                    
Downloaded from central: https://repo.maven.apache.org/maven2/javax/enterprise/cdi-api/1.0/cdi-api-1.0.pom (1.4 kB at 239 kB/s)
Downloading from central: https://repo.maven.apache.org/maven2/org/jboss/weld/weld-api-parent/1.0/weld-api-parent-1.0.pom
Progress (1): 2.4 kB
                    
Downloaded from central: https://repo.maven.apache.org/maven2/org/jboss/weld/weld-api-parent/1.0/weld-api-parent-1.0.pom (2.4 kB at 471 kB/s)
Downloading from central: https://repo.maven.apache.org/maven2/org/jboss/weld/weld-api-bom/1.0/weld-api-bom-1.0.pom
Progress (1): 4.1/7.9 kB
Progress (1): 7.9 kB    
                    
Downloaded from central: https://repo.maven.apache.org/maven2/org/jboss/weld/weld-api-bom/1.0/weld-api-bom-1.0.pom (7.9 kB at 1.6 MB/s)
Downloading from central: https://repo.maven.apache.org/maven2/org/jboss/weld/weld-parent/6/weld-parent-6.pom
Progress (1): 4.1/21 kB
Progress (1): 8.2/21 kB
Progress (1): 12/21 kB 
Progress (1): 16/21 kB
Progress (1): 20/21 kB
Progress (1): 21 kB   
                   
Downloaded from central: https://repo.maven.apache.org/maven2/org/jboss/weld/weld-parent/6/weld-parent-6.pom (21 kB at 3.4 MB/s)
Downloading from central: https://repo.maven.apache.org/maven2/javax/annotation/jsr250-api/1.0/jsr250-api-1.0.pom
Progress (1): 1.0 kB
                    
Downloaded from central: https://repo.maven.apache.org/maven2/javax/annotation/jsr250-api/1.0/jsr250-api-1.0.pom (1.0 kB at 205 kB/s)
Downloading from central: https://repo.maven.apache.org/maven2/javax/inject/javax.inject/1/javax.inject-1.pom
Progress (1): 612 B
                   
Downloaded from central: https://repo.maven.apache.org/maven2/javax/inject/javax.inject/1/javax.inject-1.pom (612 B at 102 kB/s)
Downloading from central: https://repo.maven.apache.org/maven2/org/eclipse/sisu/org.eclipse.sisu.inject/0.3.4/org.eclipse.sisu.inject-0.3.4.pom
Progress (1): 2.6 kB
                    
Downloaded from central: https://repo.maven.apache.org/maven2/org/eclipse/sisu/org.eclipse.sisu.inject/0.3.4/org.eclipse.sisu.inject-0.3.4.pom (2.6 kB at 328 kB/s)
Downloading from central: https://repo.maven.apache.org/maven2/org/eclipse/sisu/sisu-inject/0.3.4/sisu-inject-0.3.4.pom
Progress (1): 4.1/14 kB
Progress (1): 8.2/14 kB
Progress (1): 12/14 kB 
Progress (1): 14 kB   
                   
Downloaded from central: https://repo.maven.apache.org/maven2/org/eclipse/sisu/sisu-inject/0.3.4/sisu-inject-0.3.4.pom (14 kB at 2.9 MB/s)
Downloading from central: https://repo.maven.apache.org/maven2/org/codehaus/plexus/plexus-classworlds/2.5.2/plexus-classworlds-2.5.2.pom
Progress (1): 4.1/7.3 kB
Progress (1): 7.3 kB    
                    
Downloaded from central: https://repo.maven.apache.org/maven2/org/codehaus/plexus/plexus-classworlds/2.5.2/plexus-classworlds-2.5.2.pom (7.3 kB at 1.2 MB/s)
Downloading from central: https://repo.maven.apache.org/maven2/org/codehaus/plexus/plexus-utils/3.0.17/plexus-utils-3.0.17.pom
Progress (1): 3.4 kB
                    
Downloaded from central: https://repo.maven.apache.org/maven2/org/codehaus/plexus/plexus-utils/3.0.17/plexus-utils-3.0.17.pom (3.4 kB at 679 kB/s)
Downloading from central: https://repo.maven.apache.org/maven2/org/codehaus/plexus/plexus-classworlds/2.6.0/plexus-classworlds-2.6.0.pom
Progress (1): 4.1/7.9 kB
Progress (1): 7.9 kB    
                    
Downloaded from central: https://repo.maven.apache.org/maven2/org/codehaus/plexus/plexus-classworlds/2.6.0/plexus-classworlds-2.6.0.pom (7.9 kB at 719 kB/s)
Downloading from central: https://repo.maven.apache.org/maven2/org/springframework/boot/spring-boot-buildpack-platform/2.3.2.RELEASE/spring-boot-buildpack-platform-2.3.2.RELEASE.jar
Downloading from central: https://repo.maven.apache.org/maven2/net/java/dev/jna/jna-platform/5.5.0/jna-platform-5.5.0.jar
Downloading from central: https://repo.maven.apache.org/maven2/net/java/dev/jna/jna/5.5.0/jna-5.5.0.jar
Downloading from central: https://repo.maven.apache.org/maven2/org/apache/commons/commons-compress/1.19/commons-compress-1.19.jar
Progress (1): 4.1/182 kB
Progress (1): 8.2/182 kB
Progress (1): 12/182 kB 
Progress (1): 16/182 kB
Progress (1): 20/182 kB
Progress (1): 25/182 kB
Progress (1): 29/182 kB
Progress (1): 33/182 kB
Progress (1): 37/182 kB
Progress (1): 41/182 kB
Progress (1): 45/182 kB
Progress (1): 49/182 kB
Progress (1): 53/182 kB
Progress (1): 57/182 kB
Progress (1): 61/182 kB
Progress (1): 66/182 kB
Progress (1): 70/182 kB
Progress (1): 74/182 kB
Progress (1): 78/182 kB
Progress (1): 82/182 kB
Progress (1): 86/182 kB
Progress (1): 90/182 kB
Progress (1): 94/182 kB
Progress (1): 98/182 kB
Progress (1): 102/182 kB
Progress (1): 106/182 kB
Progress (1): 111/182 kB
Progress (1): 115/182 kB
Progress (1): 119/182 kB
Progress (1): 123/182 kB
Progress (1): 127/182 kB
Progress (1): 131/182 kB
Progress (1): 135/182 kB
Progress (1): 139/182 kB
Progress (1): 143/182 kB
Progress (1): 147/182 kB
Progress (1): 152/182 kB
Progress (1): 156/182 kB
Progress (1): 160/182 kB
Progress (1): 164/182 kB
Progress (1): 168/182 kB
Progress (1): 172/182 kB
Progress (1): 176/182 kB
Progress (1): 180/182 kB
Progress (1): 182 kB    
Progress (2): 182 kB | 0/1.5 MB
Progress (2): 182 kB | 0/1.5 MB
Progress (2): 182 kB | 0/1.5 MB
Progress (2): 182 kB | 0/1.5 MB
Progress (2): 182 kB | 0/1.5 MB
Progress (2): 182 kB | 0/1.5 MB
Progress (2): 182 kB | 0.1/1.5 MB
Progress (2): 182 kB | 0.1/1.5 MB
Progress (2): 182 kB | 0.1/1.5 MB
Progress (2): 182 kB | 0.1/1.5 MB
Progress (3): 182 kB | 0.1/1.5 MB | 0/2.7 MB
Progress (3): 182 kB | 0.1/1.5 MB | 0/2.7 MB
Progress (3): 182 kB | 0.1/1.5 MB | 0/2.7 MB
Progress (3): 182 kB | 0.1/1.5 MB | 0.1/2.7 MB
Progress (3): 182 kB | 0.1/1.5 MB | 0.1/2.7 MB
Progress (3): 182 kB | 0.1/1.5 MB | 0.1/2.7 MB
Progress (3): 182 kB | 0.1/1.5 MB | 0.1/2.7 MB
Progress (3): 182 kB | 0.1/1.5 MB | 0.1/2.7 MB
Progress (3): 182 kB | 0.1/1.5 MB | 0.1/2.7 MB
Progress (3): 182 kB | 0.1/1.5 MB | 0.2/2.7 MB
Progress (3): 182 kB | 0.1/1.5 MB | 0.2/2.7 MB
Progress (3): 182 kB | 0.1/1.5 MB | 0.2/2.7 MB
Progress (3): 182 kB | 0.1/1.5 MB | 0.2/2.7 MB
Progress (3): 182 kB | 0.1/1.5 MB | 0.2/2.7 MB
Progress (3): 182 kB | 0.1/1.5 MB | 0.2/2.7 MB
Progress (3): 182 kB | 0.1/1.5 MB | 0.2/2.7 MB
Progress (3): 182 kB | 0.1/1.5 MB | 0.2/2.7 MB
Progress (3): 182 kB | 0.1/1.5 MB | 0.2/2.7 MB
Progress (3): 182 kB | 0.1/1.5 MB | 0.2/2.7 MB
Progress (3): 182 kB | 0.1/1.5 MB | 0.2/2.7 MB
Progress (3): 182 kB | 0.2/1.5 MB | 0.2/2.7 MB
Progress (3): 182 kB | 0.2/1.5 MB | 0.2/2.7 MB
Progress (3): 182 kB | 0.2/1.5 MB | 0.2/2.7 MB
Progress (3): 182 kB | 0.2/1.5 MB | 0.2/2.7 MB
Progress (3): 182 kB | 0.2/1.5 MB | 0.2/2.7 MB
Progress (3): 182 kB | 0.2/1.5 MB | 0.2/2.7 MB
Progress (3): 182 kB | 0.2/1.5 MB | 0.2/2.7 MB
Progress (3): 182 kB | 0.2/1.5 MB | 0.2/2.7 MB
Progress (3): 182 kB | 0.2/1.5 MB | 0.2/2.7 MB
Progress (3): 182 kB | 0.2/1.5 MB | 0.2/2.7 MB
Progress (3): 182 kB | 0.2/1.5 MB | 0.2/2.7 MB
Progress (3): 182 kB | 0.2/1.5 MB | 0.2/2.7 MB
Progress (3): 182 kB | 0.3/1.5 MB | 0.2/2.7 MB
Progress (3): 182 kB | 0.3/1.5 MB | 0.2/2.7 MB
Progress (3): 182 kB | 0.3/1.5 MB | 0.2/2.7 MB
Progress (3): 182 kB | 0.3/1.5 MB | 0.2/2.7 MB
Progress (3): 182 kB | 0.3/1.5 MB | 0.2/2.7 MB
Progress (3): 182 kB | 0.3/1.5 MB | 0.2/2.7 MB
Progress (3): 182 kB | 0.3/1.5 MB | 0.2/2.7 MB
Progress (3): 182 kB | 0.3/1.5 MB | 0.2/2.7 MB
Progress (3): 182 kB | 0.3/1.5 MB | 0.2/2.7 MB
Progress (3): 182 kB | 0.3/1.5 MB | 0.2/2.7 MB
Progress (3): 182 kB | 0.3/1.5 MB | 0.2/2.7 MB
Progress (3): 182 kB | 0.3/1.5 MB | 0.2/2.7 MB
Progress (3): 182 kB | 0.4/1.5 MB | 0.2/2.7 MB
Progress (3): 182 kB | 0.4/1.5 MB | 0.2/2.7 MB
Progress (3): 182 kB | 0.4/1.5 MB | 0.2/2.7 MB
Progress (3): 182 kB | 0.4/1.5 MB | 0.2/2.7 MB
Progress (3): 182 kB | 0.4/1.5 MB | 0.2/2.7 MB
Progress (3): 182 kB | 0.4/1.5 MB | 0.2/2.7 MB
Progress (3): 182 kB | 0.4/1.5 MB | 0.2/2.7 MB
Progress (3): 182 kB | 0.4/1.5 MB | 0.2/2.7 MB
Progress (3): 182 kB | 0.4/1.5 MB | 0.2/2.7 MB
Progress (3): 182 kB | 0.4/1.5 MB | 0.2/2.7 MB
Progress (3): 182 kB | 0.4/1.5 MB | 0.2/2.7 MB
Progress (3): 182 kB | 0.4/1.5 MB | 0.2/2.7 MB
Progress (3): 182 kB | 0.5/1.5 MB | 0.2/2.7 MB
Progress (3): 182 kB | 0.5/1.5 MB | 0.2/2.7 MB
Progress (3): 182 kB | 0.5/1.5 MB | 0.2/2.7 MB
Progress (3): 182 kB | 0.5/1.5 MB | 0.2/2.7 MB
Progress (3): 182 kB | 0.5/1.5 MB | 0.2/2.7 MB
Progress (3): 182 kB | 0.5/1.5 MB | 0.2/2.7 MB
Progress (3): 182 kB | 0.5/1.5 MB | 0.2/2.7 MB
Progress (3): 182 kB | 0.5/1.5 MB | 0.2/2.7 MB
Progress (3): 182 kB | 0.5/1.5 MB | 0.2/2.7 MB
Progress (3): 182 kB | 0.5/1.5 MB | 0.2/2.7 MB
Progress (3): 182 kB | 0.5/1.5 MB | 0.2/2.7 MB
Progress (3): 182 kB | 0.5/1.5 MB | 0.2/2.7 MB
Progress (3): 182 kB | 0.5/1.5 MB | 0.2/2.7 MB
Progress (3): 182 kB | 0.6/1.5 MB | 0.2/2.7 MB
Progress (4): 182 kB | 0.6/1.5 MB | 0.2/2.7 MB | 4.1/615 kB
Progress (4): 182 kB | 0.6/1.5 MB | 0.2/2.7 MB | 8.2/615 kB
Progress (4): 182 kB | 0.6/1.5 MB | 0.2/2.7 MB | 12/615 kB 
Progress (4): 182 kB | 0.6/1.5 MB | 0.2/2.7 MB | 16/615 kB
Progress (4): 182 kB | 0.6/1.5 MB | 0.2/2.7 MB | 20/615 kB
Progress (4): 182 kB | 0.6/1.5 MB | 0.2/2.7 MB | 25/615 kB
Progress (4): 182 kB | 0.6/1.5 MB | 0.2/2.7 MB | 29/615 kB
Progress (4): 182 kB | 0.6/1.5 MB | 0.2/2.7 MB | 33/615 kB
Progress (4): 182 kB | 0.6/1.5 MB | 0.2/2.7 MB | 37/615 kB
Progress (4): 182 kB | 0.6/1.5 MB | 0.2/2.7 MB | 41/615 kB
Progress (4): 182 kB | 0.6/1.5 MB | 0.2/2.7 MB | 45/615 kB
Progress (4): 182 kB | 0.6/1.5 MB | 0.2/2.7 MB | 49/615 kB
Progress (4): 182 kB | 0.6/1.5 MB | 0.2/2.7 MB | 53/615 kB
Progress (4): 182 kB | 0.6/1.5 MB | 0.2/2.7 MB | 57/615 kB
Progress (4): 182 kB | 0.6/1.5 MB | 0.2/2.7 MB | 61/615 kB
Progress (4): 182 kB | 0.6/1.5 MB | 0.2/2.7 MB | 66/615 kB
Progress (4): 182 kB | 0.6/1.5 MB | 0.2/2.7 MB | 70/615 kB
Progress (4): 182 kB | 0.6/1.5 MB | 0.2/2.7 MB | 74/615 kB
Progress (4): 182 kB | 0.6/1.5 MB | 0.2/2.7 MB | 78/615 kB
Progress (4): 182 kB | 0.6/1.5 MB | 0.2/2.7 MB | 82/615 kB
Progress (4): 182 kB | 0.6/1.5 MB | 0.2/2.7 MB | 86/615 kB
Progress (4): 182 kB | 0.6/1.5 MB | 0.2/2.7 MB | 90/615 kB
Progress (4): 182 kB | 0.6/1.5 MB | 0.2/2.7 MB | 94/615 kB
Progress (4): 182 kB | 0.6/1.5 MB | 0.2/2.7 MB | 98/615 kB
Progress (4): 182 kB | 0.6/1.5 MB | 0.2/2.7 MB | 102/615 kB
Progress (4): 182 kB | 0.6/1.5 MB | 0.2/2.7 MB | 106/615 kB
Progress (4): 182 kB | 0.6/1.5 MB | 0.2/2.7 MB | 111/615 kB
Progress (4): 182 kB | 0.6/1.5 MB | 0.2/2.7 MB | 115/615 kB
Progress (4): 182 kB | 0.6/1.5 MB | 0.2/2.7 MB | 119/615 kB
Progress (4): 182 kB | 0.6/1.5 MB | 0.2/2.7 MB | 123/615 kB
Progress (4): 182 kB | 0.6/1.5 MB | 0.2/2.7 MB | 127/615 kB
Progress (4): 182 kB | 0.6/1.5 MB | 0.2/2.7 MB | 131/615 kB
Progress (4): 182 kB | 0.6/1.5 MB | 0.2/2.7 MB | 135/615 kB
Progress (4): 182 kB | 0.6/1.5 MB | 0.2/2.7 MB | 139/615 kB
Progress (4): 182 kB | 0.6/1.5 MB | 0.2/2.7 MB | 143/615 kB
Progress (4): 182 kB | 0.6/1.5 MB | 0.2/2.7 MB | 147/615 kB
Progress (4): 182 kB | 0.6/1.5 MB | 0.2/2.7 MB | 152/615 kB
Progress (4): 182 kB | 0.6/1.5 MB | 0.2/2.7 MB | 156/615 kB
Progress (4): 182 kB | 0.6/1.5 MB | 0.2/2.7 MB | 160/615 kB
Progress (4): 182 kB | 0.6/1.5 MB | 0.2/2.7 MB | 164/615 kB
Progress (4): 182 kB | 0.6/1.5 MB | 0.2/2.7 MB | 168/615 kB
Progress (4): 182 kB | 0.6/1.5 MB | 0.2/2.7 MB | 172/615 kB
Progress (4): 182 kB | 0.6/1.5 MB | 0.2/2.7 MB | 176/615 kB
Progress (4): 182 kB | 0.6/1.5 MB | 0.2/2.7 MB | 180/615 kB
Progress (4): 182 kB | 0.6/1.5 MB | 0.2/2.7 MB | 184/615 kB
Progress (4): 182 kB | 0.6/1.5 MB | 0.2/2.7 MB | 188/615 kB
Progress (4): 182 kB | 0.6/1.5 MB | 0.2/2.7 MB | 193/615 kB
Progress (4): 182 kB | 0.6/1.5 MB | 0.2/2.7 MB | 197/615 kB
Progress (4): 182 kB | 0.6/1.5 MB | 0.2/2.7 MB | 201/615 kB
Progress (4): 182 kB | 0.6/1.5 MB | 0.2/2.7 MB | 205/615 kB
Progress (4): 182 kB | 0.6/1.5 MB | 0.2/2.7 MB | 209/615 kB
Progress (4): 182 kB | 0.6/1.5 MB | 0.2/2.7 MB | 213/615 kB
Progress (4): 182 kB | 0.6/1.5 MB | 0.2/2.7 MB | 217/615 kB
Progress (4): 182 kB | 0.6/1.5 MB | 0.2/2.7 MB | 221/615 kB
Progress (4): 182 kB | 0.6/1.5 MB | 0.2/2.7 MB | 225/615 kB
Progress (4): 182 kB | 0.6/1.5 MB | 0.2/2.7 MB | 229/615 kB
Progress (4): 182 kB | 0.6/1.5 MB | 0.2/2.7 MB | 233/615 kB
Progress (4): 182 kB | 0.6/1.5 MB | 0.2/2.7 MB | 238/615 kB
Progress (4): 182 kB | 0.6/1.5 MB | 0.2/2.7 MB | 242/615 kB
Progress (4): 182 kB | 0.6/1.5 MB | 0.2/2.7 MB | 246/615 kB
Progress (4): 182 kB | 0.6/1.5 MB | 0.2/2.7 MB | 250/615 kB
Progress (4): 182 kB | 0.6/1.5 MB | 0.2/2.7 MB | 254/615 kB
Progress (4): 182 kB | 0.6/1.5 MB | 0.2/2.7 MB | 258/615 kB
Progress (4): 182 kB | 0.6/1.5 MB | 0.2/2.7 MB | 262/615 kB
Progress (4): 182 kB | 0.6/1.5 MB | 0.2/2.7 MB | 266/615 kB
Progress (4): 182 kB | 0.6/1.5 MB | 0.2/2.7 MB | 270/615 kB
Progress (4): 182 kB | 0.6/1.5 MB | 0.2/2.7 MB | 274/615 kB
Progress (4): 182 kB | 0.6/1.5 MB | 0.2/2.7 MB | 279/615 kB
Progress (4): 182 kB | 0.6/1.5 MB | 0.2/2.7 MB | 283/615 kB
Progress (4): 182 kB | 0.6/1.5 MB | 0.2/2.7 MB | 287/615 kB
Progress (4): 182 kB | 0.6/1.5 MB | 0.2/2.7 MB | 291/615 kB
Progress (4): 182 kB | 0.6/1.5 MB | 0.2/2.7 MB | 295/615 kB
Progress (4): 182 kB | 0.6/1.5 MB | 0.2/2.7 MB | 299/615 kB
Progress (4): 182 kB | 0.6/1.5 MB | 0.2/2.7 MB | 303/615 kB
Progress (4): 182 kB | 0.6/1.5 MB | 0.2/2.7 MB | 307/615 kB
Progress (4): 182 kB | 0.6/1.5 MB | 0.2/2.7 MB | 311/615 kB
Progress (4): 182 kB | 0.6/1.5 MB | 0.2/2.7 MB | 315/615 kB
Progress (4): 182 kB | 0.6/1.5 MB | 0.2/2.7 MB | 319/615 kB
Progress (4): 182 kB | 0.6/1.5 MB | 0.2/2.7 MB | 324/615 kB
Progress (4): 182 kB | 0.6/1.5 MB | 0.2/2.7 MB | 328/615 kB
Progress (4): 182 kB | 0.6/1.5 MB | 0.2/2.7 MB | 332/615 kB
Progress (4): 182 kB | 0.6/1.5 MB | 0.2/2.7 MB | 336/615 kB
Progress (4): 182 kB | 0.6/1.5 MB | 0.2/2.7 MB | 340/615 kB
Progress (4): 182 kB | 0.6/1.5 MB | 0.2/2.7 MB | 344/615 kB
Progress (4): 182 kB | 0.6/1.5 MB | 0.2/2.7 MB | 348/615 kB
Progress (4): 182 kB | 0.6/1.5 MB | 0.2/2.7 MB | 352/615 kB
Progress (4): 182 kB | 0.6/1.5 MB | 0.2/2.7 MB | 356/615 kB
Progress (4): 182 kB | 0.6/1.5 MB | 0.2/2.7 MB | 360/615 kB
Progress (4): 182 kB | 0.6/1.5 MB | 0.2/2.7 MB | 365/615 kB
Progress (4): 182 kB | 0.6/1.5 MB | 0.2/2.7 MB | 369/615 kB
Progress (4): 182 kB | 0.6/1.5 MB | 0.2/2.7 MB | 373/615 kB
Progress (4): 182 kB | 0.6/1.5 MB | 0.2/2.7 MB | 377/615 kB
Progress (4): 182 kB | 0.6/1.5 MB | 0.2/2.7 MB | 381/615 kB
Progress (4): 182 kB | 0.6/1.5 MB | 0.2/2.7 MB | 385/615 kB
Progress (4): 182 kB | 0.6/1.5 MB | 0.2/2.7 MB | 389/615 kB
Progress (4): 182 kB | 0.6/1.5 MB | 0.2/2.7 MB | 393/615 kB
Progress (4): 182 kB | 0.6/1.5 MB | 0.2/2.7 MB | 397/615 kB
Progress (4): 182 kB | 0.6/1.5 MB | 0.2/2.7 MB | 401/615 kB
Progress (4): 182 kB | 0.6/1.5 MB | 0.2/2.7 MB | 406/615 kB
Progress (4): 182 kB | 0.6/1.5 MB | 0.2/2.7 MB | 410/615 kB
                                                           
Downloading from central: https://repo.maven.apache.org/maven2/org/apache/httpcomponents/httpclient/4.5.12/httpclient-4.5.12.jar
Progress (4): 182 kB | 0.6/1.5 MB | 0.2/2.7 MB | 410/615 kB
Progress (4): 182 kB | 0.6/1.5 MB | 0.2/2.7 MB | 410/615 kB
Progress (4): 182 kB | 0.6/1.5 MB | 0.2/2.7 MB | 410/615 kB
Progress (4): 182 kB | 0.6/1.5 MB | 0.3/2.7 MB | 410/615 kB
                                                           
Downloaded from central: https://repo.maven.apache.org/maven2/org/springframework/boot/spring-boot-buildpack-platform/2.3.2.RELEASE/spring-boot-buildpack-platform-2.3.2.RELEASE.jar (182 kB at 3.4 MB/s)
Downloading from central: https://repo.maven.apache.org/maven2/org/apache/httpcomponents/httpcore/4.4.13/httpcore-4.4.13.jar
Progress (3): 0.6/1.5 MB | 0.3/2.7 MB | 410/615 kB
Progress (3): 0.6/1.5 MB | 0.3/2.7 MB | 410/615 kB
Progress (3): 0.6/1.5 MB | 0.3/2.7 MB | 410/615 kB
Progress (3): 0.6/1.5 MB | 0.3/2.7 MB | 410/615 kB
Progress (3): 0.6/1.5 MB | 0.3/2.7 MB | 410/615 kB
Progress (3): 0.6/1.5 MB | 0.3/2.7 MB | 410/615 kB
Progress (4): 0.6/1.5 MB | 0.3/2.7 MB | 410/615 kB | 4.1/329 kB
Progress (4): 0.6/1.5 MB | 0.3/2.7 MB | 410/615 kB | 8.2/329 kB
Progress (4): 0.6/1.5 MB | 0.3/2.7 MB | 410/615 kB | 12/329 kB 
Progress (4): 0.6/1.5 MB | 0.3/2.7 MB | 410/615 kB | 16/329 kB
Progress (4): 0.6/1.5 MB | 0.3/2.7 MB | 410/615 kB | 20/329 kB
Progress (4): 0.6/1.5 MB | 0.3/2.7 MB | 410/615 kB | 25/329 kB
Progress (4): 0.6/1.5 MB | 0.3/2.7 MB | 410/615 kB | 29/329 kB
Progress (4): 0.6/1.5 MB | 0.3/2.7 MB | 410/615 kB | 33/329 kB
Progress (4): 0.6/1.5 MB | 0.3/2.7 MB | 410/615 kB | 37/329 kB
Progress (4): 0.6/1.5 MB | 0.3/2.7 MB | 410/615 kB | 41/329 kB
Progress (4): 0.6/1.5 MB | 0.3/2.7 MB | 410/615 kB | 45/329 kB
Progress (4): 0.6/1.5 MB | 0.3/2.7 MB | 410/615 kB | 49/329 kB
Progress (4): 0.6/1.5 MB | 0.3/2.7 MB | 410/615 kB | 53/329 kB
Progress (4): 0.6/1.5 MB | 0.3/2.7 MB | 410/615 kB | 57/329 kB
Progress (4): 0.6/1.5 MB | 0.3/2.7 MB | 410/615 kB | 61/329 kB
Progress (4): 0.6/1.5 MB | 0.3/2.7 MB | 410/615 kB | 66/329 kB
Progress (4): 0.6/1.5 MB | 0.3/2.7 MB | 410/615 kB | 70/329 kB
Progress (4): 0.6/1.5 MB | 0.3/2.7 MB | 410/615 kB | 74/329 kB
Progress (4): 0.6/1.5 MB | 0.3/2.7 MB | 410/615 kB | 78/329 kB
Progress (4): 0.6/1.5 MB | 0.3/2.7 MB | 410/615 kB | 82/329 kB
Progress (4): 0.6/1.5 MB | 0.3/2.7 MB | 410/615 kB | 86/329 kB
Progress (4): 0.6/1.5 MB | 0.3/2.7 MB | 410/615 kB | 90/329 kB
Progress (4): 0.6/1.5 MB | 0.3/2.7 MB | 410/615 kB | 94/329 kB
Progress (4): 0.6/1.5 MB | 0.3/2.7 MB | 410/615 kB | 98/329 kB
Progress (4): 0.6/1.5 MB | 0.3/2.7 MB | 410/615 kB | 102/329 kB
Progress (4): 0.6/1.5 MB | 0.3/2.7 MB | 410/615 kB | 106/329 kB
Progress (4): 0.6/1.5 MB | 0.3/2.7 MB | 410/615 kB | 111/329 kB
Progress (4): 0.6/1.5 MB | 0.3/2.7 MB | 410/615 kB | 115/329 kB
Progress (4): 0.6/1.5 MB | 0.3/2.7 MB | 410/615 kB | 119/329 kB
Progress (4): 0.6/1.5 MB | 0.3/2.7 MB | 410/615 kB | 119/329 kB
Progress (4): 0.6/1.5 MB | 0.3/2.7 MB | 410/615 kB | 119/329 kB
Progress (4): 0.6/1.5 MB | 0.3/2.7 MB | 410/615 kB | 119/329 kB
Progress (4): 0.6/1.5 MB | 0.3/2.7 MB | 410/615 kB | 119/329 kB
Progress (4): 0.6/1.5 MB | 0.4/2.7 MB | 410/615 kB | 119/329 kB
Progress (4): 0.6/1.5 MB | 0.4/2.7 MB | 410/615 kB | 119/329 kB
Progress (4): 0.6/1.5 MB | 0.4/2.7 MB | 410/615 kB | 119/329 kB
Progress (4): 0.6/1.5 MB | 0.4/2.7 MB | 410/615 kB | 119/329 kB
Progress (4): 0.6/1.5 MB | 0.4/2.7 MB | 410/615 kB | 119/329 kB
Progress (4): 0.6/1.5 MB | 0.4/2.7 MB | 410/615 kB | 119/329 kB
Progress (4): 0.6/1.5 MB | 0.5/2.7 MB | 410/615 kB | 119/329 kB
Progress (4): 0.6/1.5 MB | 0.5/2.7 MB | 410/615 kB | 119/329 kB
Progress (4): 0.6/1.5 MB | 0.5/2.7 MB | 410/615 kB | 119/329 kB
Progress (4): 0.6/1.5 MB | 0.5/2.7 MB | 410/615 kB | 119/329 kB
Progress (4): 0.6/1.5 MB | 0.5/2.7 MB | 410/615 kB | 119/329 kB
Progress (4): 0.6/1.5 MB | 0.5/2.7 MB | 410/615 kB | 119/329 kB
Progress (4): 0.6/1.5 MB | 0.6/2.7 MB | 410/615 kB | 119/329 kB
Progress (4): 0.6/1.5 MB | 0.6/2.7 MB | 410/615 kB | 119/329 kB
Progress (4): 0.6/1.5 MB | 0.6/2.7 MB | 410/615 kB | 119/329 kB
Progress (4): 0.6/1.5 MB | 0.6/2.7 MB | 410/615 kB | 119/329 kB
Progress (4): 0.6/1.5 MB | 0.6/2.7 MB | 410/615 kB | 119/329 kB
Progress (4): 0.6/1.5 MB | 0.6/2.7 MB | 410/615 kB | 119/329 kB
Progress (4): 0.6/1.5 MB | 0.7/2.7 MB | 410/615 kB | 119/329 kB
Progress (4): 0.6/1.5 MB | 0.7/2.7 MB | 410/615 kB | 119/329 kB
Progress (4): 0.6/1.5 MB | 0.7/2.7 MB | 410/615 kB | 119/329 kB
Progress (4): 0.6/1.5 MB | 0.7/2.7 MB | 414/615 kB | 119/329 kB
Progress (4): 0.6/1.5 MB | 0.7/2.7 MB | 418/615 kB | 119/329 kB
Progress (4): 0.6/1.5 MB | 0.7/2.7 MB | 422/615 kB | 119/329 kB
Progress (4): 0.6/1.5 MB | 0.7/2.7 MB | 426/615 kB | 119/329 kB
Progress (5): 0.6/1.5 MB | 0.7/2.7 MB | 426/615 kB | 119/329 kB | 4.1/778 kB
Progress (5): 0.6/1.5 MB | 0.7/2.7 MB | 426/615 kB | 123/329 kB | 4.1/778 kB
Progress (5): 0.6/1.5 MB | 0.7/2.7 MB | 426/615 kB | 127/329 kB | 4.1/778 kB
Progress (5): 0.6/1.5 MB | 0.7/2.7 MB | 426/615 kB | 127/329 kB | 8.2/778 kB
Progress (5): 0.6/1.5 MB | 0.7/2.7 MB | 426/615 kB | 131/329 kB | 8.2/778 kB
Progress (5): 0.6/1.5 MB | 0.7/2.7 MB | 426/615 kB | 131/329 kB | 12/778 kB 
Progress (5): 0.6/1.5 MB | 0.7/2.7 MB | 426/615 kB | 131/329 kB | 16/778 kB
Progress (5): 0.6/1.5 MB | 0.7/2.7 MB | 426/615 kB | 135/329 kB | 16/778 kB
Progress (5): 0.6/1.5 MB | 0.7/2.7 MB | 426/615 kB | 139/329 kB | 16/778 kB
Progress (5): 0.6/1.5 MB | 0.7/2.7 MB | 426/615 kB | 139/329 kB | 20/778 kB
Progress (5): 0.6/1.5 MB | 0.7/2.7 MB | 426/615 kB | 143/329 kB | 20/778 kB
Progress (5): 0.6/1.5 MB | 0.7/2.7 MB | 426/615 kB | 143/329 kB | 25/778 kB
Progress (5): 0.6/1.5 MB | 0.7/2.7 MB | 426/615 kB | 147/329 kB | 25/778 kB
Progress (5): 0.6/1.5 MB | 0.7/2.7 MB | 426/615 kB | 147/329 kB | 29/778 kB
Progress (5): 0.6/1.5 MB | 0.7/2.7 MB | 426/615 kB | 147/329 kB | 33/778 kB
Progress (5): 0.6/1.5 MB | 0.7/2.7 MB | 426/615 kB | 152/329 kB | 33/778 kB
Progress (5): 0.6/1.5 MB | 0.7/2.7 MB | 426/615 kB | 156/329 kB | 33/778 kB
Progress (5): 0.6/1.5 MB | 0.7/2.7 MB | 426/615 kB | 156/329 kB | 37/778 kB
Progress (5): 0.6/1.5 MB | 0.7/2.7 MB | 426/615 kB | 160/329 kB | 37/778 kB
Progress (5): 0.6/1.5 MB | 0.7/2.7 MB | 426/615 kB | 160/329 kB | 41/778 kB
Progress (5): 0.6/1.5 MB | 0.7/2.7 MB | 426/615 kB | 164/329 kB | 41/778 kB
Progress (5): 0.6/1.5 MB | 0.7/2.7 MB | 426/615 kB | 164/329 kB | 45/778 kB
Progress (5): 0.6/1.5 MB | 0.7/2.7 MB | 426/615 kB | 164/329 kB | 49/778 kB
Progress (5): 0.6/1.5 MB | 0.7/2.7 MB | 426/615 kB | 168/329 kB | 49/778 kB
Progress (5): 0.6/1.5 MB | 0.7/2.7 MB | 426/615 kB | 172/329 kB | 49/778 kB
Progress (5): 0.6/1.5 MB | 0.7/2.7 MB | 426/615 kB | 172/329 kB | 53/778 kB
Progress (5): 0.6/1.5 MB | 0.7/2.7 MB | 426/615 kB | 176/329 kB | 53/778 kB
Progress (5): 0.6/1.5 MB | 0.7/2.7 MB | 426/615 kB | 176/329 kB | 57/778 kB
Progress (5): 0.6/1.5 MB | 0.7/2.7 MB | 426/615 kB | 180/329 kB | 57/778 kB
Progress (5): 0.6/1.5 MB | 0.7/2.7 MB | 426/615 kB | 180/329 kB | 61/778 kB
Progress (5): 0.6/1.5 MB | 0.7/2.7 MB | 426/615 kB | 180/329 kB | 66/778 kB
Progress (5): 0.6/1.5 MB | 0.7/2.7 MB | 426/615 kB | 184/329 kB | 66/778 kB
Progress (5): 0.6/1.5 MB | 0.7/2.7 MB | 426/615 kB | 188/329 kB | 66/778 kB
Progress (5): 0.6/1.5 MB | 0.7/2.7 MB | 426/615 kB | 188/329 kB | 70/778 kB
Progress (5): 0.6/1.5 MB | 0.7/2.7 MB | 426/615 kB | 193/329 kB | 70/778 kB
Progress (5): 0.6/1.5 MB | 0.7/2.7 MB | 426/615 kB | 193/329 kB | 74/778 kB
Progress (5): 0.6/1.5 MB | 0.7/2.7 MB | 426/615 kB | 197/329 kB | 74/778 kB
Progress (5): 0.6/1.5 MB | 0.7/2.7 MB | 426/615 kB | 197/329 kB | 78/778 kB
Progress (5): 0.6/1.5 MB | 0.7/2.7 MB | 426/615 kB | 197/329 kB | 82/778 kB
Progress (5): 0.6/1.5 MB | 0.7/2.7 MB | 426/615 kB | 201/329 kB | 82/778 kB
Progress (5): 0.6/1.5 MB | 0.7/2.7 MB | 426/615 kB | 205/329 kB | 82/778 kB
Progress (5): 0.6/1.5 MB | 0.7/2.7 MB | 426/615 kB | 205/329 kB | 86/778 kB
Progress (5): 0.6/1.5 MB | 0.7/2.7 MB | 426/615 kB | 209/329 kB | 86/778 kB
Progress (5): 0.6/1.5 MB | 0.7/2.7 MB | 426/615 kB | 209/329 kB | 90/778 kB
Progress (5): 0.6/1.5 MB | 0.7/2.7 MB | 426/615 kB | 213/329 kB | 90/778 kB
Progress (5): 0.6/1.5 MB | 0.7/2.7 MB | 426/615 kB | 213/329 kB | 94/778 kB
Progress (5): 0.6/1.5 MB | 0.7/2.7 MB | 426/615 kB | 213/329 kB | 98/778 kB
Progress (5): 0.6/1.5 MB | 0.7/2.7 MB | 426/615 kB | 217/329 kB | 98/778 kB
Progress (5): 0.6/1.5 MB | 0.7/2.7 MB | 426/615 kB | 221/329 kB | 98/778 kB
Progress (5): 0.6/1.5 MB | 0.7/2.7 MB | 426/615 kB | 221/329 kB | 102/778 kB
Progress (5): 0.6/1.5 MB | 0.7/2.7 MB | 426/615 kB | 225/329 kB | 102/778 kB
Progress (5): 0.6/1.5 MB | 0.7/2.7 MB | 426/615 kB | 225/329 kB | 106/778 kB
Progress (5): 0.6/1.5 MB | 0.7/2.7 MB | 426/615 kB | 229/329 kB | 106/778 kB
Progress (5): 0.6/1.5 MB | 0.7/2.7 MB | 426/615 kB | 229/329 kB | 111/778 kB
Progress (5): 0.6/1.5 MB | 0.7/2.7 MB | 426/615 kB | 229/329 kB | 115/778 kB
Progress (5): 0.6/1.5 MB | 0.7/2.7 MB | 426/615 kB | 233/329 kB | 115/778 kB
Progress (5): 0.6/1.5 MB | 0.7/2.7 MB | 426/615 kB | 238/329 kB | 115/778 kB
Progress (5): 0.6/1.5 MB | 0.7/2.7 MB | 426/615 kB | 238/329 kB | 119/778 kB
Progress (5): 0.6/1.5 MB | 0.7/2.7 MB | 426/615 kB | 242/329 kB | 119/778 kB
Progress (5): 0.6/1.5 MB | 0.7/2.7 MB | 426/615 kB | 242/329 kB | 123/778 kB
Progress (5): 0.6/1.5 MB | 0.7/2.7 MB | 426/615 kB | 246/329 kB | 123/778 kB
Progress (5): 0.6/1.5 MB | 0.7/2.7 MB | 426/615 kB | 246/329 kB | 127/778 kB
Progress (5): 0.6/1.5 MB | 0.7/2.7 MB | 426/615 kB | 246/329 kB | 131/778 kB
Progress (5): 0.6/1.5 MB | 0.7/2.7 MB | 426/615 kB | 250/329 kB | 131/778 kB
Progress (5): 0.6/1.5 MB | 0.7/2.7 MB | 426/615 kB | 254/329 kB | 131/778 kB
Progress (5): 0.6/1.5 MB | 0.7/2.7 MB | 426/615 kB | 254/329 kB | 135/778 kB
Progress (5): 0.6/1.5 MB | 0.7/2.7 MB | 430/615 kB | 254/329 kB | 135/778 kB
Progress (5): 0.6/1.5 MB | 0.7/2.7 MB | 434/615 kB | 254/329 kB | 135/778 kB
Progress (5): 0.6/1.5 MB | 0.7/2.7 MB | 438/615 kB | 254/329 kB | 135/778 kB
Progress (5): 0.6/1.5 MB | 0.7/2.7 MB | 442/615 kB | 254/329 kB | 135/778 kB
Progress (5): 0.6/1.5 MB | 0.7/2.7 MB | 446/615 kB | 254/329 kB | 135/778 kB
Progress (5): 0.6/1.5 MB | 0.7/2.7 MB | 451/615 kB | 254/329 kB | 135/778 kB
Progress (5): 0.6/1.5 MB | 0.7/2.7 MB | 455/615 kB | 254/329 kB | 135/778 kB
Progress (5): 0.6/1.5 MB | 0.7/2.7 MB | 459/615 kB | 254/329 kB | 135/778 kB
Progress (5): 0.6/1.5 MB | 0.7/2.7 MB | 463/615 kB | 254/329 kB | 135/778 kB
Progress (5): 0.6/1.5 MB | 0.7/2.7 MB | 467/615 kB | 254/329 kB | 135/778 kB
Progress (5): 0.6/1.5 MB | 0.7/2.7 MB | 471/615 kB | 254/329 kB | 135/778 kB
Progress (5): 0.6/1.5 MB | 0.7/2.7 MB | 475/615 kB | 254/329 kB | 135/778 kB
Progress (5): 0.6/1.5 MB | 0.7/2.7 MB | 479/615 kB | 254/329 kB | 135/778 kB
Progress (5): 0.6/1.5 MB | 0.7/2.7 MB | 483/615 kB | 254/329 kB | 135/778 kB
Progress (5): 0.6/1.5 MB | 0.7/2.7 MB | 487/615 kB | 254/329 kB | 135/778 kB
Progress (5): 0.6/1.5 MB | 0.7/2.7 MB | 492/615 kB | 254/329 kB | 135/778 kB
Progress (5): 0.6/1.5 MB | 0.7/2.7 MB | 496/615 kB | 254/329 kB | 135/778 kB
Progress (5): 0.6/1.5 MB | 0.7/2.7 MB | 500/615 kB | 254/329 kB | 135/778 kB
Progress (5): 0.6/1.5 MB | 0.7/2.7 MB | 504/615 kB | 254/329 kB | 135/778 kB
Progress (5): 0.6/1.5 MB | 0.7/2.7 MB | 508/615 kB | 254/329 kB | 135/778 kB
Progress (5): 0.6/1.5 MB | 0.7/2.7 MB | 512/615 kB | 254/329 kB | 135/778 kB
Progress (5): 0.6/1.5 MB | 0.7/2.7 MB | 516/615 kB | 254/329 kB | 135/778 kB
Progress (5): 0.6/1.5 MB | 0.7/2.7 MB | 520/615 kB | 254/329 kB | 135/778 kB
Progress (5): 0.6/1.5 MB | 0.7/2.7 MB | 524/615 kB | 254/329 kB | 135/778 kB
Progress (5): 0.6/1.5 MB | 0.7/2.7 MB | 528/615 kB | 254/329 kB | 135/778 kB
Progress (5): 0.6/1.5 MB | 0.7/2.7 MB | 532/615 kB | 254/329 kB | 135/778 kB
Progress (5): 0.6/1.5 MB | 0.7/2.7 MB | 537/615 kB | 254/329 kB | 135/778 kB
Progress (5): 0.6/1.5 MB | 0.7/2.7 MB | 541/615 kB | 254/329 kB | 135/778 kB
Progress (5): 0.6/1.5 MB | 0.7/2.7 MB | 545/615 kB | 254/329 kB | 135/778 kB
Progress (5): 0.6/1.5 MB | 0.7/2.7 MB | 549/615 kB | 254/329 kB | 135/778 kB
Progress (5): 0.6/1.5 MB | 0.7/2.7 MB | 553/615 kB | 254/329 kB | 135/778 kB
Progress (5): 0.6/1.5 MB | 0.7/2.7 MB | 557/615 kB | 254/329 kB | 135/778 kB
Progress (5): 0.6/1.5 MB | 0.7/2.7 MB | 561/615 kB | 254/329 kB | 135/778 kB
Progress (5): 0.6/1.5 MB | 0.7/2.7 MB | 565/615 kB | 254/329 kB | 135/778 kB
Progress (5): 0.6/1.5 MB | 0.7/2.7 MB | 569/615 kB | 254/329 kB | 135/778 kB
Progress (5): 0.6/1.5 MB | 0.7/2.7 MB | 573/615 kB | 254/329 kB | 135/778 kB
Progress (5): 0.6/1.5 MB | 0.7/2.7 MB | 578/615 kB | 254/329 kB | 135/778 kB
Progress (5): 0.6/1.5 MB | 0.7/2.7 MB | 582/615 kB | 254/329 kB | 135/778 kB
Progress (5): 0.6/1.5 MB | 0.7/2.7 MB | 585/615 kB | 254/329 kB | 135/778 kB
Progress (5): 0.6/1.5 MB | 0.7/2.7 MB | 589/615 kB | 254/329 kB | 135/778 kB
Progress (5): 0.6/1.5 MB | 0.7/2.7 MB | 593/615 kB | 254/329 kB | 135/778 kB
Progress (5): 0.6/1.5 MB | 0.7/2.7 MB | 597/615 kB | 254/329 kB | 135/778 kB
Progress (5): 0.6/1.5 MB | 0.7/2.7 MB | 601/615 kB | 254/329 kB | 135/778 kB
Progress (5): 0.6/1.5 MB | 0.7/2.7 MB | 605/615 kB | 254/329 kB | 135/778 kB
Progress (5): 0.6/1.5 MB | 0.7/2.7 MB | 609/615 kB | 254/329 kB | 135/778 kB
Progress (5): 0.6/1.5 MB | 0.7/2.7 MB | 613/615 kB | 254/329 kB | 135/778 kB
Progress (5): 0.6/1.5 MB | 0.7/2.7 MB | 615 kB | 254/329 kB | 135/778 kB    
Progress (5): 0.6/1.5 MB | 0.7/2.7 MB | 615 kB | 258/329 kB | 135/778 kB
Progress (5): 0.6/1.5 MB | 0.7/2.7 MB | 615 kB | 258/329 kB | 139/778 kB
Progress (5): 0.6/1.5 MB | 0.7/2.7 MB | 615 kB | 262/329 kB | 139/778 kB
Progress (5): 0.6/1.5 MB | 0.7/2.7 MB | 615 kB | 262/329 kB | 143/778 kB
Progress (5): 0.6/1.5 MB | 0.7/2.7 MB | 615 kB | 266/329 kB | 143/778 kB
Progress (5): 0.6/1.5 MB | 0.7/2.7 MB | 615 kB | 266/329 kB | 147/778 kB
Progress (5): 0.6/1.5 MB | 0.7/2.7 MB | 615 kB | 270/329 kB | 147/778 kB
Progress (5): 0.6/1.5 MB | 0.7/2.7 MB | 615 kB | 270/329 kB | 152/778 kB
Progress (5): 0.6/1.5 MB | 0.7/2.7 MB | 615 kB | 274/329 kB | 152/778 kB
Progress (5): 0.6/1.5 MB | 0.7/2.7 MB | 615 kB | 274/329 kB | 156/778 kB
Progress (5): 0.6/1.5 MB | 0.7/2.7 MB | 615 kB | 279/329 kB | 156/778 kB
Progress (5): 0.6/1.5 MB | 0.7/2.7 MB | 615 kB | 279/329 kB | 160/778 kB
Progress (5): 0.6/1.5 MB | 0.7/2.7 MB | 615 kB | 283/329 kB | 160/778 kB
Progress (5): 0.6/1.5 MB | 0.7/2.7 MB | 615 kB | 283/329 kB | 164/778 kB
Progress (5): 0.6/1.5 MB | 0.7/2.7 MB | 615 kB | 287/329 kB | 164/778 kB
Progress (5): 0.6/1.5 MB | 0.7/2.7 MB | 615 kB | 287/329 kB | 168/778 kB
Progress (5): 0.6/1.5 MB | 0.7/2.7 MB | 615 kB | 291/329 kB | 168/778 kB
Progress (5): 0.6/1.5 MB | 0.7/2.7 MB | 615 kB | 291/329 kB | 172/778 kB
Progress (5): 0.6/1.5 MB | 0.7/2.7 MB | 615 kB | 295/329 kB | 172/778 kB
Progress (5): 0.6/1.5 MB | 0.7/2.7 MB | 615 kB | 295/329 kB | 176/778 kB
Progress (5): 0.6/1.5 MB | 0.7/2.7 MB | 615 kB | 299/329 kB | 176/778 kB
Progress (5): 0.6/1.5 MB | 0.7/2.7 MB | 615 kB | 299/329 kB | 180/778 kB
Progress (5): 0.6/1.5 MB | 0.7/2.7 MB | 615 kB | 303/329 kB | 180/778 kB
Progress (5): 0.6/1.5 MB | 0.7/2.7 MB | 615 kB | 303/329 kB | 184/778 kB
Progress (5): 0.6/1.5 MB | 0.7/2.7 MB | 615 kB | 303/329 kB | 188/778 kB
Progress (5): 0.6/1.5 MB | 0.7/2.7 MB | 615 kB | 307/329 kB | 188/778 kB
Progress (5): 0.6/1.5 MB | 0.7/2.7 MB | 615 kB | 307/329 kB | 193/778 kB
Progress (5): 0.6/1.5 MB | 0.7/2.7 MB | 615 kB | 311/329 kB | 193/778 kB
Progress (5): 0.6/1.5 MB | 0.7/2.7 MB | 615 kB | 311/329 kB | 197/778 kB
Progress (5): 0.6/1.5 MB | 0.7/2.7 MB | 615 kB | 315/329 kB | 197/778 kB
Progress (5): 0.6/1.5 MB | 0.7/2.7 MB | 615 kB | 319/329 kB | 197/778 kB
Progress (5): 0.6/1.5 MB | 0.7/2.7 MB | 615 kB | 319/329 kB | 201/778 kB
Progress (5): 0.6/1.5 MB | 0.7/2.7 MB | 615 kB | 319/329 kB | 205/778 kB
Progress (5): 0.6/1.5 MB | 0.7/2.7 MB | 615 kB | 324/329 kB | 205/778 kB
Progress (5): 0.6/1.5 MB | 0.7/2.7 MB | 615 kB | 328/329 kB | 205/778 kB
Progress (5): 0.6/1.5 MB | 0.7/2.7 MB | 615 kB | 328/329 kB | 209/778 kB
Progress (5): 0.6/1.5 MB | 0.7/2.7 MB | 615 kB | 329 kB | 209/778 kB    
Progress (5): 0.6/1.5 MB | 0.7/2.7 MB | 615 kB | 329 kB | 213/778 kB
Progress (5): 0.6/1.5 MB | 0.7/2.7 MB | 615 kB | 329 kB | 217/778 kB
Progress (5): 0.6/1.5 MB | 0.7/2.7 MB | 615 kB | 329 kB | 221/778 kB
Progress (5): 0.6/1.5 MB | 0.7/2.7 MB | 615 kB | 329 kB | 225/778 kB
Progress (5): 0.6/1.5 MB | 0.7/2.7 MB | 615 kB | 329 kB | 229/778 kB
Progress (5): 0.6/1.5 MB | 0.7/2.7 MB | 615 kB | 329 kB | 229/778 kB
Progress (5): 0.6/1.5 MB | 0.7/2.7 MB | 615 kB | 329 kB | 233/778 kB
Progress (5): 0.6/1.5 MB | 0.7/2.7 MB | 615 kB | 329 kB | 233/778 kB
Progress (5): 0.6/1.5 MB | 0.7/2.7 MB | 615 kB | 329 kB | 238/778 kB
Progress (5): 0.6/1.5 MB | 0.7/2.7 MB | 615 kB | 329 kB | 242/778 kB
Progress (5): 0.6/1.5 MB | 0.7/2.7 MB | 615 kB | 329 kB | 246/778 kB
Progress (5): 0.6/1.5 MB | 0.7/2.7 MB | 615 kB | 329 kB | 246/778 kB
Progress (5): 0.6/1.5 MB | 0.7/2.7 MB | 615 kB | 329 kB | 250/778 kB
Progress (5): 0.6/1.5 MB | 0.7/2.7 MB | 615 kB | 329 kB | 250/778 kB
Progress (5): 0.6/1.5 MB | 0.7/2.7 MB | 615 kB | 329 kB | 254/778 kB
Progress (5): 0.6/1.5 MB | 0.7/2.7 MB | 615 kB | 329 kB | 258/778 kB
Progress (5): 0.6/1.5 MB | 0.7/2.7 MB | 615 kB | 329 kB | 262/778 kB
Progress (5): 0.6/1.5 MB | 0.7/2.7 MB | 615 kB | 329 kB | 262/778 kB
Progress (5): 0.6/1.5 MB | 0.7/2.7 MB | 615 kB | 329 kB | 266/778 kB
Progress (5): 0.7/1.5 MB | 0.7/2.7 MB | 615 kB | 329 kB | 266/778 kB
Progress (5): 0.7/1.5 MB | 0.7/2.7 MB | 615 kB | 329 kB | 270/778 kB
Progress (5): 0.7/1.5 MB | 0.7/2.7 MB | 615 kB | 329 kB | 274/778 kB
Progress (5): 0.7/1.5 MB | 0.7/2.7 MB | 615 kB | 329 kB | 279/778 kB
Progress (5): 0.7/1.5 MB | 0.7/2.7 MB | 615 kB | 329 kB | 279/778 kB
Progress (5): 0.7/1.5 MB | 0.7/2.7 MB | 615 kB | 329 kB | 283/778 kB
Progress (5): 0.7/1.5 MB | 0.7/2.7 MB | 615 kB | 329 kB | 283/778 kB
Progress (5): 0.7/1.5 MB | 0.7/2.7 MB | 615 kB | 329 kB | 287/778 kB
Progress (5): 0.7/1.5 MB | 0.7/2.7 MB | 615 kB | 329 kB | 291/778 kB
Progress (5): 0.7/1.5 MB | 0.7/2.7 MB | 615 kB | 329 kB | 295/778 kB
Progress (5): 0.7/1.5 MB | 0.7/2.7 MB | 615 kB | 329 kB | 295/778 kB
Progress (5): 0.7/1.5 MB | 0.7/2.7 MB | 615 kB | 329 kB | 299/778 kB
Progress (5): 0.7/1.5 MB | 0.7/2.7 MB | 615 kB | 329 kB | 299/778 kB
Progress (5): 0.7/1.5 MB | 0.7/2.7 MB | 615 kB | 329 kB | 303/778 kB
Progress (5): 0.7/1.5 MB | 0.7/2.7 MB | 615 kB | 329 kB | 307/778 kB
Progress (5): 0.7/1.5 MB | 0.7/2.7 MB | 615 kB | 329 kB | 311/778 kB
Progress (5): 0.7/1.5 MB | 0.7/2.7 MB | 615 kB | 329 kB | 311/778 kB
Progress (5): 0.7/1.5 MB | 0.7/2.7 MB | 615 kB | 329 kB | 315/778 kB
Progress (5): 0.7/1.5 MB | 0.7/2.7 MB | 615 kB | 329 kB | 315/778 kB
Progress (5): 0.7/1.5 MB | 0.7/2.7 MB | 615 kB | 329 kB | 319/778 kB
Progress (5): 0.7/1.5 MB | 0.7/2.7 MB | 615 kB | 329 kB | 324/778 kB
Progress (5): 0.7/1.5 MB | 0.7/2.7 MB | 615 kB | 329 kB | 328/778 kB
Progress (5): 0.7/1.5 MB | 0.7/2.7 MB | 615 kB | 329 kB | 328/778 kB
Progress (5): 0.7/1.5 MB | 0.7/2.7 MB | 615 kB | 329 kB | 328/778 kB
Progress (5): 0.7/1.5 MB | 0.7/2.7 MB | 615 kB | 329 kB | 332/778 kB
Progress (5): 0.7/1.5 MB | 0.7/2.7 MB | 615 kB | 329 kB | 336/778 kB
Progress (5): 0.7/1.5 MB | 0.7/2.7 MB | 615 kB | 329 kB | 340/778 kB
Progress (5): 0.7/1.5 MB | 0.7/2.7 MB | 615 kB | 329 kB | 344/778 kB
Progress (5): 0.7/1.5 MB | 0.7/2.7 MB | 615 kB | 329 kB | 344/778 kB
Progress (5): 0.7/1.5 MB | 0.7/2.7 MB | 615 kB | 329 kB | 344/778 kB
Progress (5): 0.7/1.5 MB | 0.7/2.7 MB | 615 kB | 329 kB | 348/778 kB
Progress (5): 0.7/1.5 MB | 0.7/2.7 MB | 615 kB | 329 kB | 352/778 kB
Progress (5): 0.7/1.5 MB | 0.7/2.7 MB | 615 kB | 329 kB | 356/778 kB
Progress (5): 0.7/1.5 MB | 0.7/2.7 MB | 615 kB | 329 kB | 360/778 kB
Progress (5): 0.7/1.5 MB | 0.7/2.7 MB | 615 kB | 329 kB | 360/778 kB
Progress (5): 0.7/1.5 MB | 0.7/2.7 MB | 615 kB | 329 kB | 360/778 kB
Progress (5): 0.7/1.5 MB | 0.7/2.7 MB | 615 kB | 329 kB | 365/778 kB
Progress (5): 0.7/1.5 MB | 0.7/2.7 MB | 615 kB | 329 kB | 369/778 kB
Progress (5): 0.7/1.5 MB | 0.7/2.7 MB | 615 kB | 329 kB | 373/778 kB
Progress (5): 0.8/1.5 MB | 0.7/2.7 MB | 615 kB | 329 kB | 373/778 kB
Progress (5): 0.8/1.5 MB | 0.7/2.7 MB | 615 kB | 329 kB | 377/778 kB
Progress (5): 0.8/1.5 MB | 0.7/2.7 MB | 615 kB | 329 kB | 377/778 kB
Progress (5): 0.8/1.5 MB | 0.7/2.7 MB | 615 kB | 329 kB | 381/778 kB
Progress (5): 0.8/1.5 MB | 0.7/2.7 MB | 615 kB | 329 kB | 385/778 kB
Progress (5): 0.8/1.5 MB | 0.7/2.7 MB | 615 kB | 329 kB | 385/778 kB
Progress (5): 0.8/1.5 MB | 0.7/2.7 MB | 615 kB | 329 kB | 389/778 kB
Progress (5): 0.8/1.5 MB | 0.7/2.7 MB | 615 kB | 329 kB | 393/778 kB
Progress (5): 0.8/1.5 MB | 0.7/2.7 MB | 615 kB | 329 kB | 393/778 kB
Progress (5): 0.8/1.5 MB | 0.7/2.7 MB | 615 kB | 329 kB | 397/778 kB
Progress (5): 0.8/1.5 MB | 0.7/2.7 MB | 615 kB | 329 kB | 397/778 kB
Progress (5): 0.8/1.5 MB | 0.7/2.7 MB | 615 kB | 329 kB | 401/778 kB
Progress (5): 0.8/1.5 MB | 0.7/2.7 MB | 615 kB | 329 kB | 406/778 kB
Progress (5): 0.8/1.5 MB | 0.7/2.7 MB | 615 kB | 329 kB | 406/778 kB
Progress (5): 0.8/1.5 MB | 0.7/2.7 MB | 615 kB | 329 kB | 410/778 kB
Progress (5): 0.8/1.5 MB | 0.7/2.7 MB | 615 kB | 329 kB | 414/778 kB
Progress (5): 0.8/1.5 MB | 0.7/2.7 MB | 615 kB | 329 kB | 414/778 kB
Progress (5): 0.8/1.5 MB | 0.7/2.7 MB | 615 kB | 329 kB | 418/778 kB
Progress (5): 0.8/1.5 MB | 0.7/2.7 MB | 615 kB | 329 kB | 418/778 kB
Progress (5): 0.8/1.5 MB | 0.7/2.7 MB | 615 kB | 329 kB | 422/778 kB
Progress (5): 0.8/1.5 MB | 0.7/2.7 MB | 615 kB | 329 kB | 426/778 kB
Progress (5): 0.8/1.5 MB | 0.7/2.7 MB | 615 kB | 329 kB | 426/778 kB
Progress (5): 0.8/1.5 MB | 0.7/2.7 MB | 615 kB | 329 kB | 430/778 kB
Progress (5): 0.8/1.5 MB | 0.7/2.7 MB | 615 kB | 329 kB | 430/778 kB
Progress (5): 0.8/1.5 MB | 0.7/2.7 MB | 615 kB | 329 kB | 434/778 kB
Progress (5): 0.8/1.5 MB | 0.7/2.7 MB | 615 kB | 329 kB | 438/778 kB
Progress (5): 0.8/1.5 MB | 0.7/2.7 MB | 615 kB | 329 kB | 442/778 kB
Progress (5): 0.8/1.5 MB | 0.7/2.7 MB | 615 kB | 329 kB | 442/778 kB
Progress (5): 0.8/1.5 MB | 0.7/2.7 MB | 615 kB | 329 kB | 442/778 kB
Progress (5): 0.8/1.5 MB | 0.7/2.7 MB | 615 kB | 329 kB | 446/778 kB
Progress (5): 0.8/1.5 MB | 0.7/2.7 MB | 615 kB | 329 kB | 451/778 kB
Progress (5): 0.8/1.5 MB | 0.7/2.7 MB | 615 kB | 329 kB | 455/778 kB
Progress (5): 0.8/1.5 MB | 0.7/2.7 MB | 615 kB | 329 kB | 459/778 kB
Progress (5): 0.9/1.5 MB | 0.7/2.7 MB | 615 kB | 329 kB | 459/778 kB
Progress (5): 0.9/1.5 MB | 0.7/2.7 MB | 615 kB | 329 kB | 459/778 kB
Progress (5): 0.9/1.5 MB | 0.7/2.7 MB | 615 kB | 329 kB | 463/778 kB
Progress (5): 0.9/1.5 MB | 0.7/2.7 MB | 615 kB | 329 kB | 467/778 kB
Progress (5): 0.9/1.5 MB | 0.7/2.7 MB | 615 kB | 329 kB | 471/778 kB
Progress (5): 0.9/1.5 MB | 0.7/2.7 MB | 615 kB | 329 kB | 475/778 kB
Progress (5): 0.9/1.5 MB | 0.7/2.7 MB | 615 kB | 329 kB | 475/778 kB
Progress (5): 0.9/1.5 MB | 0.7/2.7 MB | 615 kB | 329 kB | 479/778 kB
Progress (5): 0.9/1.5 MB | 0.7/2.7 MB | 615 kB | 329 kB | 479/778 kB
Progress (5): 0.9/1.5 MB | 0.7/2.7 MB | 615 kB | 329 kB | 483/778 kB
Progress (5): 0.9/1.5 MB | 0.7/2.7 MB | 615 kB | 329 kB | 487/778 kB
Progress (5): 0.9/1.5 MB | 0.7/2.7 MB | 615 kB | 329 kB | 492/778 kB
Progress (5): 0.9/1.5 MB | 0.7/2.7 MB | 615 kB | 329 kB | 492/778 kB
Progress (5): 0.9/1.5 MB | 0.7/2.7 MB | 615 kB | 329 kB | 492/778 kB
Progress (5): 0.9/1.5 MB | 0.7/2.7 MB | 615 kB | 329 kB | 496/778 kB
Progress (5): 0.9/1.5 MB | 0.7/2.7 MB | 615 kB | 329 kB | 500/778 kB
Progress (5): 0.9/1.5 MB | 0.7/2.7 MB | 615 kB | 329 kB | 504/778 kB
Progress (5): 0.9/1.5 MB | 0.7/2.7 MB | 615 kB | 329 kB | 508/778 kB
Progress (5): 0.9/1.5 MB | 0.7/2.7 MB | 615 kB | 329 kB | 508/778 kB
Progress (5): 0.9/1.5 MB | 0.7/2.7 MB | 615 kB | 329 kB | 508/778 kB
Progress (5): 0.9/1.5 MB | 0.7/2.7 MB | 615 kB | 329 kB | 512/778 kB
Progress (5): 0.9/1.5 MB | 0.7/2.7 MB | 615 kB | 329 kB | 516/778 kB
Progress (5): 0.9/1.5 MB | 0.7/2.7 MB | 615 kB | 329 kB | 520/778 kB
Progress (5): 0.9/1.5 MB | 0.7/2.7 MB | 615 kB | 329 kB | 524/778 kB
Progress (5): 0.9/1.5 MB | 0.7/2.7 MB | 615 kB | 329 kB | 524/778 kB
Progress (5): 0.9/1.5 MB | 0.7/2.7 MB | 615 kB | 329 kB | 524/778 kB
Progress (5): 0.9/1.5 MB | 0.7/2.7 MB | 615 kB | 329 kB | 528/778 kB
Progress (5): 0.9/1.5 MB | 0.7/2.7 MB | 615 kB | 329 kB | 532/778 kB
Progress (5): 0.9/1.5 MB | 0.7/2.7 MB | 615 kB | 329 kB | 537/778 kB
Progress (5): 0.9/1.5 MB | 0.7/2.7 MB | 615 kB | 329 kB | 537/778 kB
Progress (5): 0.9/1.5 MB | 0.7/2.7 MB | 615 kB | 329 kB | 541/778 kB
Progress (5): 0.9/1.5 MB | 0.7/2.7 MB | 615 kB | 329 kB | 541/778 kB
Progress (5): 0.9/1.5 MB | 0.7/2.7 MB | 615 kB | 329 kB | 545/778 kB
Progress (5): 0.9/1.5 MB | 0.7/2.7 MB | 615 kB | 329 kB | 549/778 kB
Progress (5): 1.0/1.5 MB | 0.7/2.7 MB | 615 kB | 329 kB | 549/778 kB
Progress (5): 1.0/1.5 MB | 0.7/2.7 MB | 615 kB | 329 kB | 553/778 kB
Progress (5): 1.0/1.5 MB | 0.7/2.7 MB | 615 kB | 329 kB | 557/778 kB
Progress (5): 1.0/1.5 MB | 0.7/2.7 MB | 615 kB | 329 kB | 557/778 kB
Progress (5): 1.0/1.5 MB | 0.7/2.7 MB | 615 kB | 329 kB | 561/778 kB
Progress (5): 1.0/1.5 MB | 0.7/2.7 MB | 615 kB | 329 kB | 561/778 kB
Progress (5): 1.0/1.5 MB | 0.7/2.7 MB | 615 kB | 329 kB | 565/778 kB
Progress (5): 1.0/1.5 MB | 0.7/2.7 MB | 615 kB | 329 kB | 569/778 kB
Progress (5): 1.0/1.5 MB | 0.7/2.7 MB | 615 kB | 329 kB | 569/778 kB
Progress (5): 1.0/1.5 MB | 0.7/2.7 MB | 615 kB | 329 kB | 573/778 kB
Progress (5): 1.0/1.5 MB | 0.7/2.7 MB | 615 kB | 329 kB | 578/778 kB
Progress (5): 1.0/1.5 MB | 0.7/2.7 MB | 615 kB | 329 kB | 578/778 kB
Progress (5): 1.0/1.5 MB | 0.7/2.7 MB | 615 kB | 329 kB | 582/778 kB
Progress (5): 1.0/1.5 MB | 0.7/2.7 MB | 615 kB | 329 kB | 585/778 kB
Progress (5): 1.0/1.5 MB | 0.7/2.7 MB | 615 kB | 329 kB | 585/778 kB
Progress (5): 1.0/1.5 MB | 0.7/2.7 MB | 615 kB | 329 kB | 585/778 kB
Progress (5): 1.0/1.5 MB | 0.7/2.7 MB | 615 kB | 329 kB | 585/778 kB
Progress (5): 1.0/1.5 MB | 0.7/2.7 MB | 615 kB | 329 kB | 585/778 kB
Progress (5): 1.0/1.5 MB | 0.7/2.7 MB | 615 kB | 329 kB | 585/778 kB
Progress (5): 1.0/1.5 MB | 0.7/2.7 MB | 615 kB | 329 kB | 585/778 kB
Progress (5): 1.0/1.5 MB | 0.7/2.7 MB | 615 kB | 329 kB | 585/778 kB
Progress (5): 1.1/1.5 MB | 0.7/2.7 MB | 615 kB | 329 kB | 585/778 kB
Progress (5): 1.1/1.5 MB | 0.7/2.7 MB | 615 kB | 329 kB | 585/778 kB
Progress (5): 1.1/1.5 MB | 0.7/2.7 MB | 615 kB | 329 kB | 585/778 kB
Progress (5): 1.1/1.5 MB | 0.7/2.7 MB | 615 kB | 329 kB | 585/778 kB
Progress (5): 1.1/1.5 MB | 0.7/2.7 MB | 615 kB | 329 kB | 585/778 kB
Progress (5): 1.1/1.5 MB | 0.7/2.7 MB | 615 kB | 329 kB | 585/778 kB
                                                                    
Downloaded from central: https://repo.maven.apache.org/maven2/org/apache/httpcomponents/httpcore/4.4.13/httpcore-4.4.13.jar (329 kB at 3.7 MB/s)
Downloading from central: https://repo.maven.apache.org/maven2/commons-logging/commons-logging/1.2/commons-logging-1.2.jar
Downloaded from central: https://repo.maven.apache.org/maven2/org/apache/commons/commons-compress/1.19/commons-compress-1.19.jar (615 kB at 6.8 MB/s)
Downloading from central: https://repo.maven.apache.org/maven2/commons-codec/commons-codec/1.11/commons-codec-1.11.jar
Progress (3): 1.1/1.5 MB | 0.7/2.7 MB | 585/778 kB
Progress (3): 1.1/1.5 MB | 0.7/2.7 MB | 589/778 kB
Progress (3): 1.1/1.5 MB | 0.7/2.7 MB | 593/778 kB
Progress (3): 1.1/1.5 MB | 0.7/2.7 MB | 597/778 kB
Progress (3): 1.1/1.5 MB | 0.7/2.7 MB | 601/778 kB
Progress (3): 1.1/1.5 MB | 0.7/2.7 MB | 605/778 kB
Progress (3): 1.1/1.5 MB | 0.7/2.7 MB | 609/778 kB
Progress (3): 1.1/1.5 MB | 0.7/2.7 MB | 613/778 kB
Progress (3): 1.1/1.5 MB | 0.7/2.7 MB | 617/778 kB
Progress (3): 1.1/1.5 MB | 0.7/2.7 MB | 617/778 kB
Progress (3): 1.1/1.5 MB | 0.7/2.7 MB | 617/778 kB
Progress (3): 1.1/1.5 MB | 0.8/2.7 MB | 617/778 kB
Progress (3): 1.1/1.5 MB | 0.8/2.7 MB | 617/778 kB
Progress (3): 1.1/1.5 MB | 0.8/2.7 MB | 617/778 kB
Progress (4): 1.1/1.5 MB | 0.8/2.7 MB | 617/778 kB | 4.1/62 kB
Progress (4): 1.1/1.5 MB | 0.8/2.7 MB | 617/778 kB | 8.2/62 kB
Progress (4): 1.1/1.5 MB | 0.8/2.7 MB | 617/778 kB | 12/62 kB 
Progress (4): 1.1/1.5 MB | 0.8/2.7 MB | 617/778 kB | 16/62 kB
Progress (4): 1.1/1.5 MB | 0.8/2.7 MB | 617/778 kB | 16/62 kB
Progress (4): 1.1/1.5 MB | 0.8/2.7 MB | 617/778 kB | 20/62 kB
Progress (4): 1.1/1.5 MB | 0.8/2.7 MB | 617/778 kB | 25/62 kB
Progress (4): 1.1/1.5 MB | 0.8/2.7 MB | 617/778 kB | 29/62 kB
Progress (4): 1.1/1.5 MB | 0.8/2.7 MB | 617/778 kB | 33/62 kB
Progress (4): 1.1/1.5 MB | 0.8/2.7 MB | 617/778 kB | 33/62 kB
Progress (4): 1.1/1.5 MB | 0.8/2.7 MB | 617/778 kB | 37/62 kB
Progress (4): 1.1/1.5 MB | 0.8/2.7 MB | 617/778 kB | 41/62 kB
Progress (4): 1.1/1.5 MB | 0.8/2.7 MB | 617/778 kB | 41/62 kB
Progress (4): 1.1/1.5 MB | 0.8/2.7 MB | 617/778 kB | 45/62 kB
Progress (4): 1.1/1.5 MB | 0.8/2.7 MB | 617/778 kB | 49/62 kB
Progress (4): 1.1/1.5 MB | 0.8/2.7 MB | 617/778 kB | 53/62 kB
Progress (4): 1.1/1.5 MB | 0.8/2.7 MB | 617/778 kB | 57/62 kB
Progress (5): 1.1/1.5 MB | 0.8/2.7 MB | 617/778 kB | 57/62 kB | 4.1/335 kB
Progress (5): 1.1/1.5 MB | 0.8/2.7 MB | 617/778 kB | 61/62 kB | 4.1/335 kB
Progress (5): 1.1/1.5 MB | 0.8/2.7 MB | 617/778 kB | 62 kB | 4.1/335 kB   
Progress (5): 1.1/1.5 MB | 0.8/2.7 MB | 617/778 kB | 62 kB | 8.2/335 kB
Progress (5): 1.1/1.5 MB | 0.8/2.7 MB | 617/778 kB | 62 kB | 12/335 kB 
Progress (5): 1.1/1.5 MB | 0.8/2.7 MB | 617/778 kB | 62 kB | 16/335 kB
Progress (5): 1.1/1.5 MB | 0.8/2.7 MB | 617/778 kB | 62 kB | 20/335 kB
Progress (5): 1.1/1.5 MB | 0.8/2.7 MB | 617/778 kB | 62 kB | 25/335 kB
Progress (5): 1.1/1.5 MB | 0.8/2.7 MB | 617/778 kB | 62 kB | 29/335 kB
Progress (5): 1.1/1.5 MB | 0.8/2.7 MB | 617/778 kB | 62 kB | 33/335 kB
Progress (5): 1.1/1.5 MB | 0.8/2.7 MB | 617/778 kB | 62 kB | 37/335 kB
Progress (5): 1.1/1.5 MB | 0.8/2.7 MB | 617/778 kB | 62 kB | 41/335 kB
Progress (5): 1.1/1.5 MB | 0.8/2.7 MB | 617/778 kB | 62 kB | 41/335 kB
Progress (5): 1.1/1.5 MB | 0.8/2.7 MB | 617/778 kB | 62 kB | 45/335 kB
Progress (5): 1.1/1.5 MB | 0.8/2.7 MB | 617/778 kB | 62 kB | 49/335 kB
Progress (5): 1.1/1.5 MB | 0.8/2.7 MB | 617/778 kB | 62 kB | 53/335 kB
Progress (5): 1.1/1.5 MB | 0.8/2.7 MB | 617/778 kB | 62 kB | 57/335 kB
Progress (5): 1.1/1.5 MB | 0.9/2.7 MB | 617/778 kB | 62 kB | 57/335 kB
Progress (5): 1.1/1.5 MB | 0.9/2.7 MB | 617/778 kB | 62 kB | 61/335 kB
Progress (5): 1.1/1.5 MB | 0.9/2.7 MB | 617/778 kB | 62 kB | 65/335 kB
Progress (5): 1.1/1.5 MB | 0.9/2.7 MB | 617/778 kB | 62 kB | 69/335 kB
Progress (5): 1.1/1.5 MB | 0.9/2.7 MB | 617/778 kB | 62 kB | 69/335 kB
Progress (5): 1.1/1.5 MB | 0.9/2.7 MB | 617/778 kB | 62 kB | 73/335 kB
Progress (5): 1.1/1.5 MB | 0.9/2.7 MB | 617/778 kB | 62 kB | 78/335 kB
Progress (5): 1.1/1.5 MB | 0.9/2.7 MB | 617/778 kB | 62 kB | 82/335 kB
Progress (5): 1.1/1.5 MB | 0.9/2.7 MB | 617/778 kB | 62 kB | 86/335 kB
Progress (5): 1.1/1.5 MB | 0.9/2.7 MB | 617/778 kB | 62 kB | 86/335 kB
Progress (5): 1.1/1.5 MB | 0.9/2.7 MB | 617/778 kB | 62 kB | 90/335 kB
Progress (5): 1.1/1.5 MB | 0.9/2.7 MB | 617/778 kB | 62 kB | 94/335 kB
Progress (5): 1.1/1.5 MB | 0.9/2.7 MB | 617/778 kB | 62 kB | 98/335 kB
Progress (5): 1.1/1.5 MB | 0.9/2.7 MB | 617/778 kB | 62 kB | 102/335 kB
Progress (5): 1.1/1.5 MB | 0.9/2.7 MB | 617/778 kB | 62 kB | 102/335 kB
Progress (5): 1.1/1.5 MB | 0.9/2.7 MB | 617/778 kB | 62 kB | 106/335 kB
Progress (5): 1.1/1.5 MB | 0.9/2.7 MB | 617/778 kB | 62 kB | 110/335 kB
Progress (5): 1.1/1.5 MB | 0.9/2.7 MB | 617/778 kB | 62 kB | 114/335 kB
Progress (5): 1.1/1.5 MB | 0.9/2.7 MB | 617/778 kB | 62 kB | 118/335 kB
Progress (5): 1.1/1.5 MB | 0.9/2.7 MB | 617/778 kB | 62 kB | 118/335 kB
Progress (5): 1.1/1.5 MB | 0.9/2.7 MB | 617/778 kB | 62 kB | 123/335 kB
Progress (5): 1.1/1.5 MB | 0.9/2.7 MB | 617/778 kB | 62 kB | 127/335 kB
Progress (5): 1.1/1.5 MB | 0.9/2.7 MB | 617/778 kB | 62 kB | 131/335 kB
Progress (5): 1.1/1.5 MB | 0.9/2.7 MB | 617/778 kB | 62 kB | 135/335 kB
Progress (5): 1.1/1.5 MB | 0.9/2.7 MB | 617/778 kB | 62 kB | 139/335 kB
Progress (5): 1.1/1.5 MB | 0.9/2.7 MB | 617/778 kB | 62 kB | 143/335 kB
Progress (5): 1.1/1.5 MB | 0.9/2.7 MB | 617/778 kB | 62 kB | 147/335 kB
Progress (5): 1.1/1.5 MB | 0.9/2.7 MB | 617/778 kB | 62 kB | 151/335 kB
Progress (5): 1.1/1.5 MB | 0.9/2.7 MB | 617/778 kB | 62 kB | 155/335 kB
Progress (5): 1.1/1.5 MB | 0.9/2.7 MB | 617/778 kB | 62 kB | 155/335 kB
Progress (5): 1.1/1.5 MB | 0.9/2.7 MB | 617/778 kB | 62 kB | 155/335 kB
Progress (5): 1.1/1.5 MB | 0.9/2.7 MB | 617/778 kB | 62 kB | 155/335 kB
Progress (5): 1.1/1.5 MB | 0.9/2.7 MB | 617/778 kB | 62 kB | 155/335 kB
Progress (5): 1.1/1.5 MB | 0.9/2.7 MB | 617/778 kB | 62 kB | 155/335 kB
Progress (5): 1.1/1.5 MB | 1.0/2.7 MB | 617/778 kB | 62 kB | 155/335 kB
Progress (5): 1.1/1.5 MB | 1.0/2.7 MB | 617/778 kB | 62 kB | 159/335 kB
Progress (5): 1.1/1.5 MB | 1.0/2.7 MB | 617/778 kB | 62 kB | 164/335 kB
Progress (5): 1.1/1.5 MB | 1.0/2.7 MB | 617/778 kB | 62 kB | 168/335 kB
Progress (5): 1.1/1.5 MB | 1.0/2.7 MB | 617/778 kB | 62 kB | 172/335 kB
Progress (5): 1.1/1.5 MB | 1.0/2.7 MB | 617/778 kB | 62 kB | 176/335 kB
Progress (5): 1.1/1.5 MB | 1.0/2.7 MB | 617/778 kB | 62 kB | 180/335 kB
Progress (5): 1.1/1.5 MB | 1.0/2.7 MB | 617/778 kB | 62 kB | 184/335 kB
Progress (5): 1.1/1.5 MB | 1.0/2.7 MB | 617/778 kB | 62 kB | 184/335 kB
Progress (5): 1.1/1.5 MB | 1.0/2.7 MB | 617/778 kB | 62 kB | 184/335 kB
Progress (5): 1.1/1.5 MB | 1.0/2.7 MB | 617/778 kB | 62 kB | 184/335 kB
Progress (5): 1.2/1.5 MB | 1.0/2.7 MB | 617/778 kB | 62 kB | 184/335 kB
                                                                       
Downloaded from central: https://repo.maven.apache.org/maven2/commons-logging/commons-logging/1.2/commons-logging-1.2.jar (62 kB at 572 kB/s)
Downloading from central: https://repo.maven.apache.org/maven2/org/springframework/boot/spring-boot-loader-tools/2.3.2.RELEASE/spring-boot-loader-tools-2.3.2.RELEASE.jar
Progress (4): 1.2/1.5 MB | 1.0/2.7 MB | 617/778 kB | 184/335 kB
Progress (4): 1.2/1.5 MB | 1.0/2.7 MB | 617/778 kB | 184/335 kB
Progress (4): 1.2/1.5 MB | 1.0/2.7 MB | 617/778 kB | 184/335 kB
Progress (4): 1.2/1.5 MB | 1.0/2.7 MB | 617/778 kB | 184/335 kB
Progress (4): 1.2/1.5 MB | 1.0/2.7 MB | 622/778 kB | 184/335 kB
Progress (4): 1.2/1.5 MB | 1.0/2.7 MB | 626/778 kB | 184/335 kB
Progress (4): 1.2/1.5 MB | 1.0/2.7 MB | 630/778 kB | 184/335 kB
Progress (4): 1.2/1.5 MB | 1.0/2.7 MB | 634/778 kB | 184/335 kB
Progress (4): 1.2/1.5 MB | 1.0/2.7 MB | 634/778 kB | 184/335 kB
Progress (4): 1.2/1.5 MB | 1.0/2.7 MB | 638/778 kB | 184/335 kB
Progress (4): 1.2/1.5 MB | 1.0/2.7 MB | 642/778 kB | 184/335 kB
Progress (4): 1.2/1.5 MB | 1.0/2.7 MB | 646/778 kB | 184/335 kB
Progress (4): 1.2/1.5 MB | 1.0/2.7 MB | 650/778 kB | 184/335 kB
Progress (4): 1.2/1.5 MB | 1.0/2.7 MB | 650/778 kB | 184/335 kB
Progress (4): 1.2/1.5 MB | 1.0/2.7 MB | 654/778 kB | 184/335 kB
Progress (4): 1.2/1.5 MB | 1.0/2.7 MB | 658/778 kB | 184/335 kB
Progress (4): 1.2/1.5 MB | 1.0/2.7 MB | 663/778 kB | 184/335 kB
Progress (4): 1.2/1.5 MB | 1.0/2.7 MB | 667/778 kB | 184/335 kB
Progress (4): 1.2/1.5 MB | 1.0/2.7 MB | 667/778 kB | 184/335 kB
Progress (4): 1.2/1.5 MB | 1.0/2.7 MB | 671/778 kB | 184/335 kB
Progress (4): 1.2/1.5 MB | 1.0/2.7 MB | 675/778 kB | 184/335 kB
Progress (4): 1.2/1.5 MB | 1.0/2.7 MB | 679/778 kB | 184/335 kB
Progress (4): 1.2/1.5 MB | 1.0/2.7 MB | 683/778 kB | 184/335 kB
Progress (4): 1.2/1.5 MB | 1.1/2.7 MB | 683/778 kB | 184/335 kB
Progress (4): 1.2/1.5 MB | 1.1/2.7 MB | 687/778 kB | 184/335 kB
Progress (4): 1.2/1.5 MB | 1.1/2.7 MB | 691/778 kB | 184/335 kB
Progress (4): 1.2/1.5 MB | 1.1/2.7 MB | 695/778 kB | 184/335 kB
Progress (4): 1.2/1.5 MB | 1.1/2.7 MB | 699/778 kB | 184/335 kB
Progress (4): 1.2/1.5 MB | 1.1/2.7 MB | 699/778 kB | 184/335 kB
Progress (4): 1.2/1.5 MB | 1.1/2.7 MB | 703/778 kB | 184/335 kB
Progress (4): 1.2/1.5 MB | 1.1/2.7 MB | 708/778 kB | 184/335 kB
Progress (4): 1.2/1.5 MB | 1.1/2.7 MB | 712/778 kB | 184/335 kB
Progress (4): 1.2/1.5 MB | 1.1/2.7 MB | 716/778 kB | 184/335 kB
Progress (4): 1.2/1.5 MB | 1.1/2.7 MB | 716/778 kB | 184/335 kB
Progress (4): 1.2/1.5 MB | 1.1/2.7 MB | 720/778 kB | 184/335 kB
Progress (4): 1.2/1.5 MB | 1.1/2.7 MB | 724/778 kB | 184/335 kB
Progress (4): 1.2/1.5 MB | 1.1/2.7 MB | 728/778 kB | 184/335 kB
Progress (4): 1.2/1.5 MB | 1.1/2.7 MB | 732/778 kB | 184/335 kB
Progress (4): 1.2/1.5 MB | 1.1/2.7 MB | 732/778 kB | 184/335 kB
Progress (4): 1.2/1.5 MB | 1.1/2.7 MB | 736/778 kB | 184/335 kB
Progress (4): 1.2/1.5 MB | 1.1/2.7 MB | 740/778 kB | 184/335 kB
Progress (4): 1.2/1.5 MB | 1.1/2.7 MB | 744/778 kB | 184/335 kB
Progress (5): 1.2/1.5 MB | 1.1/2.7 MB | 744/778 kB | 184/335 kB | 4.1/240 kB
Progress (5): 1.2/1.5 MB | 1.1/2.7 MB | 749/778 kB | 184/335 kB | 4.1/240 kB
Progress (5): 1.2/1.5 MB | 1.1/2.7 MB | 753/778 kB | 184/335 kB | 4.1/240 kB
Progress (5): 1.2/1.5 MB | 1.1/2.7 MB | 757/778 kB | 184/335 kB | 4.1/240 kB
Progress (5): 1.2/1.5 MB | 1.1/2.7 MB | 761/778 kB | 184/335 kB | 4.1/240 kB
Progress (5): 1.2/1.5 MB | 1.1/2.7 MB | 765/778 kB | 184/335 kB | 4.1/240 kB
Progress (5): 1.2/1.5 MB | 1.1/2.7 MB | 769/778 kB | 184/335 kB | 4.1/240 kB
Progress (5): 1.2/1.5 MB | 1.1/2.7 MB | 773/778 kB | 184/335 kB | 4.1/240 kB
Progress (5): 1.2/1.5 MB | 1.1/2.7 MB | 777/778 kB | 184/335 kB | 4.1/240 kB
Progress (5): 1.2/1.5 MB | 1.1/2.7 MB | 778 kB | 184/335 kB | 4.1/240 kB    
Progress (5): 1.2/1.5 MB | 1.1/2.7 MB | 778 kB | 188/335 kB | 4.1/240 kB
Progress (5): 1.2/1.5 MB | 1.1/2.7 MB | 778 kB | 188/335 kB | 4.1/240 kB
Progress (5): 1.2/1.5 MB | 1.1/2.7 MB | 778 kB | 192/335 kB | 4.1/240 kB
Progress (5): 1.2/1.5 MB | 1.1/2.7 MB | 778 kB | 192/335 kB | 8.2/240 kB
Progress (5): 1.2/1.5 MB | 1.1/2.7 MB | 778 kB | 192/335 kB | 12/240 kB 
Progress (5): 1.2/1.5 MB | 1.1/2.7 MB | 778 kB | 192/335 kB | 16/240 kB
Progress (5): 1.2/1.5 MB | 1.1/2.7 MB | 778 kB | 196/335 kB | 16/240 kB
Progress (5): 1.2/1.5 MB | 1.1/2.7 MB | 778 kB | 200/335 kB | 16/240 kB
Progress (5): 1.2/1.5 MB | 1.1/2.7 MB | 778 kB | 200/335 kB | 20/240 kB
Progress (5): 1.2/1.5 MB | 1.1/2.7 MB | 778 kB | 200/335 kB | 24/240 kB
Progress (5): 1.2/1.5 MB | 1.1/2.7 MB | 778 kB | 200/335 kB | 28/240 kB
Progress (5): 1.2/1.5 MB | 1.1/2.7 MB | 778 kB | 200/335 kB | 28/240 kB
Progress (5): 1.2/1.5 MB | 1.1/2.7 MB | 778 kB | 200/335 kB | 32/240 kB
Progress (5): 1.2/1.5 MB | 1.1/2.7 MB | 778 kB | 200/335 kB | 32/240 kB
Progress (5): 1.2/1.5 MB | 1.1/2.7 MB | 778 kB | 200/335 kB | 36/240 kB
Progress (5): 1.2/1.5 MB | 1.1/2.7 MB | 778 kB | 200/335 kB | 40/240 kB
Progress (5): 1.2/1.5 MB | 1.1/2.7 MB | 778 kB | 200/335 kB | 45/240 kB
Progress (5): 1.2/1.5 MB | 1.1/2.7 MB | 778 kB | 200/335 kB | 49/240 kB
Progress (5): 1.2/1.5 MB | 1.1/2.7 MB | 778 kB | 204/335 kB | 49/240 kB
Progress (5): 1.2/1.5 MB | 1.1/2.7 MB | 778 kB | 209/335 kB | 49/240 kB
Progress (5): 1.2/1.5 MB | 1.1/2.7 MB | 778 kB | 213/335 kB | 49/240 kB
Progress (5): 1.2/1.5 MB | 1.1/2.7 MB | 778 kB | 217/335 kB | 49/240 kB
Progress (5): 1.2/1.5 MB | 1.1/2.7 MB | 778 kB | 217/335 kB | 49/240 kB
Progress (5): 1.2/1.5 MB | 1.1/2.7 MB | 778 kB | 217/335 kB | 49/240 kB
Progress (5): 1.2/1.5 MB | 1.1/2.7 MB | 778 kB | 217/335 kB | 49/240 kB
Progress (5): 1.2/1.5 MB | 1.1/2.7 MB | 778 kB | 217/335 kB | 49/240 kB
Progress (5): 1.2/1.5 MB | 1.1/2.7 MB | 778 kB | 217/335 kB | 49/240 kB
Progress (5): 1.2/1.5 MB | 1.1/2.7 MB | 778 kB | 217/335 kB | 49/240 kB
Progress (5): 1.2/1.5 MB | 1.2/2.7 MB | 778 kB | 217/335 kB | 49/240 kB
Progress (5): 1.2/1.5 MB | 1.2/2.7 MB | 778 kB | 221/335 kB | 49/240 kB
Progress (5): 1.2/1.5 MB | 1.2/2.7 MB | 778 kB | 221/335 kB | 53/240 kB
Progress (5): 1.2/1.5 MB | 1.2/2.7 MB | 778 kB | 225/335 kB | 53/240 kB
Progress (5): 1.2/1.5 MB | 1.2/2.7 MB | 778 kB | 225/335 kB | 57/240 kB
Progress (5): 1.2/1.5 MB | 1.2/2.7 MB | 778 kB | 229/335 kB | 57/240 kB
Progress (5): 1.2/1.5 MB | 1.2/2.7 MB | 778 kB | 229/335 kB | 61/240 kB
Progress (5): 1.2/1.5 MB | 1.2/2.7 MB | 778 kB | 233/335 kB | 61/240 kB
Progress (5): 1.2/1.5 MB | 1.2/2.7 MB | 778 kB | 237/335 kB | 61/240 kB
Progress (5): 1.2/1.5 MB | 1.2/2.7 MB | 778 kB | 241/335 kB | 61/240 kB
Progress (5): 1.2/1.5 MB | 1.2/2.7 MB | 778 kB | 245/335 kB | 61/240 kB
Progress (5): 1.2/1.5 MB | 1.2/2.7 MB | 778 kB | 250/335 kB | 61/240 kB
Progress (5): 1.2/1.5 MB | 1.2/2.7 MB | 778 kB | 254/335 kB | 61/240 kB
Progress (5): 1.2/1.5 MB | 1.2/2.7 MB | 778 kB | 258/335 kB | 61/240 kB
Progress (5): 1.2/1.5 MB | 1.2/2.7 MB | 778 kB | 262/335 kB | 61/240 kB
Progress (5): 1.2/1.5 MB | 1.2/2.7 MB | 778 kB | 266/335 kB | 61/240 kB
Progress (5): 1.2/1.5 MB | 1.2/2.7 MB | 778 kB | 270/335 kB | 61/240 kB
Progress (5): 1.2/1.5 MB | 1.2/2.7 MB | 778 kB | 274/335 kB | 61/240 kB
Progress (5): 1.2/1.5 MB | 1.2/2.7 MB | 778 kB | 278/335 kB | 61/240 kB
Progress (5): 1.2/1.5 MB | 1.2/2.7 MB | 778 kB | 282/335 kB | 61/240 kB
Progress (5): 1.2/1.5 MB | 1.2/2.7 MB | 778 kB | 282/335 kB | 61/240 kB
Progress (5): 1.2/1.5 MB | 1.2/2.7 MB | 778 kB | 282/335 kB | 61/240 kB
Progress (5): 1.2/1.5 MB | 1.2/2.7 MB | 778 kB | 282/335 kB | 65/240 kB
Progress (5): 1.3/1.5 MB | 1.2/2.7 MB | 778 kB | 282/335 kB | 65/240 kB
Progress (5): 1.3/1.5 MB | 1.2/2.7 MB | 778 kB | 282/335 kB | 69/240 kB
Progress (5): 1.3/1.5 MB | 1.2/2.7 MB | 778 kB | 282/335 kB | 69/240 kB
Progress (5): 1.3/1.5 MB | 1.2/2.7 MB | 778 kB | 282/335 kB | 73/240 kB
Progress (5): 1.3/1.5 MB | 1.2/2.7 MB | 778 kB | 282/335 kB | 77/240 kB
Progress (5): 1.3/1.5 MB | 1.2/2.7 MB | 778 kB | 282/335 kB | 77/240 kB
Progress (5): 1.3/1.5 MB | 1.2/2.7 MB | 778 kB | 282/335 kB | 81/240 kB
Progress (5): 1.3/1.5 MB | 1.2/2.7 MB | 778 kB | 282/335 kB | 85/240 kB
Progress (5): 1.3/1.5 MB | 1.2/2.7 MB | 778 kB | 282/335 kB | 85/240 kB
Progress (5): 1.3/1.5 MB | 1.2/2.7 MB | 778 kB | 282/335 kB | 90/240 kB
Progress (5): 1.3/1.5 MB | 1.2/2.7 MB | 778 kB | 282/335 kB | 90/240 kB
Progress (5): 1.3/1.5 MB | 1.2/2.7 MB | 778 kB | 282/335 kB | 94/240 kB
Progress (5): 1.3/1.5 MB | 1.2/2.7 MB | 778 kB | 282/335 kB | 98/240 kB
Progress (5): 1.3/1.5 MB | 1.2/2.7 MB | 778 kB | 282/335 kB | 98/240 kB
Progress (5): 1.3/1.5 MB | 1.2/2.7 MB | 778 kB | 282/335 kB | 102/240 kB
Progress (5): 1.3/1.5 MB | 1.2/2.7 MB | 778 kB | 282/335 kB | 106/240 kB
Progress (5): 1.3/1.5 MB | 1.2/2.7 MB | 778 kB | 282/335 kB | 106/240 kB
Progress (5): 1.3/1.5 MB | 1.2/2.7 MB | 778 kB | 282/335 kB | 110/240 kB
Progress (5): 1.3/1.5 MB | 1.2/2.7 MB | 778 kB | 282/335 kB | 114/240 kB
Progress (5): 1.3/1.5 MB | 1.2/2.7 MB | 778 kB | 282/335 kB | 114/240 kB
Progress (5): 1.3/1.5 MB | 1.2/2.7 MB | 778 kB | 282/335 kB | 118/240 kB
Progress (5): 1.3/1.5 MB | 1.2/2.7 MB | 778 kB | 282/335 kB | 118/240 kB
Progress (5): 1.3/1.5 MB | 1.2/2.7 MB | 778 kB | 282/335 kB | 122/240 kB
Progress (5): 1.3/1.5 MB | 1.2/2.7 MB | 778 kB | 282/335 kB | 126/240 kB
Progress (5): 1.3/1.5 MB | 1.2/2.7 MB | 778 kB | 282/335 kB | 131/240 kB
Progress (5): 1.3/1.5 MB | 1.2/2.7 MB | 778 kB | 282/335 kB | 131/240 kB
Progress (5): 1.3/1.5 MB | 1.2/2.7 MB | 778 kB | 282/335 kB | 135/240 kB
Progress (5): 1.3/1.5 MB | 1.2/2.7 MB | 778 kB | 282/335 kB | 135/240 kB
Progress (5): 1.3/1.5 MB | 1.2/2.7 MB | 778 kB | 282/335 kB | 139/240 kB
Progress (5): 1.3/1.5 MB | 1.2/2.7 MB | 778 kB | 282/335 kB | 143/240 kB
Progress (5): 1.3/1.5 MB | 1.2/2.7 MB | 778 kB | 282/335 kB | 147/240 kB
Progress (5): 1.3/1.5 MB | 1.2/2.7 MB | 778 kB | 282/335 kB | 147/240 kB
Progress (5): 1.3/1.5 MB | 1.2/2.7 MB | 778 kB | 282/335 kB | 147/240 kB
Progress (5): 1.3/1.5 MB | 1.2/2.7 MB | 778 kB | 282/335 kB | 151/240 kB
Progress (5): 1.3/1.5 MB | 1.2/2.7 MB | 778 kB | 282/335 kB | 155/240 kB
Progress (5): 1.3/1.5 MB | 1.2/2.7 MB | 778 kB | 282/335 kB | 159/240 kB
Progress (5): 1.3/1.5 MB | 1.2/2.7 MB | 778 kB | 282/335 kB | 163/240 kB
Progress (5): 1.4/1.5 MB | 1.2/2.7 MB | 778 kB | 282/335 kB | 163/240 kB
Progress (5): 1.4/1.5 MB | 1.2/2.7 MB | 778 kB | 282/335 kB | 163/240 kB
Progress (5): 1.4/1.5 MB | 1.2/2.7 MB | 778 kB | 282/335 kB | 167/240 kB
Progress (5): 1.4/1.5 MB | 1.2/2.7 MB | 778 kB | 282/335 kB | 172/240 kB
Progress (5): 1.4/1.5 MB | 1.2/2.7 MB | 778 kB | 282/335 kB | 176/240 kB
Progress (5): 1.4/1.5 MB | 1.2/2.7 MB | 778 kB | 282/335 kB | 180/240 kB
Progress (5): 1.4/1.5 MB | 1.2/2.7 MB | 778 kB | 282/335 kB | 180/240 kB
Progress (5): 1.4/1.5 MB | 1.2/2.7 MB | 778 kB | 282/335 kB | 180/240 kB
Progress (5): 1.4/1.5 MB | 1.2/2.7 MB | 778 kB | 282/335 kB | 184/240 kB
Progress (5): 1.4/1.5 MB | 1.2/2.7 MB | 778 kB | 282/335 kB | 188/240 kB
Progress (5): 1.4/1.5 MB | 1.2/2.7 MB | 778 kB | 282/335 kB | 192/240 kB
Progress (5): 1.4/1.5 MB | 1.2/2.7 MB | 778 kB | 282/335 kB | 192/240 kB
Progress (5): 1.4/1.5 MB | 1.2/2.7 MB | 778 kB | 282/335 kB | 196/240 kB
Progress (5): 1.4/1.5 MB | 1.2/2.7 MB | 778 kB | 282/335 kB | 196/240 kB
Progress (5): 1.4/1.5 MB | 1.2/2.7 MB | 778 kB | 282/335 kB | 200/240 kB
Progress (5): 1.4/1.5 MB | 1.2/2.7 MB | 778 kB | 282/335 kB | 204/240 kB
Progress (5): 1.4/1.5 MB | 1.2/2.7 MB | 778 kB | 282/335 kB | 204/240 kB
Progress (5): 1.4/1.5 MB | 1.2/2.7 MB | 778 kB | 282/335 kB | 208/240 kB
Progress (5): 1.4/1.5 MB | 1.2/2.7 MB | 778 kB | 282/335 kB | 212/240 kB
Progress (5): 1.4/1.5 MB | 1.2/2.7 MB | 778 kB | 282/335 kB | 212/240 kB
Progress (5): 1.4/1.5 MB | 1.2/2.7 MB | 778 kB | 282/335 kB | 217/240 kB
Progress (5): 1.4/1.5 MB | 1.2/2.7 MB | 778 kB | 282/335 kB | 221/240 kB
Progress (5): 1.4/1.5 MB | 1.2/2.7 MB | 778 kB | 282/335 kB | 221/240 kB
Progress (5): 1.4/1.5 MB | 1.2/2.7 MB | 778 kB | 282/335 kB | 225/240 kB
Progress (5): 1.4/1.5 MB | 1.2/2.7 MB | 778 kB | 282/335 kB | 225/240 kB
Progress (5): 1.4/1.5 MB | 1.2/2.7 MB | 778 kB | 282/335 kB | 229/240 kB
Progress (5): 1.4/1.5 MB | 1.2/2.7 MB | 778 kB | 282/335 kB | 233/240 kB
Progress (5): 1.4/1.5 MB | 1.2/2.7 MB | 778 kB | 282/335 kB | 233/240 kB
Progress (5): 1.4/1.5 MB | 1.2/2.7 MB | 778 kB | 282/335 kB | 237/240 kB
Progress (5): 1.4/1.5 MB | 1.2/2.7 MB | 778 kB | 282/335 kB | 240 kB    
Progress (5): 1.4/1.5 MB | 1.2/2.7 MB | 778 kB | 282/335 kB | 240 kB
Progress (5): 1.5/1.5 MB | 1.2/2.7 MB | 778 kB | 282/335 kB | 240 kB
Progress (5): 1.5/1.5 MB | 1.2/2.7 MB | 778 kB | 282/335 kB | 240 kB
Progress (5): 1.5/1.5 MB | 1.2/2.7 MB | 778 kB | 282/335 kB | 240 kB
Progress (5): 1.5/1.5 MB | 1.2/2.7 MB | 778 kB | 282/335 kB | 240 kB
Progress (5): 1.5/1.5 MB | 1.2/2.7 MB | 778 kB | 282/335 kB | 240 kB
Progress (5): 1.5/1.5 MB | 1.2/2.7 MB | 778 kB | 282/335 kB | 240 kB
Progress (5): 1.5/1.5 MB | 1.2/2.7 MB | 778 kB | 282/335 kB | 240 kB
Progress (5): 1.5/1.5 MB | 1.2/2.7 MB | 778 kB | 282/335 kB | 240 kB
Progress (5): 1.5 MB | 1.2/2.7 MB | 778 kB | 282/335 kB | 240 kB    
Progress (5): 1.5 MB | 1.2/2.7 MB | 778 kB | 286/335 kB | 240 kB
Progress (5): 1.5 MB | 1.2/2.7 MB | 778 kB | 290/335 kB | 240 kB
Progress (5): 1.5 MB | 1.2/2.7 MB | 778 kB | 290/335 kB | 240 kB
Progress (5): 1.5 MB | 1.2/2.7 MB | 778 kB | 295/335 kB | 240 kB
Progress (5): 1.5 MB | 1.2/2.7 MB | 778 kB | 299/335 kB | 240 kB
Progress (5): 1.5 MB | 1.2/2.7 MB | 778 kB | 303/335 kB | 240 kB
Progress (5): 1.5 MB | 1.2/2.7 MB | 778 kB | 307/335 kB | 240 kB
Progress (5): 1.5 MB | 1.2/2.7 MB | 778 kB | 307/335 kB | 240 kB
Progress (5): 1.5 MB | 1.2/2.7 MB | 778 kB | 311/335 kB | 240 kB
Progress (5): 1.5 MB | 1.2/2.7 MB | 778 kB | 315/335 kB | 240 kB
Progress (5): 1.5 MB | 1.2/2.7 MB | 778 kB | 319/335 kB | 240 kB
Progress (5): 1.5 MB | 1.2/2.7 MB | 778 kB | 323/335 kB | 240 kB
Progress (5): 1.5 MB | 1.2/2.7 MB | 778 kB | 327/335 kB | 240 kB
Progress (5): 1.5 MB | 1.2/2.7 MB | 778 kB | 331/335 kB | 240 kB
Progress (5): 1.5 MB | 1.3/2.7 MB | 778 kB | 331/335 kB | 240 kB
Progress (5): 1.5 MB | 1.3/2.7 MB | 778 kB | 331/335 kB | 240 kB
Progress (5): 1.5 MB | 1.3/2.7 MB | 778 kB | 335 kB | 240 kB    
                                                            
Downloaded from central: https://repo.maven.apache.org/maven2/net/java/dev/jna/jna/5.5.0/jna-5.5.0.jar (1.5 MB at 12 MB/s)
Downloaded from central: https://repo.maven.apache.org/maven2/org/apache/httpcomponents/httpclient/4.5.12/httpclient-4.5.12.jar (778 kB at 5.9 MB/s)
Downloading from central: https://repo.maven.apache.org/maven2/org/apache/maven/shared/maven-common-artifact-filters/3.1.0/maven-common-artifact-filters-3.1.0.jar
Downloaded from central: https://repo.maven.apache.org/maven2/org/springframework/boot/spring-boot-loader-tools/2.3.2.RELEASE/spring-boot-loader-tools-2.3.2.RELEASE.jar (240 kB at 1.8 MB/s)
Downloading from central: https://repo.maven.apache.org/maven2/org/codehaus/plexus/plexus-component-annotations/1.5.5/plexus-component-annotations-1.5.5.jar
Progress (2): 1.3/2.7 MB | 335 kB
Progress (2): 1.3/2.7 MB | 335 kB
                                 
Downloaded from central: https://repo.maven.apache.org/maven2/commons-codec/commons-codec/1.11/commons-codec-1.11.jar (335 kB at 2.5 MB/s)
Downloading from central: https://repo.maven.apache.org/maven2/org/apache/maven/maven-plugin-api/3.6.3/maven-plugin-api-3.6.3.jar
Downloading from central: https://repo.maven.apache.org/maven2/org/apache/maven/shared/maven-shared-utils/3.1.0/maven-shared-utils-3.1.0.jar
Progress (2): 1.3/2.7 MB | 4.1/61 kB
Progress (3): 1.3/2.7 MB | 4.1/61 kB | 4.1/4.2 kB
Progress (3): 1.3/2.7 MB | 8.2/61 kB | 4.1/4.2 kB
Progress (3): 1.3/2.7 MB | 8.2/61 kB | 4.2 kB    
Progress (3): 1.3/2.7 MB | 12/61 kB | 4.2 kB 
Progress (3): 1.3/2.7 MB | 16/61 kB | 4.2 kB
Progress (3): 1.3/2.7 MB | 20/61 kB | 4.2 kB
Progress (3): 1.3/2.7 MB | 25/61 kB | 4.2 kB
Progress (3): 1.3/2.7 MB | 29/61 kB | 4.2 kB
Progress (3): 1.3/2.7 MB | 33/61 kB | 4.2 kB
Progress (3): 1.3/2.7 MB | 37/61 kB | 4.2 kB
Progress (3): 1.3/2.7 MB | 41/61 kB | 4.2 kB
Progress (3): 1.3/2.7 MB | 45/61 kB | 4.2 kB
Progress (3): 1.3/2.7 MB | 49/61 kB | 4.2 kB
Progress (3): 1.3/2.7 MB | 53/61 kB | 4.2 kB
Progress (3): 1.3/2.7 MB | 57/61 kB | 4.2 kB
Progress (3): 1.3/2.7 MB | 61 kB | 4.2 kB   
Progress (4): 1.3/2.7 MB | 61 kB | 4.2 kB | 4.1/47 kB
                                                     
Downloaded from central: https://repo.maven.apache.org/maven2/org/codehaus/plexus/plexus-component-annotations/1.5.5/plexus-component-annotations-1.5.5.jar (4.2 kB at 31 kB/s)
Downloading from central: https://repo.maven.apache.org/maven2/org/eclipse/sisu/org.eclipse.sisu.plexus/0.3.4/org.eclipse.sisu.plexus-0.3.4.jar
Progress (3): 1.3/2.7 MB | 61 kB | 8.2/47 kB
Progress (3): 1.3/2.7 MB | 61 kB | 12/47 kB 
Progress (3): 1.3/2.7 MB | 61 kB | 16/47 kB
Progress (3): 1.3/2.7 MB | 61 kB | 20/47 kB
Progress (3): 1.3/2.7 MB | 61 kB | 25/47 kB
Progress (3): 1.3/2.7 MB | 61 kB | 29/47 kB
Progress (3): 1.3/2.7 MB | 61 kB | 33/47 kB
Progress (3): 1.3/2.7 MB | 61 kB | 37/47 kB
Progress (3): 1.3/2.7 MB | 61 kB | 41/47 kB
Progress (3): 1.3/2.7 MB | 61 kB | 45/47 kB
Progress (3): 1.3/2.7 MB | 61 kB | 47 kB   
Progress (3): 1.3/2.7 MB | 61 kB | 47 kB
Progress (3): 1.3/2.7 MB | 61 kB | 47 kB
                                        
Downloaded from central: https://repo.maven.apache.org/maven2/org/apache/maven/shared/maven-common-artifact-filters/3.1.0/maven-common-artifact-filters-3.1.0.jar (61 kB at 441 kB/s)
Downloading from central: https://repo.maven.apache.org/maven2/javax/enterprise/cdi-api/1.0/cdi-api-1.0.jar
Progress (3): 1.3/2.7 MB | 47 kB | 4.1/205 kB
Progress (3): 1.3/2.7 MB | 47 kB | 8.2/205 kB
Progress (3): 1.3/2.7 MB | 47 kB | 12/205 kB 
Progress (3): 1.3/2.7 MB | 47 kB | 16/205 kB
Progress (3): 1.3/2.7 MB | 47 kB | 20/205 kB
Progress (3): 1.3/2.7 MB | 47 kB | 25/205 kB
Progress (3): 1.3/2.7 MB | 47 kB | 29/205 kB
                                            
Downloaded from central: https://repo.maven.apache.org/maven2/org/apache/maven/maven-plugin-api/3.6.3/maven-plugin-api-3.6.3.jar (47 kB at 336 kB/s)
Downloading from central: https://repo.maven.apache.org/maven2/javax/annotation/jsr250-api/1.0/jsr250-api-1.0.jar
Progress (3): 1.3/2.7 MB | 29/205 kB | 4.1/164 kB
Progress (3): 1.3/2.7 MB | 29/205 kB | 8.2/164 kB
Progress (3): 1.3/2.7 MB | 29/205 kB | 12/164 kB 
Progress (3): 1.3/2.7 MB | 29/205 kB | 16/164 kB
Progress (3): 1.3/2.7 MB | 29/205 kB | 20/164 kB
Progress (3): 1.3/2.7 MB | 29/205 kB | 24/164 kB
Progress (3): 1.3/2.7 MB | 29/205 kB | 28/164 kB
Progress (3): 1.3/2.7 MB | 29/205 kB | 32/164 kB
Progress (3): 1.3/2.7 MB | 29/205 kB | 36/164 kB
Progress (3): 1.3/2.7 MB | 29/205 kB | 40/164 kB
Progress (3): 1.3/2.7 MB | 29/205 kB | 45/164 kB
Progress (3): 1.3/2.7 MB | 29/205 kB | 49/164 kB
Progress (3): 1.3/2.7 MB | 29/205 kB | 53/164 kB
Progress (3): 1.3/2.7 MB | 29/205 kB | 57/164 kB
Progress (3): 1.3/2.7 MB | 29/205 kB | 61/164 kB
Progress (3): 1.3/2.7 MB | 29/205 kB | 65/164 kB
Progress (3): 1.3/2.7 MB | 29/205 kB | 69/164 kB
Progress (3): 1.3/2.7 MB | 29/205 kB | 73/164 kB
Progress (3): 1.3/2.7 MB | 29/205 kB | 77/164 kB
Progress (3): 1.3/2.7 MB | 29/205 kB | 81/164 kB
Progress (3): 1.3/2.7 MB | 29/205 kB | 86/164 kB
Progress (3): 1.3/2.7 MB | 29/205 kB | 90/164 kB
Progress (3): 1.3/2.7 MB | 29/205 kB | 94/164 kB
Progress (3): 1.3/2.7 MB | 29/205 kB | 98/164 kB
Progress (3): 1.3/2.7 MB | 29/205 kB | 102/164 kB
Progress (3): 1.3/2.7 MB | 29/205 kB | 106/164 kB
Progress (3): 1.3/2.7 MB | 29/205 kB | 110/164 kB
Progress (3): 1.3/2.7 MB | 29/205 kB | 114/164 kB
Progress (3): 1.3/2.7 MB | 29/205 kB | 118/164 kB
Progress (3): 1.3/2.7 MB | 29/205 kB | 122/164 kB
Progress (3): 1.3/2.7 MB | 29/205 kB | 126/164 kB
Progress (3): 1.3/2.7 MB | 29/205 kB | 131/164 kB
Progress (3): 1.3/2.7 MB | 29/205 kB | 135/164 kB
Progress (3): 1.3/2.7 MB | 29/205 kB | 139/164 kB
Progress (3): 1.3/2.7 MB | 29/205 kB | 143/164 kB
Progress (3): 1.3/2.7 MB | 29/205 kB | 147/164 kB
Progress (3): 1.3/2.7 MB | 29/205 kB | 151/164 kB
Progress (3): 1.3/2.7 MB | 29/205 kB | 155/164 kB
Progress (3): 1.3/2.7 MB | 29/205 kB | 159/164 kB
Progress (3): 1.3/2.7 MB | 29/205 kB | 163/164 kB
Progress (3): 1.3/2.7 MB | 29/205 kB | 164 kB    
Progress (3): 1.3/2.7 MB | 29/205 kB | 164 kB
Progress (3): 1.3/2.7 MB | 33/205 kB | 164 kB
Progress (4): 1.3/2.7 MB | 33/205 kB | 164 kB | 4.1/5.8 kB
Progress (4): 1.3/2.7 MB | 33/205 kB | 164 kB | 5.8 kB    
Progress (4): 1.3/2.7 MB | 37/205 kB | 164 kB | 5.8 kB
Progress (5): 1.3/2.7 MB | 37/205 kB | 164 kB | 5.8 kB | 4.1/45 kB
Progress (5): 1.3/2.7 MB | 41/205 kB | 164 kB | 5.8 kB | 4.1/45 kB
Progress (5): 1.3/2.7 MB | 45/205 kB | 164 kB | 5.8 kB | 4.1/45 kB
Progress (5): 1.3/2.7 MB | 45/205 kB | 164 kB | 5.8 kB | 8.2/45 kB
Progress (5): 1.3/2.7 MB | 49/205 kB | 164 kB | 5.8 kB | 8.2/45 kB
Progress (5): 1.3/2.7 MB | 49/205 kB | 164 kB | 5.8 kB | 12/45 kB 
Progress (5): 1.3/2.7 MB | 49/205 kB | 164 kB | 5.8 kB | 16/45 kB
Progress (5): 1.3/2.7 MB | 53/205 kB | 164 kB | 5.8 kB | 16/45 kB
Progress (5): 1.3/2.7 MB | 57/205 kB | 164 kB | 5.8 kB | 16/45 kB
Progress (5): 1.3/2.7 MB | 57/205 kB | 164 kB | 5.8 kB | 20/45 kB
Progress (5): 1.3/2.7 MB | 61/205 kB | 164 kB | 5.8 kB | 20/45 kB
Progress (5): 1.3/2.7 MB | 61/205 kB | 164 kB | 5.8 kB | 25/45 kB
Progress (5): 1.3/2.7 MB | 66/205 kB | 164 kB | 5.8 kB | 25/45 kB
Progress (5): 1.3/2.7 MB | 66/205 kB | 164 kB | 5.8 kB | 29/45 kB
Progress (5): 1.3/2.7 MB | 66/205 kB | 164 kB | 5.8 kB | 33/45 kB
Progress (5): 1.3/2.7 MB | 70/205 kB | 164 kB | 5.8 kB | 33/45 kB
Progress (5): 1.3/2.7 MB | 70/205 kB | 164 kB | 5.8 kB | 37/45 kB
Progress (5): 1.3/2.7 MB | 70/205 kB | 164 kB | 5.8 kB | 41/45 kB
Progress (5): 1.3/2.7 MB | 74/205 kB | 164 kB | 5.8 kB | 41/45 kB
Progress (5): 1.3/2.7 MB | 74/205 kB | 164 kB | 5.8 kB | 45 kB   
Progress (5): 1.3/2.7 MB | 78/205 kB | 164 kB | 5.8 kB | 45 kB
Progress (5): 1.3/2.7 MB | 82/205 kB | 164 kB | 5.8 kB | 45 kB
Progress (5): 1.3/2.7 MB | 86/205 kB | 164 kB | 5.8 kB | 45 kB
Progress (5): 1.3/2.7 MB | 90/205 kB | 164 kB | 5.8 kB | 45 kB
Progress (5): 1.3/2.7 MB | 94/205 kB | 164 kB | 5.8 kB | 45 kB
Progress (5): 1.3/2.7 MB | 98/205 kB | 164 kB | 5.8 kB | 45 kB
Progress (5): 1.3/2.7 MB | 102/205 kB | 164 kB | 5.8 kB | 45 kB
Progress (5): 1.3/2.7 MB | 106/205 kB | 164 kB | 5.8 kB | 45 kB
Progress (5): 1.3/2.7 MB | 111/205 kB | 164 kB | 5.8 kB | 45 kB
Progress (5): 1.3/2.7 MB | 115/205 kB | 164 kB | 5.8 kB | 45 kB
Progress (5): 1.3/2.7 MB | 119/205 kB | 164 kB | 5.8 kB | 45 kB
Progress (5): 1.3/2.7 MB | 123/205 kB | 164 kB | 5.8 kB | 45 kB
Progress (5): 1.4/2.7 MB | 123/205 kB | 164 kB | 5.8 kB | 45 kB
Progress (5): 1.4/2.7 MB | 127/205 kB | 164 kB | 5.8 kB | 45 kB
Progress (5): 1.4/2.7 MB | 131/205 kB | 164 kB | 5.8 kB | 45 kB
Progress (5): 1.4/2.7 MB | 135/205 kB | 164 kB | 5.8 kB | 45 kB
Progress (5): 1.4/2.7 MB | 139/205 kB | 164 kB | 5.8 kB | 45 kB
Progress (5): 1.4/2.7 MB | 139/205 kB | 164 kB | 5.8 kB | 45 kB
Progress (5): 1.4/2.7 MB | 143/205 kB | 164 kB | 5.8 kB | 45 kB
Progress (5): 1.4/2.7 MB | 147/205 kB | 164 kB | 5.8 kB | 45 kB
Progress (5): 1.4/2.7 MB | 152/205 kB | 164 kB | 5.8 kB | 45 kB
Progress (5): 1.4/2.7 MB | 156/205 kB | 164 kB | 5.8 kB | 45 kB
Progress (5): 1.4/2.7 MB | 160/205 kB | 164 kB | 5.8 kB | 45 kB
Progress (5): 1.4/2.7 MB | 164/205 kB | 164 kB | 5.8 kB | 45 kB
Progress (5): 1.4/2.7 MB | 168/205 kB | 164 kB | 5.8 kB | 45 kB
                                                               
Downloaded from central: https://repo.maven.apache.org/maven2/javax/enterprise/cdi-api/1.0/cdi-api-1.0.jar (45 kB at 299 kB/s)
Progress (4): 1.4/2.7 MB | 172/205 kB | 164 kB | 5.8 kB
Progress (4): 1.4/2.7 MB | 176/205 kB | 164 kB | 5.8 kB
Progress (4): 1.4/2.7 MB | 180/205 kB | 164 kB | 5.8 kB
Progress (4): 1.4/2.7 MB | 184/205 kB | 164 kB | 5.8 kB
Progress (4): 1.4/2.7 MB | 188/205 kB | 164 kB | 5.8 kB
Progress (4): 1.4/2.7 MB | 193/205 kB | 164 kB | 5.8 kB
Progress (4): 1.4/2.7 MB | 197/205 kB | 164 kB | 5.8 kB
                                                       
Downloading from central: https://repo.maven.apache.org/maven2/javax/inject/javax.inject/1/javax.inject-1.jar
Downloaded from central: https://repo.maven.apache.org/maven2/org/apache/maven/shared/maven-shared-utils/3.1.0/maven-shared-utils-3.1.0.jar (164 kB at 1.1 MB/s)
Downloaded from central: https://repo.maven.apache.org/maven2/javax/annotation/jsr250-api/1.0/jsr250-api-1.0.jar (5.8 kB at 39 kB/s)
Downloading from central: https://repo.maven.apache.org/maven2/org/eclipse/sisu/org.eclipse.sisu.inject/0.3.4/org.eclipse.sisu.inject-0.3.4.jar
Progress (2): 1.4/2.7 MB | 201/205 kB
Progress (2): 1.4/2.7 MB | 205/205 kB
Progress (2): 1.4/2.7 MB | 205 kB    
Progress (2): 1.4/2.7 MB | 205 kB
Progress (2): 1.4/2.7 MB | 205 kB
Progress (2): 1.4/2.7 MB | 205 kB
Progress (3): 1.4/2.7 MB | 205 kB | 2.5 kB
                                          
Downloaded from central: https://repo.maven.apache.org/maven2/org/eclipse/sisu/org.eclipse.sisu.plexus/0.3.4/org.eclipse.sisu.plexus-0.3.4.jar (205 kB at 1.3 MB/s)
Downloading from central: https://repo.maven.apache.org/maven2/org/codehaus/plexus/plexus-utils/3.2.1/plexus-utils-3.2.1.jar
Progress (3): 1.4/2.7 MB | 2.5 kB | 4.1/379 kB
Progress (3): 1.4/2.7 MB | 2.5 kB | 8.2/379 kB
Progress (3): 1.4/2.7 MB | 2.5 kB | 12/379 kB 
Progress (3): 1.4/2.7 MB | 2.5 kB | 16/379 kB
Progress (3): 1.4/2.7 MB | 2.5 kB | 20/379 kB
Progress (3): 1.4/2.7 MB | 2.5 kB | 25/379 kB
Progress (3): 1.4/2.7 MB | 2.5 kB | 29/379 kB
Progress (3): 1.4/2.7 MB | 2.5 kB | 33/379 kB
Progress (3): 1.4/2.7 MB | 2.5 kB | 37/379 kB
Progress (3): 1.4/2.7 MB | 2.5 kB | 41/379 kB
Progress (3): 1.4/2.7 MB | 2.5 kB | 45/379 kB
Progress (3): 1.4/2.7 MB | 2.5 kB | 49/379 kB
Progress (3): 1.4/2.7 MB | 2.5 kB | 53/379 kB
Progress (3): 1.4/2.7 MB | 2.5 kB | 57/379 kB
Progress (3): 1.4/2.7 MB | 2.5 kB | 61/379 kB
Progress (3): 1.4/2.7 MB | 2.5 kB | 66/379 kB
Progress (3): 1.4/2.7 MB | 2.5 kB | 70/379 kB
Progress (3): 1.4/2.7 MB | 2.5 kB | 74/379 kB
Progress (3): 1.4/2.7 MB | 2.5 kB | 78/379 kB
Progress (3): 1.4/2.7 MB | 2.5 kB | 82/379 kB
Progress (3): 1.4/2.7 MB | 2.5 kB | 86/379 kB
Progress (3): 1.4/2.7 MB | 2.5 kB | 90/379 kB
Progress (3): 1.4/2.7 MB | 2.5 kB | 94/379 kB
Progress (3): 1.4/2.7 MB | 2.5 kB | 98/379 kB
Progress (3): 1.4/2.7 MB | 2.5 kB | 102/379 kB
Progress (3): 1.4/2.7 MB | 2.5 kB | 106/379 kB
Progress (3): 1.4/2.7 MB | 2.5 kB | 111/379 kB
Progress (3): 1.4/2.7 MB | 2.5 kB | 115/379 kB
Progress (3): 1.4/2.7 MB | 2.5 kB | 119/379 kB
                                              
Downloaded from central: https://repo.maven.apache.org/maven2/javax/inject/javax.inject/1/javax.inject-1.jar (2.5 kB at 16 kB/s)
Progress (2): 1.4/2.7 MB | 119/379 kB
Progress (2): 1.5/2.7 MB | 119/379 kB
Progress (2): 1.5/2.7 MB | 119/379 kB
Progress (2): 1.5/2.7 MB | 119/379 kB
Progress (2): 1.5/2.7 MB | 119/379 kB
Progress (2): 1.5/2.7 MB | 119/379 kB
Progress (2): 1.5/2.7 MB | 119/379 kB
Progress (2): 1.6/2.7 MB | 119/379 kB
Progress (3): 1.6/2.7 MB | 119/379 kB | 4.1/262 kB
                                                  
Downloading from central: https://repo.maven.apache.org/maven2/org/codehaus/plexus/plexus-classworlds/2.6.0/plexus-classworlds-2.6.0.jar
Progress (3): 1.6/2.7 MB | 119/379 kB | 8.2/262 kB
Progress (3): 1.6/2.7 MB | 119/379 kB | 12/262 kB 
Progress (3): 1.6/2.7 MB | 119/379 kB | 16/262 kB
Progress (3): 1.6/2.7 MB | 119/379 kB | 20/262 kB
Progress (3): 1.6/2.7 MB | 119/379 kB | 25/262 kB
Progress (3): 1.6/2.7 MB | 123/379 kB | 25/262 kB
Progress (3): 1.6/2.7 MB | 123/379 kB | 29/262 kB
Progress (3): 1.6/2.7 MB | 127/379 kB | 29/262 kB
Progress (3): 1.6/2.7 MB | 127/379 kB | 33/262 kB
Progress (3): 1.6/2.7 MB | 127/379 kB | 37/262 kB
Progress (3): 1.6/2.7 MB | 127/379 kB | 41/262 kB
Progress (3): 1.6/2.7 MB | 127/379 kB | 45/262 kB
Progress (3): 1.6/2.7 MB | 127/379 kB | 49/262 kB
Progress (3): 1.6/2.7 MB | 127/379 kB | 53/262 kB
Progress (3): 1.6/2.7 MB | 127/379 kB | 57/262 kB
Progress (3): 1.6/2.7 MB | 127/379 kB | 61/262 kB
Progress (3): 1.6/2.7 MB | 127/379 kB | 66/262 kB
Progress (3): 1.6/2.7 MB | 127/379 kB | 70/262 kB
Progress (3): 1.6/2.7 MB | 127/379 kB | 74/262 kB
Progress (3): 1.6/2.7 MB | 127/379 kB | 78/262 kB
Progress (3): 1.6/2.7 MB | 127/379 kB | 82/262 kB
Progress (3): 1.6/2.7 MB | 127/379 kB | 86/262 kB
Progress (3): 1.6/2.7 MB | 127/379 kB | 90/262 kB
Progress (3): 1.6/2.7 MB | 127/379 kB | 94/262 kB
Progress (3): 1.6/2.7 MB | 127/379 kB | 98/262 kB
Progress (3): 1.6/2.7 MB | 127/379 kB | 102/262 kB
Progress (3): 1.6/2.7 MB | 127/379 kB | 106/262 kB
Progress (3): 1.6/2.7 MB | 131/379 kB | 106/262 kB
Progress (3): 1.6/2.7 MB | 131/379 kB | 111/262 kB
Progress (3): 1.6/2.7 MB | 131/379 kB | 115/262 kB
Progress (3): 1.6/2.7 MB | 135/379 kB | 115/262 kB
Progress (3): 1.6/2.7 MB | 139/379 kB | 115/262 kB
Progress (3): 1.6/2.7 MB | 139/379 kB | 119/262 kB
Progress (3): 1.6/2.7 MB | 139/379 kB | 123/262 kB
Progress (3): 1.6/2.7 MB | 139/379 kB | 127/262 kB
Progress (3): 1.6/2.7 MB | 139/379 kB | 131/262 kB
Progress (3): 1.6/2.7 MB | 139/379 kB | 135/262 kB
Progress (3): 1.6/2.7 MB | 139/379 kB | 139/262 kB
Progress (3): 1.6/2.7 MB | 139/379 kB | 143/262 kB
Progress (3): 1.6/2.7 MB | 139/379 kB | 147/262 kB
Progress (3): 1.6/2.7 MB | 139/379 kB | 152/262 kB
Progress (3): 1.6/2.7 MB | 139/379 kB | 156/262 kB
Progress (3): 1.6/2.7 MB | 139/379 kB | 160/262 kB
Progress (3): 1.6/2.7 MB | 139/379 kB | 164/262 kB
Progress (3): 1.6/2.7 MB | 139/379 kB | 168/262 kB
Progress (3): 1.6/2.7 MB | 139/379 kB | 172/262 kB
Progress (3): 1.6/2.7 MB | 139/379 kB | 176/262 kB
Progress (3): 1.6/2.7 MB | 139/379 kB | 180/262 kB
Progress (3): 1.6/2.7 MB | 139/379 kB | 184/262 kB
Progress (3): 1.6/2.7 MB | 139/379 kB | 188/262 kB
Progress (3): 1.6/2.7 MB | 139/379 kB | 193/262 kB
Progress (3): 1.6/2.7 MB | 139/379 kB | 197/262 kB
Progress (3): 1.6/2.7 MB | 139/379 kB | 201/262 kB
Progress (3): 1.6/2.7 MB | 139/379 kB | 205/262 kB
Progress (3): 1.6/2.7 MB | 139/379 kB | 209/262 kB
Progress (3): 1.6/2.7 MB | 139/379 kB | 213/262 kB
Progress (3): 1.6/2.7 MB | 139/379 kB | 213/262 kB
Progress (4): 1.6/2.7 MB | 139/379 kB | 213/262 kB | 4.1/53 kB
Progress (4): 1.6/2.7 MB | 139/379 kB | 213/262 kB | 8.2/53 kB
Progress (4): 1.6/2.7 MB | 139/379 kB | 213/262 kB | 12/53 kB 
Progress (4): 1.6/2.7 MB | 139/379 kB | 213/262 kB | 16/53 kB
Progress (4): 1.6/2.7 MB | 139/379 kB | 213/262 kB | 16/53 kB
Progress (4): 1.6/2.7 MB | 139/379 kB | 213/262 kB | 20/53 kB
Progress (4): 1.6/2.7 MB | 139/379 kB | 213/262 kB | 25/53 kB
Progress (4): 1.6/2.7 MB | 139/379 kB | 213/262 kB | 29/53 kB
Progress (4): 1.6/2.7 MB | 139/379 kB | 213/262 kB | 33/53 kB
Progress (4): 1.6/2.7 MB | 139/379 kB | 213/262 kB | 33/53 kB
Progress (4): 1.6/2.7 MB | 139/379 kB | 213/262 kB | 37/53 kB
Progress (4): 1.6/2.7 MB | 139/379 kB | 213/262 kB | 41/53 kB
Progress (4): 1.6/2.7 MB | 139/379 kB | 213/262 kB | 45/53 kB
Progress (4): 1.6/2.7 MB | 139/379 kB | 213/262 kB | 49/53 kB
Progress (4): 1.6/2.7 MB | 139/379 kB | 213/262 kB | 49/53 kB
Progress (4): 1.6/2.7 MB | 139/379 kB | 213/262 kB | 53 kB   
Progress (4): 1.6/2.7 MB | 139/379 kB | 213/262 kB | 53 kB
Progress (4): 1.6/2.7 MB | 143/379 kB | 213/262 kB | 53 kB
Progress (4): 1.6/2.7 MB | 147/379 kB | 213/262 kB | 53 kB
Progress (4): 1.7/2.7 MB | 147/379 kB | 213/262 kB | 53 kB
Progress (4): 1.7/2.7 MB | 152/379 kB | 213/262 kB | 53 kB
Progress (4): 1.7/2.7 MB | 156/379 kB | 213/262 kB | 53 kB
Progress (4): 1.7/2.7 MB | 160/379 kB | 213/262 kB | 53 kB
Progress (4): 1.7/2.7 MB | 164/379 kB | 213/262 kB | 53 kB
Progress (4): 1.7/2.7 MB | 164/379 kB | 213/262 kB | 53 kB
Progress (4): 1.7/2.7 MB | 168/379 kB | 213/262 kB | 53 kB
Progress (4): 1.7/2.7 MB | 172/379 kB | 213/262 kB | 53 kB
Progress (4): 1.7/2.7 MB | 176/379 kB | 213/262 kB | 53 kB
Progress (4): 1.7/2.7 MB | 180/379 kB | 213/262 kB | 53 kB
Progress (4): 1.7/2.7 MB | 180/379 kB | 213/262 kB | 53 kB
Progress (4): 1.7/2.7 MB | 180/379 kB | 213/262 kB | 53 kB
Progress (4): 1.7/2.7 MB | 180/379 kB | 213/262 kB | 53 kB
Progress (4): 1.7/2.7 MB | 180/379 kB | 213/262 kB | 53 kB
Progress (4): 1.7/2.7 MB | 180/379 kB | 217/262 kB | 53 kB
Progress (4): 1.7/2.7 MB | 184/379 kB | 217/262 kB | 53 kB
Progress (4): 1.7/2.7 MB | 184/379 kB | 221/262 kB | 53 kB
Progress (4): 1.7/2.7 MB | 188/379 kB | 221/262 kB | 53 kB
Progress (4): 1.7/2.7 MB | 188/379 kB | 225/262 kB | 53 kB
Progress (4): 1.7/2.7 MB | 188/379 kB | 229/262 kB | 53 kB
Progress (4): 1.7/2.7 MB | 193/379 kB | 229/262 kB | 53 kB
Progress (4): 1.7/2.7 MB | 197/379 kB | 229/262 kB | 53 kB
Progress (4): 1.7/2.7 MB | 197/379 kB | 233/262 kB | 53 kB
Progress (4): 1.7/2.7 MB | 201/379 kB | 233/262 kB | 53 kB
Progress (4): 1.7/2.7 MB | 205/379 kB | 233/262 kB | 53 kB
Progress (4): 1.7/2.7 MB | 205/379 kB | 238/262 kB | 53 kB
Progress (4): 1.7/2.7 MB | 205/379 kB | 242/262 kB | 53 kB
Progress (4): 1.7/2.7 MB | 205/379 kB | 246/262 kB | 53 kB
Progress (4): 1.7/2.7 MB | 205/379 kB | 250/262 kB | 53 kB
Progress (4): 1.7/2.7 MB | 209/379 kB | 250/262 kB | 53 kB
Progress (4): 1.7/2.7 MB | 209/379 kB | 254/262 kB | 53 kB
Progress (4): 1.7/2.7 MB | 213/379 kB | 254/262 kB | 53 kB
Progress (4): 1.7/2.7 MB | 213/379 kB | 258/262 kB | 53 kB
Progress (4): 1.7/2.7 MB | 217/379 kB | 258/262 kB | 53 kB
Progress (4): 1.8/2.7 MB | 217/379 kB | 258/262 kB | 53 kB
                                                          
Downloaded from central: https://repo.maven.apache.org/maven2/org/codehaus/plexus/plexus-classworlds/2.6.0/plexus-classworlds-2.6.0.jar (53 kB at 306 kB/s)
Progress (3): 1.8/2.7 MB | 221/379 kB | 258/262 kB
Progress (3): 1.8/2.7 MB | 221/379 kB | 262 kB    
Progress (3): 1.8/2.7 MB | 225/379 kB | 262 kB
Progress (3): 1.8/2.7 MB | 229/379 kB | 262 kB
Progress (3): 1.8/2.7 MB | 233/379 kB | 262 kB
Progress (3): 1.8/2.7 MB | 238/379 kB | 262 kB
Progress (3): 1.8/2.7 MB | 242/379 kB | 262 kB
Progress (3): 1.8/2.7 MB | 246/379 kB | 262 kB
Progress (3): 1.8/2.7 MB | 250/379 kB | 262 kB
Progress (3): 1.8/2.7 MB | 254/379 kB | 262 kB
Progress (3): 1.8/2.7 MB | 258/379 kB | 262 kB
Progress (3): 1.8/2.7 MB | 262/379 kB | 262 kB
Progress (3): 1.8/2.7 MB | 262/379 kB | 262 kB
Progress (3): 1.8/2.7 MB | 266/379 kB | 262 kB
Progress (3): 1.8/2.7 MB | 270/379 kB | 262 kB
Progress (3): 1.8/2.7 MB | 274/379 kB | 262 kB
Progress (3): 1.8/2.7 MB | 279/379 kB | 262 kB
Progress (3): 1.8/2.7 MB | 279/379 kB | 262 kB
Progress (3): 1.8/2.7 MB | 283/379 kB | 262 kB
Progress (3): 1.8/2.7 MB | 287/379 kB | 262 kB
Progress (3): 1.8/2.7 MB | 291/379 kB | 262 kB
Progress (3): 1.8/2.7 MB | 295/379 kB | 262 kB
Progress (3): 1.8/2.7 MB | 295/379 kB | 262 kB
Progress (3): 1.8/2.7 MB | 299/379 kB | 262 kB
Progress (3): 1.8/2.7 MB | 303/379 kB | 262 kB
Progress (3): 1.8/2.7 MB | 307/379 kB | 262 kB
Progress (3): 1.8/2.7 MB | 311/379 kB | 262 kB
Progress (3): 1.8/2.7 MB | 311/379 kB | 262 kB
Progress (3): 1.8/2.7 MB | 315/379 kB | 262 kB
Progress (3): 1.8/2.7 MB | 319/379 kB | 262 kB
Progress (3): 1.8/2.7 MB | 324/379 kB | 262 kB
Progress (3): 1.8/2.7 MB | 328/379 kB | 262 kB
Progress (3): 1.8/2.7 MB | 332/379 kB | 262 kB
Progress (3): 1.8/2.7 MB | 336/379 kB | 262 kB
Progress (3): 1.8/2.7 MB | 340/379 kB | 262 kB
Progress (3): 1.8/2.7 MB | 344/379 kB | 262 kB
Progress (3): 1.8/2.7 MB | 348/379 kB | 262 kB
                                              
Downloaded from central: https://repo.maven.apache.org/maven2/org/codehaus/plexus/plexus-utils/3.2.1/plexus-utils-3.2.1.jar (262 kB at 1.5 MB/s)
Progress (2): 1.8/2.7 MB | 348/379 kB
Progress (2): 1.9/2.7 MB | 348/379 kB
Progress (2): 1.9/2.7 MB | 348/379 kB
Progress (2): 1.9/2.7 MB | 348/379 kB
Progress (2): 1.9/2.7 MB | 352/379 kB
Progress (2): 1.9/2.7 MB | 356/379 kB
Progress (2): 1.9/2.7 MB | 356/379 kB
Progress (2): 1.9/2.7 MB | 356/379 kB
Progress (2): 1.9/2.7 MB | 356/379 kB
Progress (2): 2.0/2.7 MB | 356/379 kB
Progress (2): 2.0/2.7 MB | 356/379 kB
Progress (2): 2.0/2.7 MB | 356/379 kB
Progress (2): 2.0/2.7 MB | 356/379 kB
Progress (2): 2.0/2.7 MB | 356/379 kB
Progress (2): 2.0/2.7 MB | 356/379 kB
Progress (2): 2.1/2.7 MB | 356/379 kB
Progress (2): 2.1/2.7 MB | 356/379 kB
Progress (2): 2.1/2.7 MB | 356/379 kB
Progress (2): 2.1/2.7 MB | 356/379 kB
Progress (2): 2.1/2.7 MB | 356/379 kB
Progress (2): 2.1/2.7 MB | 356/379 kB
Progress (2): 2.2/2.7 MB | 356/379 kB
Progress (2): 2.2/2.7 MB | 356/379 kB
Progress (2): 2.2/2.7 MB | 356/379 kB
Progress (2): 2.2/2.7 MB | 356/379 kB
Progress (2): 2.2/2.7 MB | 356/379 kB
Progress (2): 2.2/2.7 MB | 356/379 kB
Progress (2): 2.3/2.7 MB | 356/379 kB
Progress (2): 2.3/2.7 MB | 356/379 kB
Progress (2): 2.3/2.7 MB | 356/379 kB
Progress (2): 2.3/2.7 MB | 356/379 kB
Progress (2): 2.3/2.7 MB | 356/379 kB
Progress (2): 2.3/2.7 MB | 356/379 kB
Progress (2): 2.4/2.7 MB | 356/379 kB
Progress (2): 2.4/2.7 MB | 356/379 kB
Progress (2): 2.4/2.7 MB | 356/379 kB
Progress (2): 2.4/2.7 MB | 356/379 kB
Progress (2): 2.4/2.7 MB | 356/379 kB
Progress (2): 2.4/2.7 MB | 360/379 kB
Progress (2): 2.4/2.7 MB | 360/379 kB
Progress (2): 2.4/2.7 MB | 365/379 kB
Progress (2): 2.4/2.7 MB | 369/379 kB
Progress (2): 2.4/2.7 MB | 373/379 kB
Progress (2): 2.4/2.7 MB | 377/379 kB
Progress (2): 2.4/2.7 MB | 379 kB    
Progress (2): 2.5/2.7 MB | 379 kB
Progress (2): 2.5/2.7 MB | 379 kB
Progress (2): 2.5/2.7 MB | 379 kB
Progress (2): 2.5/2.7 MB | 379 kB
Progress (2): 2.5/2.7 MB | 379 kB
Progress (2): 2.5/2.7 MB | 379 kB
Progress (2): 2.6/2.7 MB | 379 kB
Progress (2): 2.6/2.7 MB | 379 kB
                                 
Downloaded from central: https://repo.maven.apache.org/maven2/org/eclipse/sisu/org.eclipse.sisu.inject/0.3.4/org.eclipse.sisu.inject-0.3.4.jar (379 kB at 2.0 MB/s)
Progress (1): 2.6/2.7 MB
Progress (1): 2.6/2.7 MB
Progress (1): 2.6/2.7 MB
Progress (1): 2.6/2.7 MB
Progress (1): 2.7/2.7 MB
Progress (1): 2.7/2.7 MB
Progress (1): 2.7 MB    
                    
Downloaded from central: https://repo.maven.apache.org/maven2/net/java/dev/jna/jna-platform/5.5.0/jna-platform-5.5.0.jar (2.7 MB at 14 MB/s)
[INFO] Replacing main artifact with repackaged archive
[INFO] ------------------------------------------------------------------------
[INFO] BUILD SUCCESS
[INFO] ------------------------------------------------------------------------
[INFO] Total time:  22.421 s
[INFO] Finished at: 2023-10-11T08:25:59Z
[INFO] ------------------------------------------------------------------------
Finished: SUCCESS